{"D:\\Desktop\\FinalNestProject\\nest-platform\\backend\\src\\server.js": {"path":"D:\\Desktop\\FinalNestProject\\nest-platform\\backend\\src\\server.js","statementMap":{"0":{"start":{"line":2,"column":0},"end":{"line":2,"column":15}},"1":{"start":{"line":30,"column":13},"end":{"line":30,"column":37}},"2":{"start":{"line":32,"column":14},"end":{"line":38,"column":1}},"3":{"start":{"line":33,"column":2},"end":{"line":33,"column":20}},"4":{"start":{"line":35,"column":2},"end":{"line":37,"column":5}},"5":{"start":{"line":36,"column":4},"end":{"line":36,"column":45}},"6":{"start":{"line":40,"column":12},"end":{"line":40,"column":21}},"7":{"start":{"line":42,"column":0},"end":{"line":45,"column":4}},"8":{"start":{"line":47,"column":0},"end":{"line":47,"column":48}},"9":{"start":{"line":48,"column":0},"end":{"line":48,"column":23}},"10":{"start":{"line":50,"column":0},"end":{"line":50,"column":32}},"11":{"start":{"line":51,"column":0},"end":{"line":51,"column":34}},"12":{"start":{"line":52,"column":0},"end":{"line":52,"column":34}},"13":{"start":{"line":53,"column":0},"end":{"line":53,"column":40}},"14":{"start":{"line":54,"column":0},"end":{"line":54,"column":36}},"15":{"start":{"line":55,"column":0},"end":{"line":55,"column":38}},"16":{"start":{"line":56,"column":0},"end":{"line":56,"column":33}},"17":{"start":{"line":57,"column":0},"end":{"line":57,"column":41}},"18":{"start":{"line":58,"column":0},"end":{"line":58,"column":50}},"19":{"start":{"line":59,"column":0},"end":{"line":59,"column":40}},"20":{"start":{"line":60,"column":0},"end":{"line":60,"column":36}},"21":{"start":{"line":61,"column":0},"end":{"line":61,"column":43}},"22":{"start":{"line":62,"column":0},"end":{"line":62,"column":45}},"23":{"start":{"line":63,"column":0},"end":{"line":63,"column":49}},"24":{"start":{"line":64,"column":0},"end":{"line":64,"column":50}},"25":{"start":{"line":65,"column":0},"end":{"line":65,"column":55}},"26":{"start":{"line":66,"column":0},"end":{"line":66,"column":44}},"27":{"start":{"line":68,"column":0},"end":{"line":70,"column":2}},"28":{"start":{"line":69,"column":2},"end":{"line":69,"column":47}},"29":{"start":{"line":73,"column":15},"end":{"line":77,"column":2}},"30":{"start":{"line":74,"column":2},"end":{"line":74,"column":46}},"31":{"start":{"line":79,"column":0},"end":{"line":79,"column":19}}},"fnMap":{"0":{"name":"(anonymous_0)","decl":{"start":{"line":32,"column":14},"end":{"line":32,"column":15}},"loc":{"start":{"line":32,"column":26},"end":{"line":38,"column":1}},"line":32},"1":{"name":"(anonymous_1)","decl":{"start":{"line":35,"column":19},"end":{"line":35,"column":20}},"loc":{"start":{"line":35,"column":25},"end":{"line":37,"column":3}},"line":35},"2":{"name":"(anonymous_2)","decl":{"start":{"line":68,"column":12},"end":{"line":68,"column":13}},"loc":{"start":{"line":68,"column":24},"end":{"line":70,"column":1}},"line":68},"3":{"name":"(anonymous_3)","decl":{"start":{"line":73,"column":31},"end":{"line":73,"column":32}},"loc":{"start":{"line":73,"column":35},"end":{"line":77,"column":1}},"line":73}},"branchMap":{"0":{"loc":{"start":{"line":30,"column":13},"end":{"line":30,"column":37}},"type":"binary-expr","locations":[{"start":{"line":30,"column":13},"end":{"line":30,"column":29}},{"start":{"line":30,"column":33},"end":{"line":30,"column":37}}],"line":30}},"s":{"0":1,"1":1,"2":1,"3":0,"4":0,"5":0,"6":1,"7":1,"8":1,"9":1,"10":1,"11":1,"12":1,"13":1,"14":1,"15":1,"16":1,"17":1,"18":1,"19":1,"20":1,"21":1,"22":1,"23":1,"24":1,"25":1,"26":1,"27":1,"28":0,"29":1,"30":1,"31":1},"f":{"0":0,"1":0,"2":0,"3":1},"b":{"0":[1,0]},"_coverageSchema":"1a1c01bbd47fc00a2c39e90264f33305004495a9","hash":"5bbf38b4328d87eb49ffa50d717c6381e4db17c4"}
,"D:\\Desktop\\FinalNestProject\\nest-platform\\backend\\src\\config\\db.js": {"path":"D:\\Desktop\\FinalNestProject\\nest-platform\\backend\\src\\config\\db.js","statementMap":{"0":{"start":{"line":3,"column":18},"end":{"line":11,"column":1}},"1":{"start":{"line":4,"column":2},"end":{"line":10,"column":3}},"2":{"start":{"line":5,"column":4},"end":{"line":5,"column":49}},"3":{"start":{"line":6,"column":4},"end":{"line":6,"column":50}},"4":{"start":{"line":8,"column":4},"end":{"line":8,"column":63}},"5":{"start":{"line":9,"column":4},"end":{"line":9,"column":19}}},"fnMap":{"0":{"name":"(anonymous_0)","decl":{"start":{"line":3,"column":18},"end":{"line":3,"column":19}},"loc":{"start":{"line":3,"column":29},"end":{"line":11,"column":1}},"line":3}},"branchMap":{},"s":{"0":1,"1":0,"2":0,"3":0,"4":0,"5":0},"f":{"0":0},"b":{},"_coverageSchema":"1a1c01bbd47fc00a2c39e90264f33305004495a9","hash":"4a68217c1d757eda2749fcfd501713788fdcdeb0"}
,"D:\\Desktop\\FinalNestProject\\nest-platform\\backend\\src\\config\\socket.js": {"path":"D:\\Desktop\\FinalNestProject\\nest-platform\\backend\\src\\config\\socket.js","statementMap":{"0":{"start":{"line":5,"column":26},"end":{"line":46,"column":1}},"1":{"start":{"line":8,"column":2},"end":{"line":14,"column":5}},"2":{"start":{"line":17,"column":2},"end":{"line":43,"column":5}},"3":{"start":{"line":18,"column":4},"end":{"line":18,"column":46}},"4":{"start":{"line":21,"column":2},"end":{"line":23,"column":5}},"5":{"start":{"line":22,"column":4},"end":{"line":22,"column":24}},"6":{"start":{"line":25,"column":2},"end":{"line":28,"column":7}},"7":{"start":{"line":26,"column":6},"end":{"line":26,"column":58}},"8":{"start":{"line":27,"column":6},"end":{"line":27,"column":34}},"9":{"start":{"line":30,"column":4},"end":{"line":33,"column":7}},"10":{"start":{"line":31,"column":6},"end":{"line":31,"column":29}},"11":{"start":{"line":31,"column":22},"end":{"line":31,"column":29}},"12":{"start":{"line":32,"column":6},"end":{"line":32,"column":42}},"13":{"start":{"line":35,"column":4},"end":{"line":38,"column":7}},"14":{"start":{"line":36,"column":6},"end":{"line":36,"column":29}},"15":{"start":{"line":36,"column":22},"end":{"line":36,"column":29}},"16":{"start":{"line":37,"column":6},"end":{"line":37,"column":43}},"17":{"start":{"line":40,"column":4},"end":{"line":42,"column":7}},"18":{"start":{"line":41,"column":6},"end":{"line":41,"column":51}},"19":{"start":{"line":45,"column":2},"end":{"line":45,"column":12}},"20":{"start":{"line":49,"column":21},"end":{"line":54,"column":1}},"21":{"start":{"line":50,"column":2},"end":{"line":52,"column":3}},"22":{"start":{"line":51,"column":4},"end":{"line":51,"column":50}},"23":{"start":{"line":53,"column":2},"end":{"line":53,"column":12}}},"fnMap":{"0":{"name":"(anonymous_0)","decl":{"start":{"line":5,"column":26},"end":{"line":5,"column":27}},"loc":{"start":{"line":5,"column":38},"end":{"line":46,"column":1}},"line":5},"1":{"name":"(anonymous_1)","decl":{"start":{"line":17,"column":22},"end":{"line":17,"column":23}},"loc":{"start":{"line":17,"column":34},"end":{"line":43,"column":3}},"line":17},"2":{"name":"(anonymous_2)","decl":{"start":{"line":21,"column":30},"end":{"line":21,"column":31}},"loc":{"start":{"line":21,"column":42},"end":{"line":23,"column":3}},"line":21},"3":{"name":"(anonymous_3)","decl":{"start":{"line":25,"column":33},"end":{"line":25,"column":34}},"loc":{"start":{"line":25,"column":53},"end":{"line":28,"column":5}},"line":25},"4":{"name":"(anonymous_4)","decl":{"start":{"line":30,"column":35},"end":{"line":30,"column":36}},"loc":{"start":{"line":30,"column":50},"end":{"line":33,"column":5}},"line":30},"5":{"name":"(anonymous_5)","decl":{"start":{"line":35,"column":36},"end":{"line":35,"column":37}},"loc":{"start":{"line":35,"column":51},"end":{"line":38,"column":5}},"line":35},"6":{"name":"(anonymous_6)","decl":{"start":{"line":40,"column":28},"end":{"line":40,"column":29}},"loc":{"start":{"line":40,"column":34},"end":{"line":42,"column":5}},"line":40},"7":{"name":"(anonymous_7)","decl":{"start":{"line":49,"column":21},"end":{"line":49,"column":22}},"loc":{"start":{"line":49,"column":27},"end":{"line":54,"column":1}},"line":49}},"branchMap":{"0":{"loc":{"start":{"line":31,"column":6},"end":{"line":31,"column":29}},"type":"if","locations":[{"start":{"line":31,"column":6},"end":{"line":31,"column":29}},{"start":{},"end":{}}],"line":31},"1":{"loc":{"start":{"line":36,"column":6},"end":{"line":36,"column":29}},"type":"if","locations":[{"start":{"line":36,"column":6},"end":{"line":36,"column":29}},{"start":{},"end":{}}],"line":36},"2":{"loc":{"start":{"line":50,"column":2},"end":{"line":52,"column":3}},"type":"if","locations":[{"start":{"line":50,"column":2},"end":{"line":52,"column":3}},{"start":{},"end":{}}],"line":50}},"s":{"0":1,"1":1,"2":1,"3":0,"4":0,"5":0,"6":0,"7":0,"8":0,"9":0,"10":0,"11":0,"12":0,"13":0,"14":0,"15":0,"16":0,"17":0,"18":0,"19":1,"20":1,"21":0,"22":0,"23":0},"f":{"0":1,"1":0,"2":0,"3":0,"4":0,"5":0,"6":0,"7":0},"b":{"0":[0,0],"1":[0,0],"2":[0,0]},"_coverageSchema":"1a1c01bbd47fc00a2c39e90264f33305004495a9","hash":"242c0f23ae20cd464e43c4b5f3ac29701dfd00f9"}
,"D:\\Desktop\\FinalNestProject\\nest-platform\\backend\\src\\controllers\\adminController.js": {"path":"D:\\Desktop\\FinalNestProject\\nest-platform\\backend\\src\\controllers\\adminController.js","statementMap":{"0":{"start":{"line":4,"column":27},"end":{"line":11,"column":1}},"1":{"start":{"line":5,"column":2},"end":{"line":10,"column":3}},"2":{"start":{"line":6,"column":18},"end":{"line":6,"column":37}},"3":{"start":{"line":7,"column":4},"end":{"line":7,"column":20}},"4":{"start":{"line":9,"column":4},"end":{"line":9,"column":54}},"5":{"start":{"line":14,"column":27},"end":{"line":30,"column":1}},"6":{"start":{"line":15,"column":2},"end":{"line":29,"column":3}},"7":{"start":{"line":16,"column":17},"end":{"line":16,"column":51}},"8":{"start":{"line":18,"column":4},"end":{"line":18,"column":74}},"9":{"start":{"line":18,"column":15},"end":{"line":18,"column":74}},"10":{"start":{"line":20,"column":4},"end":{"line":20,"column":41}},"11":{"start":{"line":21,"column":4},"end":{"line":21,"column":27}},"12":{"start":{"line":23,"column":4},"end":{"line":23,"column":22}},"13":{"start":{"line":25,"column":4},"end":{"line":25,"column":43}},"14":{"start":{"line":28,"column":4},"end":{"line":28,"column":54}},"15":{"start":{"line":34,"column":26},"end":{"line":49,"column":1}},"16":{"start":{"line":35,"column":2},"end":{"line":48,"column":3}},"17":{"start":{"line":36,"column":17},"end":{"line":36,"column":51}},"18":{"start":{"line":38,"column":4},"end":{"line":38,"column":74}},"19":{"start":{"line":38,"column":15},"end":{"line":38,"column":74}},"20":{"start":{"line":40,"column":4},"end":{"line":40,"column":41}},"21":{"start":{"line":42,"column":4},"end":{"line":42,"column":22}},"22":{"start":{"line":44,"column":4},"end":{"line":44,"column":43}},"23":{"start":{"line":47,"column":4},"end":{"line":47,"column":54}},"24":{"start":{"line":51,"column":27},"end":{"line":66,"column":1}},"25":{"start":{"line":52,"column":2},"end":{"line":65,"column":3}},"26":{"start":{"line":53,"column":17},"end":{"line":53,"column":51}},"27":{"start":{"line":55,"column":4},"end":{"line":55,"column":74}},"28":{"start":{"line":55,"column":15},"end":{"line":55,"column":74}},"29":{"start":{"line":57,"column":4},"end":{"line":57,"column":45}},"30":{"start":{"line":59,"column":4},"end":{"line":59,"column":22}},"31":{"start":{"line":61,"column":4},"end":{"line":61,"column":47}},"32":{"start":{"line":64,"column":4},"end":{"line":64,"column":54}}},"fnMap":{"0":{"name":"(anonymous_0)","decl":{"start":{"line":4,"column":27},"end":{"line":4,"column":28}},"loc":{"start":{"line":4,"column":47},"end":{"line":11,"column":1}},"line":4},"1":{"name":"(anonymous_1)","decl":{"start":{"line":14,"column":27},"end":{"line":14,"column":28}},"loc":{"start":{"line":14,"column":47},"end":{"line":30,"column":1}},"line":14},"2":{"name":"(anonymous_2)","decl":{"start":{"line":34,"column":26},"end":{"line":34,"column":27}},"loc":{"start":{"line":34,"column":46},"end":{"line":49,"column":1}},"line":34},"3":{"name":"(anonymous_3)","decl":{"start":{"line":51,"column":27},"end":{"line":51,"column":28}},"loc":{"start":{"line":51,"column":46},"end":{"line":66,"column":1}},"line":51}},"branchMap":{"0":{"loc":{"start":{"line":18,"column":4},"end":{"line":18,"column":74}},"type":"if","locations":[{"start":{"line":18,"column":4},"end":{"line":18,"column":74}},{"start":{},"end":{}}],"line":18},"1":{"loc":{"start":{"line":38,"column":4},"end":{"line":38,"column":74}},"type":"if","locations":[{"start":{"line":38,"column":4},"end":{"line":38,"column":74}},{"start":{},"end":{}}],"line":38},"2":{"loc":{"start":{"line":55,"column":4},"end":{"line":55,"column":74}},"type":"if","locations":[{"start":{"line":55,"column":4},"end":{"line":55,"column":74}},{"start":{},"end":{}}],"line":55}},"s":{"0":1,"1":0,"2":0,"3":0,"4":0,"5":1,"6":0,"7":0,"8":0,"9":0,"10":0,"11":0,"12":0,"13":0,"14":0,"15":1,"16":0,"17":0,"18":0,"19":0,"20":0,"21":0,"22":0,"23":0,"24":1,"25":0,"26":0,"27":0,"28":0,"29":0,"30":0,"31":0,"32":0},"f":{"0":0,"1":0,"2":0,"3":0},"b":{"0":[0,0],"1":[0,0],"2":[0,0]},"_coverageSchema":"1a1c01bbd47fc00a2c39e90264f33305004495a9","hash":"58c1d2fe201eb65deea7478cfc152c5d2dd3362e"}
,"D:\\Desktop\\FinalNestProject\\nest-platform\\backend\\src\\controllers\\analyticsController.js": {"path":"D:\\Desktop\\FinalNestProject\\nest-platform\\backend\\src\\controllers\\analyticsController.js","statementMap":{"0":{"start":{"line":5,"column":16},"end":{"line":5,"column":65}},"1":{"start":{"line":7,"column":25},"end":{"line":18,"column":1}},"2":{"start":{"line":8,"column":15},"end":{"line":8,"column":49}},"3":{"start":{"line":10,"column":2},"end":{"line":15,"column":3}},"4":{"start":{"line":11,"column":4},"end":{"line":14,"column":7}},"5":{"start":{"line":17,"column":2},"end":{"line":17,"column":32}},"6":{"start":{"line":20,"column":24},"end":{"line":24,"column":5}},"7":{"start":{"line":21,"column":2},"end":{"line":24,"column":5}},"8":{"start":{"line":21,"column":25},"end":{"line":24,"column":3}},"9":{"start":{"line":28,"column":32},"end":{"line":46,"column":1}},"10":{"start":{"line":29,"column":2},"end":{"line":45,"column":3}},"11":{"start":{"line":30,"column":21},"end":{"line":30,"column":33}},"12":{"start":{"line":31,"column":29},"end":{"line":31,"column":38}},"13":{"start":{"line":33,"column":17},"end":{"line":33,"column":73}},"14":{"start":{"line":35,"column":4},"end":{"line":38,"column":7}},"15":{"start":{"line":40,"column":4},"end":{"line":40,"column":44}},"16":{"start":{"line":41,"column":4},"end":{"line":44,"column":7}},"17":{"start":{"line":50,"column":31},"end":{"line":69,"column":1}},"18":{"start":{"line":51,"column":2},"end":{"line":68,"column":3}},"19":{"start":{"line":52,"column":21},"end":{"line":52,"column":33}},"20":{"start":{"line":53,"column":29},"end":{"line":53,"column":38}},"21":{"start":{"line":55,"column":20},"end":{"line":55,"column":75}},"22":{"start":{"line":56,"column":22},"end":{"line":56,"column":64}},"23":{"start":{"line":58,"column":4},"end":{"line":61,"column":7}},"24":{"start":{"line":63,"column":4},"end":{"line":63,"column":49}},"25":{"start":{"line":64,"column":4},"end":{"line":67,"column":7}},"26":{"start":{"line":73,"column":30},"end":{"line":92,"column":1}},"27":{"start":{"line":74,"column":2},"end":{"line":91,"column":3}},"28":{"start":{"line":75,"column":21},"end":{"line":75,"column":33}},"29":{"start":{"line":76,"column":29},"end":{"line":76,"column":38}},"30":{"start":{"line":78,"column":20},"end":{"line":78,"column":74}},"31":{"start":{"line":79,"column":22},"end":{"line":79,"column":62}},"32":{"start":{"line":81,"column":4},"end":{"line":84,"column":7}},"33":{"start":{"line":86,"column":4},"end":{"line":86,"column":48}},"34":{"start":{"line":87,"column":4},"end":{"line":90,"column":7}},"35":{"start":{"line":96,"column":29},"end":{"line":115,"column":1}},"36":{"start":{"line":97,"column":2},"end":{"line":114,"column":3}},"37":{"start":{"line":98,"column":21},"end":{"line":98,"column":33}},"38":{"start":{"line":99,"column":29},"end":{"line":99,"column":38}},"39":{"start":{"line":101,"column":20},"end":{"line":101,"column":73}},"40":{"start":{"line":102,"column":22},"end":{"line":102,"column":62}},"41":{"start":{"line":104,"column":4},"end":{"line":107,"column":7}},"42":{"start":{"line":109,"column":4},"end":{"line":109,"column":47}},"43":{"start":{"line":110,"column":4},"end":{"line":113,"column":7}},"44":{"start":{"line":119,"column":35},"end":{"line":137,"column":1}},"45":{"start":{"line":120,"column":2},"end":{"line":136,"column":3}},"46":{"start":{"line":121,"column":21},"end":{"line":121,"column":33}},"47":{"start":{"line":122,"column":17},"end":{"line":122,"column":69}},"48":{"start":{"line":124,"column":68},"end":{"line":124,"column":72}},"49":{"start":{"line":126,"column":4},"end":{"line":129,"column":7}},"50":{"start":{"line":131,"column":4},"end":{"line":131,"column":42}},"51":{"start":{"line":132,"column":4},"end":{"line":135,"column":7}},"52":{"start":{"line":141,"column":36},"end":{"line":165,"column":1}},"53":{"start":{"line":142,"column":2},"end":{"line":164,"column":3}},"54":{"start":{"line":143,"column":21},"end":{"line":143,"column":33}},"55":{"start":{"line":144,"column":17},"end":{"line":144,"column":70}},"56":{"start":{"line":152,"column":8},"end":{"line":152,"column":12}},"57":{"start":{"line":154,"column":4},"end":{"line":157,"column":7}},"58":{"start":{"line":159,"column":4},"end":{"line":159,"column":54}},"59":{"start":{"line":160,"column":4},"end":{"line":163,"column":7}},"60":{"start":{"line":169,"column":30},"end":{"line":194,"column":1}},"61":{"start":{"line":170,"column":2},"end":{"line":193,"column":3}},"62":{"start":{"line":171,"column":21},"end":{"line":171,"column":33}},"63":{"start":{"line":172,"column":20},"end":{"line":172,"column":67}},"64":{"start":{"line":174,"column":22},"end":{"line":181,"column":7}},"65":{"start":{"line":174,"column":52},"end":{"line":181,"column":5}},"66":{"start":{"line":183,"column":4},"end":{"line":186,"column":7}},"67":{"start":{"line":188,"column":4},"end":{"line":188,"column":48}},"68":{"start":{"line":189,"column":4},"end":{"line":192,"column":7}},"69":{"start":{"line":200,"column":37},"end":{"line":223,"column":1}},"70":{"start":{"line":201,"column":2},"end":{"line":222,"column":3}},"71":{"start":{"line":202,"column":21},"end":{"line":202,"column":33}},"72":{"start":{"line":203,"column":20},"end":{"line":203,"column":67}},"73":{"start":{"line":205,"column":22},"end":{"line":213,"column":7}},"74":{"start":{"line":205,"column":52},"end":{"line":213,"column":5}},"75":{"start":{"line":215,"column":4},"end":{"line":215,"column":68}},"76":{"start":{"line":217,"column":4},"end":{"line":217,"column":48}},"77":{"start":{"line":218,"column":4},"end":{"line":221,"column":7}},"78":{"start":{"line":227,"column":28},"end":{"line":295,"column":1}},"79":{"start":{"line":228,"column":2},"end":{"line":294,"column":3}},"80":{"start":{"line":229,"column":21},"end":{"line":229,"column":33}},"81":{"start":{"line":230,"column":29},"end":{"line":230,"column":38}},"82":{"start":{"line":241,"column":8},"end":{"line":250,"column":6}},"83":{"start":{"line":252,"column":20},"end":{"line":252,"column":65}},"84":{"start":{"line":253,"column":19},"end":{"line":253,"column":61}},"85":{"start":{"line":254,"column":18},"end":{"line":254,"column":59}},"86":{"start":{"line":256,"column":24},"end":{"line":263,"column":7}},"87":{"start":{"line":256,"column":61},"end":{"line":263,"column":5}},"88":{"start":{"line":265,"column":24},"end":{"line":273,"column":7}},"89":{"start":{"line":265,"column":61},"end":{"line":273,"column":5}},"90":{"start":{"line":275,"column":4},"end":{"line":287,"column":7}},"91":{"start":{"line":289,"column":4},"end":{"line":289,"column":45}},"92":{"start":{"line":290,"column":4},"end":{"line":293,"column":7}}},"fnMap":{"0":{"name":"(anonymous_0)","decl":{"start":{"line":7,"column":25},"end":{"line":7,"column":26}},"loc":{"start":{"line":7,"column":48},"end":{"line":18,"column":1}},"line":7},"1":{"name":"(anonymous_1)","decl":{"start":{"line":20,"column":24},"end":{"line":20,"column":25}},"loc":{"start":{"line":21,"column":2},"end":{"line":24,"column":5}},"line":21},"2":{"name":"(anonymous_2)","decl":{"start":{"line":21,"column":14},"end":{"line":21,"column":15}},"loc":{"start":{"line":21,"column":25},"end":{"line":24,"column":3}},"line":21},"3":{"name":"(anonymous_3)","decl":{"start":{"line":28,"column":32},"end":{"line":28,"column":33}},"loc":{"start":{"line":28,"column":52},"end":{"line":46,"column":1}},"line":28},"4":{"name":"(anonymous_4)","decl":{"start":{"line":50,"column":31},"end":{"line":50,"column":32}},"loc":{"start":{"line":50,"column":51},"end":{"line":69,"column":1}},"line":50},"5":{"name":"(anonymous_5)","decl":{"start":{"line":73,"column":30},"end":{"line":73,"column":31}},"loc":{"start":{"line":73,"column":50},"end":{"line":92,"column":1}},"line":73},"6":{"name":"(anonymous_6)","decl":{"start":{"line":96,"column":29},"end":{"line":96,"column":30}},"loc":{"start":{"line":96,"column":49},"end":{"line":115,"column":1}},"line":96},"7":{"name":"(anonymous_7)","decl":{"start":{"line":119,"column":35},"end":{"line":119,"column":36}},"loc":{"start":{"line":119,"column":55},"end":{"line":137,"column":1}},"line":119},"8":{"name":"(anonymous_8)","decl":{"start":{"line":141,"column":36},"end":{"line":141,"column":37}},"loc":{"start":{"line":141,"column":56},"end":{"line":165,"column":1}},"line":141},"9":{"name":"(anonymous_9)","decl":{"start":{"line":169,"column":30},"end":{"line":169,"column":31}},"loc":{"start":{"line":169,"column":50},"end":{"line":194,"column":1}},"line":169},"10":{"name":"(anonymous_10)","decl":{"start":{"line":174,"column":34},"end":{"line":174,"column":35}},"loc":{"start":{"line":174,"column":52},"end":{"line":181,"column":5}},"line":174},"11":{"name":"(anonymous_11)","decl":{"start":{"line":200,"column":37},"end":{"line":200,"column":38}},"loc":{"start":{"line":200,"column":57},"end":{"line":223,"column":1}},"line":200},"12":{"name":"(anonymous_12)","decl":{"start":{"line":205,"column":34},"end":{"line":205,"column":35}},"loc":{"start":{"line":205,"column":52},"end":{"line":213,"column":5}},"line":205},"13":{"name":"(anonymous_13)","decl":{"start":{"line":227,"column":28},"end":{"line":227,"column":29}},"loc":{"start":{"line":227,"column":48},"end":{"line":295,"column":1}},"line":227},"14":{"name":"(anonymous_14)","decl":{"start":{"line":256,"column":43},"end":{"line":256,"column":44}},"loc":{"start":{"line":256,"column":61},"end":{"line":263,"column":5}},"line":256},"15":{"name":"(anonymous_15)","decl":{"start":{"line":265,"column":43},"end":{"line":265,"column":44}},"loc":{"start":{"line":265,"column":61},"end":{"line":273,"column":5}},"line":265}},"branchMap":{"0":{"loc":{"start":{"line":10,"column":2},"end":{"line":15,"column":3}},"type":"if","locations":[{"start":{"line":10,"column":2},"end":{"line":15,"column":3}},{"start":{},"end":{}}],"line":10},"1":{"loc":{"start":{"line":31,"column":12},"end":{"line":31,"column":24}},"type":"default-arg","locations":[{"start":{"line":31,"column":20},"end":{"line":31,"column":24}}],"line":31},"2":{"loc":{"start":{"line":53,"column":12},"end":{"line":53,"column":24}},"type":"default-arg","locations":[{"start":{"line":53,"column":20},"end":{"line":53,"column":24}}],"line":53},"3":{"loc":{"start":{"line":76,"column":12},"end":{"line":76,"column":24}},"type":"default-arg","locations":[{"start":{"line":76,"column":20},"end":{"line":76,"column":24}}],"line":76},"4":{"loc":{"start":{"line":99,"column":12},"end":{"line":99,"column":24}},"type":"default-arg","locations":[{"start":{"line":99,"column":20},"end":{"line":99,"column":24}}],"line":99},"5":{"loc":{"start":{"line":124,"column":12},"end":{"line":124,"column":21}},"type":"default-arg","locations":[{"start":{"line":124,"column":20},"end":{"line":124,"column":21}}],"line":124},"6":{"loc":{"start":{"line":124,"column":23},"end":{"line":124,"column":36}},"type":"default-arg","locations":[{"start":{"line":124,"column":35},"end":{"line":124,"column":36}}],"line":124},"7":{"loc":{"start":{"line":124,"column":38},"end":{"line":124,"column":48}},"type":"default-arg","locations":[{"start":{"line":124,"column":47},"end":{"line":124,"column":48}}],"line":124},"8":{"loc":{"start":{"line":124,"column":50},"end":{"line":124,"column":63}},"type":"default-arg","locations":[{"start":{"line":124,"column":62},"end":{"line":124,"column":63}}],"line":124},"9":{"loc":{"start":{"line":147,"column":6},"end":{"line":147,"column":15}},"type":"default-arg","locations":[{"start":{"line":147,"column":14},"end":{"line":147,"column":15}}],"line":147},"10":{"loc":{"start":{"line":148,"column":6},"end":{"line":148,"column":16}},"type":"default-arg","locations":[{"start":{"line":148,"column":15},"end":{"line":148,"column":16}}],"line":148},"11":{"loc":{"start":{"line":149,"column":6},"end":{"line":149,"column":19}},"type":"default-arg","locations":[{"start":{"line":149,"column":18},"end":{"line":149,"column":19}}],"line":149},"12":{"loc":{"start":{"line":150,"column":6},"end":{"line":150,"column":19}},"type":"default-arg","locations":[{"start":{"line":150,"column":18},"end":{"line":150,"column":19}}],"line":150},"13":{"loc":{"start":{"line":151,"column":6},"end":{"line":151,"column":19}},"type":"default-arg","locations":[{"start":{"line":151,"column":18},"end":{"line":151,"column":19}}],"line":151},"14":{"loc":{"start":{"line":176,"column":12},"end":{"line":176,"column":43}},"type":"binary-expr","locations":[{"start":{"line":176,"column":12},"end":{"line":176,"column":30}},{"start":{"line":176,"column":34},"end":{"line":176,"column":43}}],"line":176},"15":{"loc":{"start":{"line":177,"column":13},"end":{"line":177,"column":49}},"type":"binary-expr","locations":[{"start":{"line":177,"column":13},"end":{"line":177,"column":43}},{"start":{"line":177,"column":47},"end":{"line":177,"column":49}}],"line":177},"16":{"loc":{"start":{"line":207,"column":12},"end":{"line":207,"column":34}},"type":"binary-expr","locations":[{"start":{"line":207,"column":12},"end":{"line":207,"column":21}},{"start":{"line":207,"column":25},"end":{"line":207,"column":34}}],"line":207},"17":{"loc":{"start":{"line":208,"column":13},"end":{"line":208,"column":40}},"type":"binary-expr","locations":[{"start":{"line":208,"column":13},"end":{"line":208,"column":34}},{"start":{"line":208,"column":38},"end":{"line":208,"column":40}}],"line":208},"18":{"loc":{"start":{"line":209,"column":13},"end":{"line":209,"column":28}},"type":"binary-expr","locations":[{"start":{"line":209,"column":13},"end":{"line":209,"column":23}},{"start":{"line":209,"column":27},"end":{"line":209,"column":28}}],"line":209},"19":{"loc":{"start":{"line":210,"column":13},"end":{"line":210,"column":28}},"type":"binary-expr","locations":[{"start":{"line":210,"column":13},"end":{"line":210,"column":23}},{"start":{"line":210,"column":27},"end":{"line":210,"column":28}}],"line":210},"20":{"loc":{"start":{"line":211,"column":29},"end":{"line":211,"column":53}},"type":"binary-expr","locations":[{"start":{"line":211,"column":29},"end":{"line":211,"column":48}},{"start":{"line":211,"column":52},"end":{"line":211,"column":53}}],"line":211},"21":{"loc":{"start":{"line":230,"column":12},"end":{"line":230,"column":24}},"type":"default-arg","locations":[{"start":{"line":230,"column":20},"end":{"line":230,"column":24}}],"line":230},"22":{"loc":{"start":{"line":258,"column":12},"end":{"line":258,"column":43}},"type":"binary-expr","locations":[{"start":{"line":258,"column":12},"end":{"line":258,"column":30}},{"start":{"line":258,"column":34},"end":{"line":258,"column":43}}],"line":258},"23":{"loc":{"start":{"line":259,"column":13},"end":{"line":259,"column":49}},"type":"binary-expr","locations":[{"start":{"line":259,"column":13},"end":{"line":259,"column":43}},{"start":{"line":259,"column":47},"end":{"line":259,"column":49}}],"line":259},"24":{"loc":{"start":{"line":267,"column":12},"end":{"line":267,"column":34}},"type":"binary-expr","locations":[{"start":{"line":267,"column":12},"end":{"line":267,"column":21}},{"start":{"line":267,"column":25},"end":{"line":267,"column":34}}],"line":267},"25":{"loc":{"start":{"line":268,"column":13},"end":{"line":268,"column":40}},"type":"binary-expr","locations":[{"start":{"line":268,"column":13},"end":{"line":268,"column":34}},{"start":{"line":268,"column":38},"end":{"line":268,"column":40}}],"line":268},"26":{"loc":{"start":{"line":269,"column":13},"end":{"line":269,"column":28}},"type":"binary-expr","locations":[{"start":{"line":269,"column":13},"end":{"line":269,"column":23}},{"start":{"line":269,"column":27},"end":{"line":269,"column":28}}],"line":269},"27":{"loc":{"start":{"line":270,"column":13},"end":{"line":270,"column":28}},"type":"binary-expr","locations":[{"start":{"line":270,"column":13},"end":{"line":270,"column":23}},{"start":{"line":270,"column":27},"end":{"line":270,"column":28}}],"line":270},"28":{"loc":{"start":{"line":271,"column":29},"end":{"line":271,"column":53}},"type":"binary-expr","locations":[{"start":{"line":271,"column":29},"end":{"line":271,"column":48}},{"start":{"line":271,"column":52},"end":{"line":271,"column":53}}],"line":271}},"s":{"0":1,"1":1,"2":0,"3":0,"4":0,"5":0,"6":1,"7":0,"8":0,"9":1,"10":0,"11":0,"12":0,"13":0,"14":0,"15":0,"16":0,"17":1,"18":0,"19":0,"20":0,"21":0,"22":0,"23":0,"24":0,"25":0,"26":1,"27":0,"28":0,"29":0,"30":0,"31":0,"32":0,"33":0,"34":0,"35":1,"36":0,"37":0,"38":0,"39":0,"40":0,"41":0,"42":0,"43":0,"44":1,"45":0,"46":0,"47":0,"48":0,"49":0,"50":0,"51":0,"52":1,"53":0,"54":0,"55":0,"56":0,"57":0,"58":0,"59":0,"60":1,"61":0,"62":0,"63":0,"64":0,"65":0,"66":0,"67":0,"68":0,"69":1,"70":0,"71":0,"72":0,"73":0,"74":0,"75":0,"76":0,"77":0,"78":1,"79":0,"80":0,"81":0,"82":0,"83":0,"84":0,"85":0,"86":0,"87":0,"88":0,"89":0,"90":0,"91":0,"92":0},"f":{"0":0,"1":0,"2":0,"3":0,"4":0,"5":0,"6":0,"7":0,"8":0,"9":0,"10":0,"11":0,"12":0,"13":0,"14":0,"15":0},"b":{"0":[0,0],"1":[0],"2":[0],"3":[0],"4":[0],"5":[0],"6":[0],"7":[0],"8":[0],"9":[0],"10":[0],"11":[0],"12":[0],"13":[0],"14":[0,0],"15":[0,0],"16":[0,0],"17":[0,0],"18":[0,0],"19":[0,0],"20":[0,0],"21":[0],"22":[0,0],"23":[0,0],"24":[0,0],"25":[0,0],"26":[0,0],"27":[0,0],"28":[0,0]},"_coverageSchema":"1a1c01bbd47fc00a2c39e90264f33305004495a9","hash":"8710481011b0be189da66812ecc8c9a94d2094b8"}
,"D:\\Desktop\\FinalNestProject\\nest-platform\\backend\\src\\controllers\\applicationController.js": {"path":"D:\\Desktop\\FinalNestProject\\nest-platform\\backend\\src\\controllers\\applicationController.js","statementMap":{"0":{"start":{"line":7,"column":15},"end":{"line":9,"column":1}},"1":{"start":{"line":8,"column":2},"end":{"line":8,"column":99}},"2":{"start":{"line":11,"column":30},"end":{"line":65,"column":1}},"3":{"start":{"line":12,"column":2},"end":{"line":64,"column":3}},"4":{"start":{"line":13,"column":20},"end":{"line":13,"column":57}},"5":{"start":{"line":14,"column":4},"end":{"line":14,"column":80}},"6":{"start":{"line":14,"column":18},"end":{"line":14,"column":80}},"7":{"start":{"line":16,"column":4},"end":{"line":17,"column":87}},"8":{"start":{"line":17,"column":6},"end":{"line":17,"column":87}},"9":{"start":{"line":19,"column":26},"end":{"line":21,"column":5}},"10":{"start":{"line":20,"column":13},"end":{"line":20,"column":73}},"11":{"start":{"line":22,"column":4},"end":{"line":23,"column":91}},"12":{"start":{"line":23,"column":6},"end":{"line":23,"column":91}},"13":{"start":{"line":25,"column":4},"end":{"line":26,"column":91}},"14":{"start":{"line":26,"column":6},"end":{"line":26,"column":91}},"15":{"start":{"line":28,"column":65},"end":{"line":28,"column":73}},"16":{"start":{"line":30,"column":25},"end":{"line":32,"column":7}},"17":{"start":{"line":31,"column":15},"end":{"line":31,"column":41}},"18":{"start":{"line":34,"column":6},"end":{"line":38,"column":9}},"19":{"start":{"line":35,"column":8},"end":{"line":37,"column":11}},"20":{"start":{"line":40,"column":24},"end":{"line":47,"column":6}},"21":{"start":{"line":49,"column":4},"end":{"line":57,"column":7}},"22":{"start":{"line":59,"column":4},"end":{"line":59,"column":42}},"23":{"start":{"line":61,"column":4},"end":{"line":62,"column":91}},"24":{"start":{"line":62,"column":6},"end":{"line":62,"column":91}},"25":{"start":{"line":63,"column":4},"end":{"line":63,"column":51}},"26":{"start":{"line":67,"column":31},"end":{"line":85,"column":1}},"27":{"start":{"line":68,"column":2},"end":{"line":84,"column":3}},"28":{"start":{"line":69,"column":20},"end":{"line":69,"column":75}},"29":{"start":{"line":70,"column":4},"end":{"line":70,"column":80}},"30":{"start":{"line":70,"column":18},"end":{"line":70,"column":80}},"31":{"start":{"line":71,"column":4},"end":{"line":72,"column":65}},"32":{"start":{"line":72,"column":6},"end":{"line":72,"column":65}},"33":{"start":{"line":74,"column":19},"end":{"line":74,"column":45}},"34":{"start":{"line":75,"column":4},"end":{"line":75,"column":89}},"35":{"start":{"line":75,"column":56},"end":{"line":75,"column":89}},"36":{"start":{"line":77,"column":25},"end":{"line":79,"column":30}},"37":{"start":{"line":81,"column":4},"end":{"line":81,"column":31}},"38":{"start":{"line":83,"column":4},"end":{"line":83,"column":51}},"39":{"start":{"line":87,"column":36},"end":{"line":176,"column":1}},"40":{"start":{"line":88,"column":2},"end":{"line":175,"column":3}},"41":{"start":{"line":89,"column":20},"end":{"line":89,"column":57}},"42":{"start":{"line":90,"column":4},"end":{"line":90,"column":80}},"43":{"start":{"line":90,"column":18},"end":{"line":90,"column":80}},"44":{"start":{"line":91,"column":4},"end":{"line":92,"column":65}},"45":{"start":{"line":92,"column":6},"end":{"line":92,"column":65}},"46":{"start":{"line":94,"column":24},"end":{"line":94,"column":68}},"47":{"start":{"line":95,"column":4},"end":{"line":95,"column":88}},"48":{"start":{"line":95,"column":22},"end":{"line":95,"column":88}},"49":{"start":{"line":97,"column":36},"end":{"line":97,"column":44}},"50":{"start":{"line":98,"column":4},"end":{"line":99,"column":86}},"51":{"start":{"line":99,"column":6},"end":{"line":99,"column":86}},"52":{"start":{"line":101,"column":4},"end":{"line":101,"column":32}},"53":{"start":{"line":102,"column":4},"end":{"line":102,"column":50}},"54":{"start":{"line":103,"column":4},"end":{"line":103,"column":41}},"55":{"start":{"line":104,"column":4},"end":{"line":104,"column":29}},"56":{"start":{"line":106,"column":4},"end":{"line":170,"column":5}},"57":{"start":{"line":108,"column":21},"end":{"line":110,"column":9}},"58":{"start":{"line":109,"column":17},"end":{"line":109,"column":55}},"59":{"start":{"line":112,"column":8},"end":{"line":114,"column":9}},"60":{"start":{"line":113,"column":10},"end":{"line":113,"column":80}},"61":{"start":{"line":117,"column":8},"end":{"line":119,"column":9}},"62":{"start":{"line":118,"column":10},"end":{"line":118,"column":82}},"63":{"start":{"line":122,"column":2},"end":{"line":122,"column":18}},"64":{"start":{"line":123,"column":30},"end":{"line":125,"column":7}},"65":{"start":{"line":124,"column":11},"end":{"line":124,"column":65}},"66":{"start":{"line":126,"column":6},"end":{"line":149,"column":7}},"67":{"start":{"line":127,"column":6},"end":{"line":132,"column":7}},"68":{"start":{"line":133,"column":8},"end":{"line":133,"column":29}},"69":{"start":{"line":135,"column":31},"end":{"line":144,"column":10}},"70":{"start":{"line":146,"column":33},"end":{"line":146,"column":87}},"71":{"start":{"line":147,"column":19},"end":{"line":147,"column":26}},"72":{"start":{"line":148,"column":8},"end":{"line":148,"column":90}},"73":{"start":{"line":151,"column":6},"end":{"line":159,"column":9}},"74":{"start":{"line":161,"column":6},"end":{"line":169,"column":9}},"75":{"start":{"line":172,"column":4},"end":{"line":172,"column":30}},"76":{"start":{"line":174,"column":4},"end":{"line":174,"column":51}},"77":{"start":{"line":178,"column":35},"end":{"line":194,"column":1}},"78":{"start":{"line":179,"column":2},"end":{"line":193,"column":3}},"79":{"start":{"line":180,"column":24},"end":{"line":180,"column":68}},"80":{"start":{"line":181,"column":4},"end":{"line":181,"column":88}},"81":{"start":{"line":181,"column":22},"end":{"line":181,"column":88}},"82":{"start":{"line":182,"column":4},"end":{"line":183,"column":65}},"83":{"start":{"line":183,"column":6},"end":{"line":183,"column":65}},"84":{"start":{"line":184,"column":4},"end":{"line":185,"column":90}},"85":{"start":{"line":185,"column":6},"end":{"line":185,"column":90}},"86":{"start":{"line":187,"column":4},"end":{"line":187,"column":37}},"87":{"start":{"line":188,"column":4},"end":{"line":188,"column":29}},"88":{"start":{"line":190,"column":4},"end":{"line":190,"column":51}},"89":{"start":{"line":192,"column":4},"end":{"line":192,"column":51}},"90":{"start":{"line":196,"column":33},"end":{"line":206,"column":1}},"91":{"start":{"line":197,"column":2},"end":{"line":205,"column":3}},"92":{"start":{"line":198,"column":25},"end":{"line":200,"column":30}},"93":{"start":{"line":202,"column":4},"end":{"line":202,"column":31}},"94":{"start":{"line":204,"column":4},"end":{"line":204,"column":51}},"95":{"start":{"line":208,"column":36},"end":{"line":235,"column":1}},"96":{"start":{"line":209,"column":2},"end":{"line":234,"column":3}},"97":{"start":{"line":210,"column":19},"end":{"line":210,"column":31}},"98":{"start":{"line":211,"column":26},"end":{"line":211,"column":36}},"99":{"start":{"line":213,"column":24},"end":{"line":216,"column":62}},"100":{"start":{"line":218,"column":4},"end":{"line":223,"column":5}},"101":{"start":{"line":219,"column":6},"end":{"line":222,"column":9}},"102":{"start":{"line":225,"column":4},"end":{"line":230,"column":7}},"103":{"start":{"line":232,"column":4},"end":{"line":232,"column":23}},"104":{"start":{"line":233,"column":4},"end":{"line":233,"column":53}},"105":{"start":{"line":238,"column":39},"end":{"line":266,"column":1}},"106":{"start":{"line":239,"column":2},"end":{"line":265,"column":3}},"107":{"start":{"line":240,"column":19},"end":{"line":240,"column":31}},"108":{"start":{"line":242,"column":25},"end":{"line":251,"column":51}},"109":{"start":{"line":253,"column":4},"end":{"line":256,"column":7}},"110":{"start":{"line":259,"column":19},"end":{"line":259,"column":73}},"111":{"start":{"line":259,"column":48},"end":{"line":259,"column":72}},"112":{"start":{"line":261,"column":4},"end":{"line":261,"column":73}},"113":{"start":{"line":263,"column":4},"end":{"line":263,"column":23}},"114":{"start":{"line":264,"column":4},"end":{"line":264,"column":53}}},"fnMap":{"0":{"name":"(anonymous_0)","decl":{"start":{"line":7,"column":15},"end":{"line":7,"column":16}},"loc":{"start":{"line":7,"column":96},"end":{"line":9,"column":1}},"line":7},"1":{"name":"(anonymous_1)","decl":{"start":{"line":11,"column":30},"end":{"line":11,"column":31}},"loc":{"start":{"line":11,"column":50},"end":{"line":65,"column":1}},"line":11},"2":{"name":"(anonymous_2)","decl":{"start":{"line":20,"column":6},"end":{"line":20,"column":7}},"loc":{"start":{"line":20,"column":13},"end":{"line":20,"column":73}},"line":20},"3":{"name":"(anonymous_3)","decl":{"start":{"line":31,"column":8},"end":{"line":31,"column":9}},"loc":{"start":{"line":31,"column":15},"end":{"line":31,"column":41}},"line":31},"4":{"name":"(anonymous_4)","decl":{"start":{"line":67,"column":31},"end":{"line":67,"column":32}},"loc":{"start":{"line":67,"column":51},"end":{"line":85,"column":1}},"line":67},"5":{"name":"(anonymous_5)","decl":{"start":{"line":87,"column":36},"end":{"line":87,"column":37}},"loc":{"start":{"line":87,"column":56},"end":{"line":176,"column":1}},"line":87},"6":{"name":"(anonymous_6)","decl":{"start":{"line":109,"column":10},"end":{"line":109,"column":11}},"loc":{"start":{"line":109,"column":17},"end":{"line":109,"column":55}},"line":109},"7":{"name":"(anonymous_7)","decl":{"start":{"line":124,"column":4},"end":{"line":124,"column":5}},"loc":{"start":{"line":124,"column":11},"end":{"line":124,"column":65}},"line":124},"8":{"name":"(anonymous_8)","decl":{"start":{"line":178,"column":35},"end":{"line":178,"column":36}},"loc":{"start":{"line":178,"column":55},"end":{"line":194,"column":1}},"line":178},"9":{"name":"(anonymous_9)","decl":{"start":{"line":196,"column":33},"end":{"line":196,"column":34}},"loc":{"start":{"line":196,"column":53},"end":{"line":206,"column":1}},"line":196},"10":{"name":"(anonymous_10)","decl":{"start":{"line":208,"column":36},"end":{"line":208,"column":37}},"loc":{"start":{"line":208,"column":56},"end":{"line":235,"column":1}},"line":208},"11":{"name":"(anonymous_11)","decl":{"start":{"line":238,"column":39},"end":{"line":238,"column":40}},"loc":{"start":{"line":238,"column":59},"end":{"line":266,"column":1}},"line":238},"12":{"name":"(anonymous_12)","decl":{"start":{"line":259,"column":39},"end":{"line":259,"column":40}},"loc":{"start":{"line":259,"column":48},"end":{"line":259,"column":72}},"line":259}},"branchMap":{"0":{"loc":{"start":{"line":14,"column":4},"end":{"line":14,"column":80}},"type":"if","locations":[{"start":{"line":14,"column":4},"end":{"line":14,"column":80}},{"start":{},"end":{}}],"line":14},"1":{"loc":{"start":{"line":16,"column":4},"end":{"line":17,"column":87}},"type":"if","locations":[{"start":{"line":16,"column":4},"end":{"line":17,"column":87}},{"start":{},"end":{}}],"line":16},"2":{"loc":{"start":{"line":20,"column":13},"end":{"line":20,"column":73}},"type":"binary-expr","locations":[{"start":{"line":20,"column":13},"end":{"line":20,"column":58}},{"start":{"line":20,"column":62},"end":{"line":20,"column":73}}],"line":20},"3":{"loc":{"start":{"line":22,"column":4},"end":{"line":23,"column":91}},"type":"if","locations":[{"start":{"line":22,"column":4},"end":{"line":23,"column":91}},{"start":{},"end":{}}],"line":22},"4":{"loc":{"start":{"line":25,"column":4},"end":{"line":26,"column":91}},"type":"if","locations":[{"start":{"line":25,"column":4},"end":{"line":26,"column":91}},{"start":{},"end":{}}],"line":25},"5":{"loc":{"start":{"line":34,"column":6},"end":{"line":38,"column":9}},"type":"if","locations":[{"start":{"line":34,"column":6},"end":{"line":38,"column":9}},{"start":{},"end":{}}],"line":34},"6":{"loc":{"start":{"line":45,"column":20},"end":{"line":45,"column":40}},"type":"binary-expr","locations":[{"start":{"line":45,"column":20},"end":{"line":45,"column":32}},{"start":{"line":45,"column":36},"end":{"line":45,"column":40}}],"line":45},"7":{"loc":{"start":{"line":46,"column":17},"end":{"line":46,"column":34}},"type":"binary-expr","locations":[{"start":{"line":46,"column":17},"end":{"line":46,"column":26}},{"start":{"line":46,"column":30},"end":{"line":46,"column":34}}],"line":46},"8":{"loc":{"start":{"line":61,"column":4},"end":{"line":62,"column":91}},"type":"if","locations":[{"start":{"line":61,"column":4},"end":{"line":62,"column":91}},{"start":{},"end":{}}],"line":61},"9":{"loc":{"start":{"line":70,"column":4},"end":{"line":70,"column":80}},"type":"if","locations":[{"start":{"line":70,"column":4},"end":{"line":70,"column":80}},{"start":{},"end":{}}],"line":70},"10":{"loc":{"start":{"line":71,"column":4},"end":{"line":72,"column":65}},"type":"if","locations":[{"start":{"line":71,"column":4},"end":{"line":72,"column":65}},{"start":{},"end":{}}],"line":71},"11":{"loc":{"start":{"line":75,"column":4},"end":{"line":75,"column":89}},"type":"if","locations":[{"start":{"line":75,"column":4},"end":{"line":75,"column":89}},{"start":{},"end":{}}],"line":75},"12":{"loc":{"start":{"line":75,"column":8},"end":{"line":75,"column":54}},"type":"binary-expr","locations":[{"start":{"line":75,"column":8},"end":{"line":75,"column":24}},{"start":{"line":75,"column":28},"end":{"line":75,"column":54}}],"line":75},"13":{"loc":{"start":{"line":90,"column":4},"end":{"line":90,"column":80}},"type":"if","locations":[{"start":{"line":90,"column":4},"end":{"line":90,"column":80}},{"start":{},"end":{}}],"line":90},"14":{"loc":{"start":{"line":91,"column":4},"end":{"line":92,"column":65}},"type":"if","locations":[{"start":{"line":91,"column":4},"end":{"line":92,"column":65}},{"start":{},"end":{}}],"line":91},"15":{"loc":{"start":{"line":95,"column":4},"end":{"line":95,"column":88}},"type":"if","locations":[{"start":{"line":95,"column":4},"end":{"line":95,"column":88}},{"start":{},"end":{}}],"line":95},"16":{"loc":{"start":{"line":98,"column":4},"end":{"line":99,"column":86}},"type":"if","locations":[{"start":{"line":98,"column":4},"end":{"line":99,"column":86}},{"start":{},"end":{}}],"line":98},"17":{"loc":{"start":{"line":102,"column":30},"end":{"line":102,"column":49}},"type":"binary-expr","locations":[{"start":{"line":102,"column":30},"end":{"line":102,"column":41}},{"start":{"line":102,"column":45},"end":{"line":102,"column":49}}],"line":102},"18":{"loc":{"start":{"line":106,"column":4},"end":{"line":170,"column":5}},"type":"if","locations":[{"start":{"line":106,"column":4},"end":{"line":170,"column":5}},{"start":{"line":160,"column":11},"end":{"line":170,"column":5}}],"line":106},"19":{"loc":{"start":{"line":112,"column":8},"end":{"line":114,"column":9}},"type":"if","locations":[{"start":{"line":112,"column":8},"end":{"line":114,"column":9}},{"start":{},"end":{}}],"line":112},"20":{"loc":{"start":{"line":117,"column":8},"end":{"line":119,"column":9}},"type":"if","locations":[{"start":{"line":117,"column":8},"end":{"line":119,"column":9}},{"start":{},"end":{}}],"line":117},"21":{"loc":{"start":{"line":126,"column":6},"end":{"line":149,"column":7}},"type":"if","locations":[{"start":{"line":126,"column":6},"end":{"line":149,"column":7}},{"start":{},"end":{}}],"line":126},"22":{"loc":{"start":{"line":181,"column":4},"end":{"line":181,"column":88}},"type":"if","locations":[{"start":{"line":181,"column":4},"end":{"line":181,"column":88}},{"start":{},"end":{}}],"line":181},"23":{"loc":{"start":{"line":182,"column":4},"end":{"line":183,"column":65}},"type":"if","locations":[{"start":{"line":182,"column":4},"end":{"line":183,"column":65}},{"start":{},"end":{}}],"line":182},"24":{"loc":{"start":{"line":184,"column":4},"end":{"line":185,"column":90}},"type":"if","locations":[{"start":{"line":184,"column":4},"end":{"line":185,"column":90}},{"start":{},"end":{}}],"line":184},"25":{"loc":{"start":{"line":218,"column":4},"end":{"line":223,"column":5}},"type":"if","locations":[{"start":{"line":218,"column":4},"end":{"line":223,"column":5}},{"start":{},"end":{}}],"line":218}},"s":{"0":1,"1":0,"2":1,"3":0,"4":0,"5":0,"6":0,"7":0,"8":0,"9":0,"10":0,"11":0,"12":0,"13":0,"14":0,"15":0,"16":0,"17":0,"18":0,"19":0,"20":0,"21":0,"22":0,"23":0,"24":0,"25":0,"26":1,"27":0,"28":0,"29":0,"30":0,"31":0,"32":0,"33":0,"34":0,"35":0,"36":0,"37":0,"38":0,"39":1,"40":0,"41":0,"42":0,"43":0,"44":0,"45":0,"46":0,"47":0,"48":0,"49":0,"50":0,"51":0,"52":0,"53":0,"54":0,"55":0,"56":0,"57":0,"58":0,"59":0,"60":0,"61":0,"62":0,"63":0,"64":0,"65":0,"66":0,"67":0,"68":0,"69":0,"70":0,"71":0,"72":0,"73":0,"74":0,"75":0,"76":0,"77":1,"78":0,"79":0,"80":0,"81":0,"82":0,"83":0,"84":0,"85":0,"86":0,"87":0,"88":0,"89":0,"90":1,"91":0,"92":0,"93":0,"94":0,"95":1,"96":0,"97":0,"98":0,"99":0,"100":0,"101":0,"102":0,"103":0,"104":0,"105":1,"106":0,"107":0,"108":0,"109":0,"110":0,"111":0,"112":0,"113":0,"114":0},"f":{"0":0,"1":0,"2":0,"3":0,"4":0,"5":0,"6":0,"7":0,"8":0,"9":0,"10":0,"11":0,"12":0},"b":{"0":[0,0],"1":[0,0],"2":[0,0],"3":[0,0],"4":[0,0],"5":[0,0],"6":[0,0],"7":[0,0],"8":[0,0],"9":[0,0],"10":[0,0],"11":[0,0],"12":[0,0],"13":[0,0],"14":[0,0],"15":[0,0],"16":[0,0],"17":[0,0],"18":[0,0],"19":[0,0],"20":[0,0],"21":[0,0],"22":[0,0],"23":[0,0],"24":[0,0],"25":[0,0]},"_coverageSchema":"1a1c01bbd47fc00a2c39e90264f33305004495a9","hash":"1cbf4466cc8274072a8f733503a4fb6eb0310bfc"}
,"D:\\Desktop\\FinalNestProject\\nest-platform\\backend\\src\\controllers\\authController.js": {"path":"D:\\Desktop\\FinalNestProject\\nest-platform\\backend\\src\\controllers\\authController.js","statementMap":{"0":{"start":{"line":9,"column":22},"end":{"line":104,"column":1}},"1":{"start":{"line":10,"column":2},"end":{"line":103,"column":3}},"2":{"start":{"line":11,"column":24},"end":{"line":11,"column":40}},"3":{"start":{"line":12,"column":36},"end":{"line":12,"column":44}},"4":{"start":{"line":14,"column":24},"end":{"line":14,"column":36}},"5":{"start":{"line":15,"column":28},"end":{"line":15,"column":48}},"6":{"start":{"line":18,"column":4},"end":{"line":22,"column":5}},"7":{"start":{"line":19,"column":6},"end":{"line":21,"column":9}},"8":{"start":{"line":25,"column":4},"end":{"line":29,"column":5}},"9":{"start":{"line":26,"column":6},"end":{"line":28,"column":9}},"10":{"start":{"line":32,"column":22},"end":{"line":32,"column":41}},"11":{"start":{"line":33,"column":4},"end":{"line":37,"column":5}},"12":{"start":{"line":34,"column":6},"end":{"line":36,"column":9}},"13":{"start":{"line":40,"column":25},"end":{"line":40,"column":69}},"14":{"start":{"line":42,"column":4},"end":{"line":46,"column":5}},"15":{"start":{"line":43,"column":6},"end":{"line":45,"column":8}},"16":{"start":{"line":49,"column":23},"end":{"line":49,"column":25}},"17":{"start":{"line":50,"column":27},"end":{"line":50,"column":66}},"18":{"start":{"line":53,"column":17},"end":{"line":61,"column":6}},"19":{"start":{"line":63,"column":4},"end":{"line":63,"column":24}},"20":{"start":{"line":65,"column":16},"end":{"line":65,"column":59}},"21":{"start":{"line":66,"column":22},"end":{"line":66,"column":49}},"22":{"start":{"line":69,"column":22},"end":{"line":69,"column":67}},"23":{"start":{"line":71,"column":4},"end":{"line":71,"column":37}},"24":{"start":{"line":72,"column":4},"end":{"line":72,"column":43}},"25":{"start":{"line":74,"column":4},"end":{"line":74,"column":22}},"26":{"start":{"line":77,"column":4},"end":{"line":90,"column":7}},"27":{"start":{"line":92,"column":4},"end":{"line":95,"column":7}},"28":{"start":{"line":99,"column":4},"end":{"line":99,"column":40}},"29":{"start":{"line":100,"column":4},"end":{"line":102,"column":7}},"30":{"start":{"line":106,"column":29},"end":{"line":190,"column":1}},"31":{"start":{"line":107,"column":2},"end":{"line":189,"column":3}},"32":{"start":{"line":108,"column":24},"end":{"line":108,"column":32}},"33":{"start":{"line":109,"column":17},"end":{"line":109,"column":25}},"34":{"start":{"line":111,"column":4},"end":{"line":115,"column":5}},"35":{"start":{"line":112,"column":6},"end":{"line":114,"column":9}},"36":{"start":{"line":117,"column":25},"end":{"line":117,"column":48}},"37":{"start":{"line":119,"column":4},"end":{"line":123,"column":5}},"38":{"start":{"line":120,"column":6},"end":{"line":122,"column":8}},"39":{"start":{"line":126,"column":23},"end":{"line":126,"column":68}},"40":{"start":{"line":127,"column":4},"end":{"line":131,"column":5}},"41":{"start":{"line":128,"column":6},"end":{"line":130,"column":8}},"42":{"start":{"line":133,"column":4},"end":{"line":137,"column":5}},"43":{"start":{"line":134,"column":6},"end":{"line":136,"column":9}},"44":{"start":{"line":139,"column":17},"end":{"line":139,"column":25}},"45":{"start":{"line":141,"column":4},"end":{"line":145,"column":5}},"46":{"start":{"line":142,"column":6},"end":{"line":144,"column":9}},"47":{"start":{"line":147,"column":4},"end":{"line":151,"column":5}},"48":{"start":{"line":148,"column":6},"end":{"line":150,"column":9}},"49":{"start":{"line":154,"column":4},"end":{"line":158,"column":5}},"50":{"start":{"line":155,"column":6},"end":{"line":157,"column":9}},"51":{"start":{"line":160,"column":4},"end":{"line":164,"column":5}},"52":{"start":{"line":161,"column":6},"end":{"line":163,"column":9}},"53":{"start":{"line":166,"column":4},"end":{"line":166,"column":34}},"54":{"start":{"line":168,"column":4},"end":{"line":170,"column":5}},"55":{"start":{"line":169,"column":6},"end":{"line":169,"column":59}},"56":{"start":{"line":173,"column":21},"end":{"line":173,"column":43}},"57":{"start":{"line":175,"column":4},"end":{"line":175,"column":32}},"58":{"start":{"line":176,"column":4},"end":{"line":176,"column":44}},"59":{"start":{"line":178,"column":4},"end":{"line":178,"column":22}},"60":{"start":{"line":180,"column":4},"end":{"line":182,"column":7}},"61":{"start":{"line":184,"column":4},"end":{"line":184,"column":23}},"62":{"start":{"line":186,"column":4},"end":{"line":188,"column":7}},"63":{"start":{"line":192,"column":30},"end":{"line":248,"column":1}},"64":{"start":{"line":193,"column":2},"end":{"line":247,"column":3}},"65":{"start":{"line":194,"column":27},"end":{"line":194,"column":35}},"66":{"start":{"line":196,"column":4},"end":{"line":200,"column":5}},"67":{"start":{"line":197,"column":6},"end":{"line":199,"column":9}},"68":{"start":{"line":202,"column":28},"end":{"line":202,"column":48}},"69":{"start":{"line":204,"column":17},"end":{"line":204,"column":63}},"70":{"start":{"line":206,"column":4},"end":{"line":210,"column":5}},"71":{"start":{"line":207,"column":6},"end":{"line":209,"column":9}},"72":{"start":{"line":213,"column":4},"end":{"line":217,"column":5}},"73":{"start":{"line":214,"column":6},"end":{"line":216,"column":9}},"74":{"start":{"line":219,"column":23},"end":{"line":219,"column":70}},"75":{"start":{"line":221,"column":4},"end":{"line":225,"column":5}},"76":{"start":{"line":222,"column":6},"end":{"line":224,"column":9}},"77":{"start":{"line":228,"column":4},"end":{"line":228,"column":37}},"78":{"start":{"line":229,"column":4},"end":{"line":229,"column":43}},"79":{"start":{"line":231,"column":4},"end":{"line":231,"column":47}},"80":{"start":{"line":233,"column":4},"end":{"line":233,"column":22}},"81":{"start":{"line":235,"column":18},"end":{"line":235,"column":41}},"82":{"start":{"line":237,"column":4},"end":{"line":240,"column":7}},"83":{"start":{"line":243,"column":4},"end":{"line":243,"column":23}},"84":{"start":{"line":244,"column":4},"end":{"line":246,"column":7}},"85":{"start":{"line":250,"column":21},"end":{"line":311,"column":1}},"86":{"start":{"line":251,"column":2},"end":{"line":310,"column":3}},"87":{"start":{"line":252,"column":32},"end":{"line":252,"column":40}},"88":{"start":{"line":255,"column":4},"end":{"line":259,"column":5}},"89":{"start":{"line":256,"column":6},"end":{"line":258,"column":9}},"90":{"start":{"line":262,"column":28},"end":{"line":262,"column":47}},"91":{"start":{"line":263,"column":17},"end":{"line":263,"column":83}},"92":{"start":{"line":265,"column":4},"end":{"line":269,"column":5}},"93":{"start":{"line":266,"column":6},"end":{"line":268,"column":9}},"94":{"start":{"line":271,"column":4},"end":{"line":275,"column":5}},"95":{"start":{"line":272,"column":6},"end":{"line":274,"column":9}},"96":{"start":{"line":277,"column":4},"end":{"line":282,"column":5}},"97":{"start":{"line":278,"column":6},"end":{"line":281,"column":9}},"98":{"start":{"line":285,"column":20},"end":{"line":285,"column":65}},"99":{"start":{"line":287,"column":4},"end":{"line":291,"column":5}},"100":{"start":{"line":288,"column":6},"end":{"line":290,"column":9}},"101":{"start":{"line":293,"column":4},"end":{"line":295,"column":5}},"102":{"start":{"line":294,"column":6},"end":{"line":294,"column":24}},"103":{"start":{"line":298,"column":18},"end":{"line":298,"column":41}},"104":{"start":{"line":301,"column":4},"end":{"line":304,"column":7}},"105":{"start":{"line":307,"column":4},"end":{"line":309,"column":7}},"106":{"start":{"line":313,"column":30},"end":{"line":375,"column":1}},"107":{"start":{"line":314,"column":2},"end":{"line":374,"column":3}},"108":{"start":{"line":315,"column":24},"end":{"line":315,"column":40}},"109":{"start":{"line":316,"column":20},"end":{"line":316,"column":28}},"110":{"start":{"line":319,"column":4},"end":{"line":323,"column":5}},"111":{"start":{"line":320,"column":6},"end":{"line":322,"column":8}},"112":{"start":{"line":324,"column":4},"end":{"line":328,"column":5}},"113":{"start":{"line":325,"column":6},"end":{"line":327,"column":8}},"114":{"start":{"line":329,"column":17},"end":{"line":329,"column":44}},"115":{"start":{"line":330,"column":4},"end":{"line":334,"column":5}},"116":{"start":{"line":331,"column":6},"end":{"line":333,"column":8}},"117":{"start":{"line":336,"column":16},"end":{"line":336,"column":59}},"118":{"start":{"line":337,"column":22},"end":{"line":337,"column":49}},"119":{"start":{"line":340,"column":23},"end":{"line":340,"column":25}},"120":{"start":{"line":341,"column":22},"end":{"line":341,"column":67}},"121":{"start":{"line":343,"column":4},"end":{"line":343,"column":30}},"122":{"start":{"line":344,"column":4},"end":{"line":344,"column":36}},"123":{"start":{"line":346,"column":4},"end":{"line":346,"column":22}},"124":{"start":{"line":349,"column":4},"end":{"line":362,"column":7}},"125":{"start":{"line":364,"column":4},"end":{"line":366,"column":7}},"126":{"start":{"line":369,"column":4},"end":{"line":369,"column":23}},"127":{"start":{"line":371,"column":4},"end":{"line":373,"column":6}},"128":{"start":{"line":377,"column":25},"end":{"line":424,"column":1}},"129":{"start":{"line":378,"column":2},"end":{"line":423,"column":3}},"130":{"start":{"line":379,"column":26},"end":{"line":379,"column":34}},"131":{"start":{"line":381,"column":4},"end":{"line":385,"column":5}},"132":{"start":{"line":382,"column":6},"end":{"line":384,"column":8}},"133":{"start":{"line":387,"column":28},"end":{"line":387,"column":48}},"134":{"start":{"line":389,"column":17},"end":{"line":389,"column":63}},"135":{"start":{"line":391,"column":4},"end":{"line":395,"column":5}},"136":{"start":{"line":392,"column":6},"end":{"line":394,"column":9}},"137":{"start":{"line":397,"column":4},"end":{"line":401,"column":5}},"138":{"start":{"line":398,"column":6},"end":{"line":400,"column":9}},"139":{"start":{"line":403,"column":23},"end":{"line":403,"column":63}},"140":{"start":{"line":404,"column":4},"end":{"line":408,"column":5}},"141":{"start":{"line":405,"column":6},"end":{"line":407,"column":9}},"142":{"start":{"line":410,"column":4},"end":{"line":410,"column":30}},"143":{"start":{"line":411,"column":4},"end":{"line":411,"column":36}},"144":{"start":{"line":413,"column":4},"end":{"line":413,"column":22}},"145":{"start":{"line":415,"column":4},"end":{"line":417,"column":7}},"146":{"start":{"line":420,"column":4},"end":{"line":422,"column":6}},"147":{"start":{"line":426,"column":29},"end":{"line":472,"column":1}},"148":{"start":{"line":427,"column":2},"end":{"line":471,"column":3}},"149":{"start":{"line":428,"column":40},"end":{"line":428,"column":48}},"150":{"start":{"line":430,"column":4},"end":{"line":434,"column":5}},"151":{"start":{"line":431,"column":6},"end":{"line":433,"column":8}},"152":{"start":{"line":436,"column":22},"end":{"line":436,"column":37}},"153":{"start":{"line":437,"column":4},"end":{"line":441,"column":5}},"154":{"start":{"line":438,"column":6},"end":{"line":440,"column":9}},"155":{"start":{"line":443,"column":4},"end":{"line":447,"column":5}},"156":{"start":{"line":444,"column":6},"end":{"line":446,"column":8}},"157":{"start":{"line":449,"column":17},"end":{"line":449,"column":44}},"158":{"start":{"line":450,"column":4},"end":{"line":454,"column":5}},"159":{"start":{"line":451,"column":6},"end":{"line":453,"column":8}},"160":{"start":{"line":456,"column":23},"end":{"line":456,"column":25}},"161":{"start":{"line":457,"column":23},"end":{"line":457,"column":58}},"162":{"start":{"line":459,"column":4},"end":{"line":459,"column":31}},"163":{"start":{"line":461,"column":4},"end":{"line":461,"column":22}},"164":{"start":{"line":463,"column":4},"end":{"line":465,"column":6}},"165":{"start":{"line":468,"column":4},"end":{"line":470,"column":6}},"166":{"start":{"line":474,"column":30},"end":{"line":538,"column":1}},"167":{"start":{"line":475,"column":2},"end":{"line":537,"column":3}},"168":{"start":{"line":476,"column":22},"end":{"line":476,"column":30}},"169":{"start":{"line":478,"column":4},"end":{"line":482,"column":5}},"170":{"start":{"line":479,"column":6},"end":{"line":481,"column":9}},"171":{"start":{"line":484,"column":28},"end":{"line":484,"column":47}},"172":{"start":{"line":486,"column":17},"end":{"line":486,"column":63}},"173":{"start":{"line":488,"column":4},"end":{"line":492,"column":5}},"174":{"start":{"line":489,"column":6},"end":{"line":491,"column":9}},"175":{"start":{"line":495,"column":4},"end":{"line":499,"column":5}},"176":{"start":{"line":496,"column":6},"end":{"line":498,"column":9}},"177":{"start":{"line":502,"column":16},"end":{"line":502,"column":59}},"178":{"start":{"line":504,"column":22},"end":{"line":504,"column":59}},"179":{"start":{"line":506,"column":4},"end":{"line":506,"column":37}},"180":{"start":{"line":507,"column":4},"end":{"line":507,"column":61}},"181":{"start":{"line":509,"column":4},"end":{"line":509,"column":22}},"182":{"start":{"line":512,"column":24},"end":{"line":512,"column":40}},"183":{"start":{"line":514,"column":4},"end":{"line":526,"column":7}},"184":{"start":{"line":528,"column":4},"end":{"line":530,"column":7}},"185":{"start":{"line":533,"column":4},"end":{"line":533,"column":44}},"186":{"start":{"line":534,"column":4},"end":{"line":536,"column":7}},"187":{"start":{"line":540,"column":45},"end":{"line":624,"column":1}},"188":{"start":{"line":541,"column":2},"end":{"line":623,"column":3}},"189":{"start":{"line":542,"column":32},"end":{"line":542,"column":40}},"190":{"start":{"line":545,"column":4},"end":{"line":549,"column":5}},"191":{"start":{"line":546,"column":6},"end":{"line":548,"column":9}},"192":{"start":{"line":551,"column":28},"end":{"line":551,"column":47}},"193":{"start":{"line":552,"column":31},"end":{"line":552,"column":53}},"194":{"start":{"line":554,"column":4},"end":{"line":558,"column":5}},"195":{"start":{"line":555,"column":6},"end":{"line":557,"column":9}},"196":{"start":{"line":561,"column":17},"end":{"line":561,"column":63}},"197":{"start":{"line":563,"column":4},"end":{"line":567,"column":5}},"198":{"start":{"line":564,"column":6},"end":{"line":566,"column":9}},"199":{"start":{"line":570,"column":4},"end":{"line":574,"column":5}},"200":{"start":{"line":571,"column":6},"end":{"line":573,"column":9}},"201":{"start":{"line":577,"column":25},"end":{"line":577,"column":74}},"202":{"start":{"line":579,"column":4},"end":{"line":583,"column":5}},"203":{"start":{"line":580,"column":6},"end":{"line":582,"column":9}},"204":{"start":{"line":586,"column":4},"end":{"line":586,"column":36}},"205":{"start":{"line":589,"column":16},"end":{"line":589,"column":59}},"206":{"start":{"line":590,"column":22},"end":{"line":590,"column":59}},"207":{"start":{"line":592,"column":4},"end":{"line":592,"column":37}},"208":{"start":{"line":593,"column":4},"end":{"line":593,"column":61}},"209":{"start":{"line":595,"column":4},"end":{"line":595,"column":22}},"210":{"start":{"line":598,"column":24},"end":{"line":598,"column":40}},"211":{"start":{"line":600,"column":4},"end":{"line":611,"column":7}},"212":{"start":{"line":613,"column":4},"end":{"line":616,"column":7}},"213":{"start":{"line":619,"column":4},"end":{"line":619,"column":46}},"214":{"start":{"line":620,"column":4},"end":{"line":622,"column":7}}},"fnMap":{"0":{"name":"(anonymous_0)","decl":{"start":{"line":9,"column":22},"end":{"line":9,"column":23}},"loc":{"start":{"line":9,"column":42},"end":{"line":104,"column":1}},"line":9},"1":{"name":"(anonymous_1)","decl":{"start":{"line":106,"column":29},"end":{"line":106,"column":30}},"loc":{"start":{"line":106,"column":48},"end":{"line":190,"column":1}},"line":106},"2":{"name":"(anonymous_2)","decl":{"start":{"line":169,"column":49},"end":{"line":169,"column":50}},"loc":{"start":{"line":169,"column":55},"end":{"line":169,"column":57}},"line":169},"3":{"name":"(anonymous_3)","decl":{"start":{"line":192,"column":30},"end":{"line":192,"column":31}},"loc":{"start":{"line":192,"column":50},"end":{"line":248,"column":1}},"line":192},"4":{"name":"(anonymous_4)","decl":{"start":{"line":250,"column":21},"end":{"line":250,"column":22}},"loc":{"start":{"line":250,"column":41},"end":{"line":311,"column":1}},"line":250},"5":{"name":"(anonymous_5)","decl":{"start":{"line":313,"column":30},"end":{"line":313,"column":31}},"loc":{"start":{"line":313,"column":49},"end":{"line":375,"column":1}},"line":313},"6":{"name":"(anonymous_6)","decl":{"start":{"line":377,"column":25},"end":{"line":377,"column":26}},"loc":{"start":{"line":377,"column":44},"end":{"line":424,"column":1}},"line":377},"7":{"name":"(anonymous_7)","decl":{"start":{"line":426,"column":29},"end":{"line":426,"column":30}},"loc":{"start":{"line":426,"column":47},"end":{"line":472,"column":1}},"line":426},"8":{"name":"(anonymous_8)","decl":{"start":{"line":474,"column":30},"end":{"line":474,"column":31}},"loc":{"start":{"line":474,"column":50},"end":{"line":538,"column":1}},"line":474},"9":{"name":"(anonymous_9)","decl":{"start":{"line":540,"column":45},"end":{"line":540,"column":46}},"loc":{"start":{"line":540,"column":65},"end":{"line":624,"column":1}},"line":540}},"branchMap":{"0":{"loc":{"start":{"line":18,"column":4},"end":{"line":22,"column":5}},"type":"if","locations":[{"start":{"line":18,"column":4},"end":{"line":22,"column":5}},{"start":{},"end":{}}],"line":18},"1":{"loc":{"start":{"line":18,"column":8},"end":{"line":18,"column":46}},"type":"binary-expr","locations":[{"start":{"line":18,"column":8},"end":{"line":18,"column":20}},{"start":{"line":18,"column":24},"end":{"line":18,"column":46}}],"line":18},"2":{"loc":{"start":{"line":25,"column":4},"end":{"line":29,"column":5}},"type":"if","locations":[{"start":{"line":25,"column":4},"end":{"line":29,"column":5}},{"start":{},"end":{}}],"line":25},"3":{"loc":{"start":{"line":25,"column":8},"end":{"line":25,"column":92}},"type":"binary-expr","locations":[{"start":{"line":25,"column":8},"end":{"line":25,"column":24}},{"start":{"line":25,"column":28},"end":{"line":25,"column":58}},{"start":{"line":25,"column":62},"end":{"line":25,"column":92}}],"line":25},"4":{"loc":{"start":{"line":33,"column":4},"end":{"line":37,"column":5}},"type":"if","locations":[{"start":{"line":33,"column":4},"end":{"line":37,"column":5}},{"start":{},"end":{}}],"line":33},"5":{"loc":{"start":{"line":33,"column":8},"end":{"line":33,"column":54}},"type":"binary-expr","locations":[{"start":{"line":33,"column":8},"end":{"line":33,"column":17}},{"start":{"line":33,"column":21},"end":{"line":33,"column":40}},{"start":{"line":33,"column":44},"end":{"line":33,"column":54}}],"line":33},"6":{"loc":{"start":{"line":42,"column":4},"end":{"line":46,"column":5}},"type":"if","locations":[{"start":{"line":42,"column":4},"end":{"line":46,"column":5}},{"start":{},"end":{}}],"line":42},"7":{"loc":{"start":{"line":111,"column":4},"end":{"line":115,"column":5}},"type":"if","locations":[{"start":{"line":111,"column":4},"end":{"line":115,"column":5}},{"start":{},"end":{}}],"line":111},"8":{"loc":{"start":{"line":119,"column":4},"end":{"line":123,"column":5}},"type":"if","locations":[{"start":{"line":119,"column":4},"end":{"line":123,"column":5}},{"start":{},"end":{}}],"line":119},"9":{"loc":{"start":{"line":119,"column":7},"end":{"line":119,"column":76}},"type":"binary-expr","locations":[{"start":{"line":119,"column":7},"end":{"line":119,"column":32}},{"start":{"line":119,"column":36},"end":{"line":119,"column":76}}],"line":119},"10":{"loc":{"start":{"line":127,"column":4},"end":{"line":131,"column":5}},"type":"if","locations":[{"start":{"line":127,"column":4},"end":{"line":131,"column":5}},{"start":{},"end":{}}],"line":127},"11":{"loc":{"start":{"line":133,"column":4},"end":{"line":137,"column":5}},"type":"if","locations":[{"start":{"line":133,"column":4},"end":{"line":137,"column":5}},{"start":{},"end":{}}],"line":133},"12":{"loc":{"start":{"line":141,"column":4},"end":{"line":145,"column":5}},"type":"if","locations":[{"start":{"line":141,"column":4},"end":{"line":145,"column":5}},{"start":{},"end":{}}],"line":141},"13":{"loc":{"start":{"line":147,"column":4},"end":{"line":151,"column":5}},"type":"if","locations":[{"start":{"line":147,"column":4},"end":{"line":151,"column":5}},{"start":{},"end":{}}],"line":147},"14":{"loc":{"start":{"line":154,"column":4},"end":{"line":158,"column":5}},"type":"if","locations":[{"start":{"line":154,"column":4},"end":{"line":158,"column":5}},{"start":{},"end":{}}],"line":154},"15":{"loc":{"start":{"line":160,"column":4},"end":{"line":164,"column":5}},"type":"if","locations":[{"start":{"line":160,"column":4},"end":{"line":164,"column":5}},{"start":{},"end":{}}],"line":160},"16":{"loc":{"start":{"line":168,"column":4},"end":{"line":170,"column":5}},"type":"if","locations":[{"start":{"line":168,"column":4},"end":{"line":170,"column":5}},{"start":{},"end":{}}],"line":168},"17":{"loc":{"start":{"line":196,"column":4},"end":{"line":200,"column":5}},"type":"if","locations":[{"start":{"line":196,"column":4},"end":{"line":200,"column":5}},{"start":{},"end":{}}],"line":196},"18":{"loc":{"start":{"line":196,"column":8},"end":{"line":196,"column":32}},"type":"binary-expr","locations":[{"start":{"line":196,"column":8},"end":{"line":196,"column":12}},{"start":{"line":196,"column":16},"end":{"line":196,"column":32}}],"line":196},"19":{"loc":{"start":{"line":206,"column":4},"end":{"line":210,"column":5}},"type":"if","locations":[{"start":{"line":206,"column":4},"end":{"line":210,"column":5}},{"start":{},"end":{}}],"line":206},"20":{"loc":{"start":{"line":206,"column":8},"end":{"line":206,"column":69}},"type":"binary-expr","locations":[{"start":{"line":206,"column":8},"end":{"line":206,"column":13}},{"start":{"line":206,"column":17},"end":{"line":206,"column":38}},{"start":{"line":206,"column":42},"end":{"line":206,"column":69}}],"line":206},"21":{"loc":{"start":{"line":213,"column":4},"end":{"line":217,"column":5}},"type":"if","locations":[{"start":{"line":213,"column":4},"end":{"line":217,"column":5}},{"start":{},"end":{}}],"line":213},"22":{"loc":{"start":{"line":221,"column":4},"end":{"line":225,"column":5}},"type":"if","locations":[{"start":{"line":221,"column":4},"end":{"line":225,"column":5}},{"start":{},"end":{}}],"line":221},"23":{"loc":{"start":{"line":255,"column":4},"end":{"line":259,"column":5}},"type":"if","locations":[{"start":{"line":255,"column":4},"end":{"line":259,"column":5}},{"start":{},"end":{}}],"line":255},"24":{"loc":{"start":{"line":255,"column":8},"end":{"line":255,"column":27}},"type":"binary-expr","locations":[{"start":{"line":255,"column":8},"end":{"line":255,"column":14}},{"start":{"line":255,"column":18},"end":{"line":255,"column":27}}],"line":255},"25":{"loc":{"start":{"line":265,"column":4},"end":{"line":269,"column":5}},"type":"if","locations":[{"start":{"line":265,"column":4},"end":{"line":269,"column":5}},{"start":{},"end":{}}],"line":265},"26":{"loc":{"start":{"line":271,"column":4},"end":{"line":275,"column":5}},"type":"if","locations":[{"start":{"line":271,"column":4},"end":{"line":275,"column":5}},{"start":{},"end":{}}],"line":271},"27":{"loc":{"start":{"line":277,"column":4},"end":{"line":282,"column":5}},"type":"if","locations":[{"start":{"line":277,"column":4},"end":{"line":282,"column":5}},{"start":{},"end":{}}],"line":277},"28":{"loc":{"start":{"line":287,"column":4},"end":{"line":291,"column":5}},"type":"if","locations":[{"start":{"line":287,"column":4},"end":{"line":291,"column":5}},{"start":{},"end":{}}],"line":287},"29":{"loc":{"start":{"line":293,"column":4},"end":{"line":295,"column":5}},"type":"if","locations":[{"start":{"line":293,"column":4},"end":{"line":295,"column":5}},{"start":{},"end":{}}],"line":293},"30":{"loc":{"start":{"line":319,"column":4},"end":{"line":323,"column":5}},"type":"if","locations":[{"start":{"line":319,"column":4},"end":{"line":323,"column":5}},{"start":{},"end":{}}],"line":319},"31":{"loc":{"start":{"line":324,"column":4},"end":{"line":328,"column":5}},"type":"if","locations":[{"start":{"line":324,"column":4},"end":{"line":328,"column":5}},{"start":{},"end":{}}],"line":324},"32":{"loc":{"start":{"line":324,"column":7},"end":{"line":324,"column":51}},"type":"binary-expr","locations":[{"start":{"line":324,"column":7},"end":{"line":324,"column":27}},{"start":{"line":324,"column":31},"end":{"line":324,"column":51}}],"line":324},"33":{"loc":{"start":{"line":330,"column":4},"end":{"line":334,"column":5}},"type":"if","locations":[{"start":{"line":330,"column":4},"end":{"line":334,"column":5}},{"start":{},"end":{}}],"line":330},"34":{"loc":{"start":{"line":381,"column":4},"end":{"line":385,"column":5}},"type":"if","locations":[{"start":{"line":381,"column":4},"end":{"line":385,"column":5}},{"start":{},"end":{}}],"line":381},"35":{"loc":{"start":{"line":381,"column":7},"end":{"line":381,"column":31}},"type":"binary-expr","locations":[{"start":{"line":381,"column":7},"end":{"line":381,"column":11}},{"start":{"line":381,"column":15},"end":{"line":381,"column":31}}],"line":381},"36":{"loc":{"start":{"line":391,"column":4},"end":{"line":395,"column":5}},"type":"if","locations":[{"start":{"line":391,"column":4},"end":{"line":395,"column":5}},{"start":{},"end":{}}],"line":391},"37":{"loc":{"start":{"line":391,"column":7},"end":{"line":391,"column":54}},"type":"binary-expr","locations":[{"start":{"line":391,"column":7},"end":{"line":391,"column":12}},{"start":{"line":391,"column":16},"end":{"line":391,"column":30}},{"start":{"line":391,"column":34},"end":{"line":391,"column":54}}],"line":391},"38":{"loc":{"start":{"line":397,"column":4},"end":{"line":401,"column":5}},"type":"if","locations":[{"start":{"line":397,"column":4},"end":{"line":401,"column":5}},{"start":{},"end":{}}],"line":397},"39":{"loc":{"start":{"line":404,"column":4},"end":{"line":408,"column":5}},"type":"if","locations":[{"start":{"line":404,"column":4},"end":{"line":408,"column":5}},{"start":{},"end":{}}],"line":404},"40":{"loc":{"start":{"line":430,"column":4},"end":{"line":434,"column":5}},"type":"if","locations":[{"start":{"line":430,"column":4},"end":{"line":434,"column":5}},{"start":{},"end":{}}],"line":430},"41":{"loc":{"start":{"line":430,"column":7},"end":{"line":430,"column":28}},"type":"binary-expr","locations":[{"start":{"line":430,"column":7},"end":{"line":430,"column":12}},{"start":{"line":430,"column":16},"end":{"line":430,"column":28}}],"line":430},"42":{"loc":{"start":{"line":437,"column":4},"end":{"line":441,"column":5}},"type":"if","locations":[{"start":{"line":437,"column":4},"end":{"line":441,"column":5}},{"start":{},"end":{}}],"line":437},"43":{"loc":{"start":{"line":437,"column":8},"end":{"line":437,"column":46}},"type":"binary-expr","locations":[{"start":{"line":437,"column":8},"end":{"line":437,"column":13}},{"start":{"line":437,"column":17},"end":{"line":437,"column":32}},{"start":{"line":437,"column":36},"end":{"line":437,"column":46}}],"line":437},"44":{"loc":{"start":{"line":443,"column":4},"end":{"line":447,"column":5}},"type":"if","locations":[{"start":{"line":443,"column":4},"end":{"line":447,"column":5}},{"start":{},"end":{}}],"line":443},"45":{"loc":{"start":{"line":450,"column":4},"end":{"line":454,"column":5}},"type":"if","locations":[{"start":{"line":450,"column":4},"end":{"line":454,"column":5}},{"start":{},"end":{}}],"line":450},"46":{"loc":{"start":{"line":478,"column":4},"end":{"line":482,"column":5}},"type":"if","locations":[{"start":{"line":478,"column":4},"end":{"line":482,"column":5}},{"start":{},"end":{}}],"line":478},"47":{"loc":{"start":{"line":488,"column":4},"end":{"line":492,"column":5}},"type":"if","locations":[{"start":{"line":488,"column":4},"end":{"line":492,"column":5}},{"start":{},"end":{}}],"line":488},"48":{"loc":{"start":{"line":495,"column":4},"end":{"line":499,"column":5}},"type":"if","locations":[{"start":{"line":495,"column":4},"end":{"line":499,"column":5}},{"start":{},"end":{}}],"line":495},"49":{"loc":{"start":{"line":545,"column":4},"end":{"line":549,"column":5}},"type":"if","locations":[{"start":{"line":545,"column":4},"end":{"line":549,"column":5}},{"start":{},"end":{}}],"line":545},"50":{"loc":{"start":{"line":545,"column":8},"end":{"line":545,"column":27}},"type":"binary-expr","locations":[{"start":{"line":545,"column":8},"end":{"line":545,"column":14}},{"start":{"line":545,"column":18},"end":{"line":545,"column":27}}],"line":545},"51":{"loc":{"start":{"line":554,"column":4},"end":{"line":558,"column":5}},"type":"if","locations":[{"start":{"line":554,"column":4},"end":{"line":558,"column":5}},{"start":{},"end":{}}],"line":554},"52":{"loc":{"start":{"line":563,"column":4},"end":{"line":567,"column":5}},"type":"if","locations":[{"start":{"line":563,"column":4},"end":{"line":567,"column":5}},{"start":{},"end":{}}],"line":563},"53":{"loc":{"start":{"line":570,"column":4},"end":{"line":574,"column":5}},"type":"if","locations":[{"start":{"line":570,"column":4},"end":{"line":574,"column":5}},{"start":{},"end":{}}],"line":570},"54":{"loc":{"start":{"line":579,"column":4},"end":{"line":583,"column":5}},"type":"if","locations":[{"start":{"line":579,"column":4},"end":{"line":583,"column":5}},{"start":{},"end":{}}],"line":579}},"s":{"0":1,"1":1,"2":1,"3":1,"4":1,"5":1,"6":1,"7":0,"8":1,"9":0,"10":1,"11":1,"12":0,"13":1,"14":1,"15":0,"16":1,"17":1,"18":1,"19":1,"20":1,"21":1,"22":1,"23":1,"24":1,"25":1,"26":1,"27":1,"28":0,"29":0,"30":1,"31":0,"32":0,"33":0,"34":0,"35":0,"36":0,"37":0,"38":0,"39":0,"40":0,"41":0,"42":0,"43":0,"44":0,"45":0,"46":0,"47":0,"48":0,"49":0,"50":0,"51":0,"52":0,"53":0,"54":0,"55":0,"56":0,"57":0,"58":0,"59":0,"60":0,"61":0,"62":0,"63":1,"64":0,"65":0,"66":0,"67":0,"68":0,"69":0,"70":0,"71":0,"72":0,"73":0,"74":0,"75":0,"76":0,"77":0,"78":0,"79":0,"80":0,"81":0,"82":0,"83":0,"84":0,"85":1,"86":1,"87":1,"88":1,"89":0,"90":1,"91":1,"92":1,"93":0,"94":1,"95":0,"96":1,"97":0,"98":1,"99":1,"100":0,"101":1,"102":0,"103":1,"104":1,"105":0,"106":1,"107":0,"108":0,"109":0,"110":0,"111":0,"112":0,"113":0,"114":0,"115":0,"116":0,"117":0,"118":0,"119":0,"120":0,"121":0,"122":0,"123":0,"124":0,"125":0,"126":0,"127":0,"128":1,"129":0,"130":0,"131":0,"132":0,"133":0,"134":0,"135":0,"136":0,"137":0,"138":0,"139":0,"140":0,"141":0,"142":0,"143":0,"144":0,"145":0,"146":0,"147":1,"148":0,"149":0,"150":0,"151":0,"152":0,"153":0,"154":0,"155":0,"156":0,"157":0,"158":0,"159":0,"160":0,"161":0,"162":0,"163":0,"164":0,"165":0,"166":1,"167":0,"168":0,"169":0,"170":0,"171":0,"172":0,"173":0,"174":0,"175":0,"176":0,"177":0,"178":0,"179":0,"180":0,"181":0,"182":0,"183":0,"184":0,"185":0,"186":0,"187":1,"188":0,"189":0,"190":0,"191":0,"192":0,"193":0,"194":0,"195":0,"196":0,"197":0,"198":0,"199":0,"200":0,"201":0,"202":0,"203":0,"204":0,"205":0,"206":0,"207":0,"208":0,"209":0,"210":0,"211":0,"212":0,"213":0,"214":0},"f":{"0":1,"1":0,"2":0,"3":0,"4":1,"5":0,"6":0,"7":0,"8":0,"9":0},"b":{"0":[0,1],"1":[1,1],"2":[0,1],"3":[1,1,1],"4":[0,1],"5":[1,1,1],"6":[0,1],"7":[0,0],"8":[0,0],"9":[0,0],"10":[0,0],"11":[0,0],"12":[0,0],"13":[0,0],"14":[0,0],"15":[0,0],"16":[0,0],"17":[0,0],"18":[0,0],"19":[0,0],"20":[0,0,0],"21":[0,0],"22":[0,0],"23":[0,1],"24":[1,1],"25":[0,1],"26":[0,1],"27":[0,1],"28":[0,1],"29":[0,1],"30":[0,0],"31":[0,0],"32":[0,0],"33":[0,0],"34":[0,0],"35":[0,0],"36":[0,0],"37":[0,0,0],"38":[0,0],"39":[0,0],"40":[0,0],"41":[0,0],"42":[0,0],"43":[0,0,0],"44":[0,0],"45":[0,0],"46":[0,0],"47":[0,0],"48":[0,0],"49":[0,0],"50":[0,0],"51":[0,0],"52":[0,0],"53":[0,0],"54":[0,0]},"_coverageSchema":"1a1c01bbd47fc00a2c39e90264f33305004495a9","hash":"6289908a3d47475d62da104278a8e3cd1b8a6885"}
[...]
388,"column":40},"end":{"line":388,"column":41}}],"line":388},"18":{"loc":{"start":{"line":393,"column":19},"end":{"line":393,"column":92}},"type":"cond-expr","locations":[{"start":{"line":393,"column":32},"end":{"line":393,"column":33}},{"start":{"line":393,"column":36},"end":{"line":393,"column":92}}],"line":393},"19":{"loc":{"start":{"line":409,"column":50},"end":{"line":409,"column":65}},"type":"default-arg","locations":[{"start":{"line":409,"column":61},"end":{"line":409,"column":65}}],"line":409},"20":{"loc":{"start":{"line":414,"column":0},"end":{"line":414,"column":74}},"type":"if","locations":[{"start":{"line":414,"column":0},"end":{"line":414,"column":74}},{"start":{},"end":{}}],"line":414},"21":{"loc":{"start":{"line":449,"column":6},"end":{"line":449,"column":77}},"type":"cond-expr","locations":[{"start":{"line":449,"column":26},"end":{"line":449,"column":71}},{"start":{"line":449,"column":74},"end":{"line":449,"column":77}}],"line":449},"22":{"loc":{"start":{"line":458,"column":4},"end":{"line":470,"column":5}},"type":"if","locations":[{"start":{"line":458,"column":4},"end":{"line":470,"column":5}},{"start":{"line":461,"column":11},"end":{"line":470,"column":5}}],"line":458},"23":{"loc":{"start":{"line":461,"column":11},"end":{"line":470,"column":5}},"type":"if","locations":[{"start":{"line":461,"column":11},"end":{"line":470,"column":5}},{"start":{"line":464,"column":11},"end":{"line":470,"column":5}}],"line":461},"24":{"loc":{"start":{"line":464,"column":11},"end":{"line":470,"column":5}},"type":"if","locations":[{"start":{"line":464,"column":11},"end":{"line":470,"column":5}},{"start":{"line":467,"column":11},"end":{"line":470,"column":5}}],"line":464},"25":{"loc":{"start":{"line":487,"column":40},"end":{"line":487,"column":55}},"type":"default-arg","locations":[{"start":{"line":487,"column":51},"end":{"line":487,"column":55}}],"line":487},"26":{"loc":{"start":{"line":496,"column":20},"end":{"line":496,"column":48}},"type":"cond-expr","locations":[{"start":{"line":496,"column":31},"end":{"line":496,"column":43}},{"start":{"line":496,"column":46},"end":{"line":496,"column":48}}],"line":496},"27":{"loc":{"start":{"line":509,"column":4},"end":{"line":509,"column":105}},"type":"cond-expr","locations":[{"start":{"line":509,"column":24},"end":{"line":509,"column":25}},{"start":{"line":509,"column":28},"end":{"line":509,"column":105}}],"line":509},"28":{"loc":{"start":{"line":512,"column":23},"end":{"line":514,"column":15}},"type":"cond-expr","locations":[{"start":{"line":513,"column":4},"end":{"line":513,"column":51}},{"start":{"line":514,"column":4},"end":{"line":514,"column":15}}],"line":512},"29":{"loc":{"start":{"line":519,"column":22},"end":{"line":519,"column":90}},"type":"cond-expr","locations":[{"start":{"line":519,"column":54},"end":{"line":519,"column":72}},{"start":{"line":519,"column":75},"end":{"line":519,"column":90}}],"line":519},"30":{"loc":{"start":{"line":521,"column":33},"end":{"line":521,"column":65}},"type":"binary-expr","locations":[{"start":{"line":521,"column":33},"end":{"line":521,"column":60}},{"start":{"line":521,"column":64},"end":{"line":521,"column":65}}],"line":521},"31":{"loc":{"start":{"line":535,"column":16},"end":{"line":535,"column":81}},"type":"cond-expr","locations":[{"start":{"line":535,"column":29},"end":{"line":535,"column":74}},{"start":{"line":535,"column":77},"end":{"line":535,"column":81}}],"line":535},"32":{"loc":{"start":{"line":545,"column":34},"end":{"line":545,"column":50}},"type":"default-arg","locations":[{"start":{"line":545,"column":42},"end":{"line":545,"column":50}}],"line":545},"33":{"loc":{"start":{"line":545,"column":52},"end":{"line":545,"column":67}},"type":"default-arg","locations":[{"start":{"line":545,"column":63},"end":{"line":545,"column":67}}],"line":545},"34":{"loc":{"start":{"line":552,"column":18},"end":{"line":552,"column":55}},"type":"binary-expr","locations":[{"start":{"line":552,"column":18},"end":{"line":552,"column":33}},{"start":{"line":552,"column":37},"end":{"line":552,"column":55}}],"line":552}},"s":{"0":0,"1":0,"2":0,"3":0,"4":0,"5":0,"6":0,"7":0,"8":0,"9":0,"10":0,"11":0,"12":0,"13":0,"14":0,"15":0,"16":0,"17":0,"18":0,"19":0,"20":0,"21":0,"22":0,"23":0,"24":0,"25":0,"26":0,"27":0,"28":0,"29":0,"30":0,"31":0,"32":0,"33":0,"34":0,"35":0,"36":0,"37":0,"38":0,"39":0,"40":0,"41":0,"42":0,"43":0,"44":0,"45":0,"46":0,"47":0,"48":0,"49":0,"50":0,"51":0,"52":0,"53":0,"54":0,"55":0,"56":0,"57":0,"58":0,"59":0,"60":0,"61":0,"62":0,"63":0,"64":0,"65":0,"66":0,"67":0,"68":0,"69":0,"70":0,"71":0,"72":0,"73":0,"74":0,"75":0,"76":0,"77":0,"78":0,"79":0,"80":0,"81":0,"82":0,"83":0,"84":0,"85":0,"86":0,"87":0,"88":0,"89":0,"90":0,"91":0,"92":0,"93":0,"94":0,"95":0,"96":0,"97":0,"98":0,"99":0,"100":0,"101":0,"102":0,"103":0,"104":0,"105":0,"106":0,"107":0,"108":0,"109":0,"110":0,"111":0,"112":0,"113":0,"114":0,"115":0,"116":0,"117":0,"118":0,"119":0,"120":0,"121":0,"122":0,"123":0,"124":0,"125":0,"126":0,"127":0,"128":0,"129":0,"130":0,"131":0,"132":0,"133":0,"134":0,"135":0,"136":0,"137":0,"138":0,"139":0,"140":0,"141":0,"142":0,"143":0,"144":0,"145":0,"146":0,"147":0,"148":0,"149":0,"150":0,"151":0,"152":0,"153":0,"154":0,"155":0,"156":0,"157":0,"158":0,"159":0,"160":0,"161":0,"162":0,"163":0,"164":0,"165":0,"166":0,"167":0,"168":0,"169":0,"170":0,"171":0,"172":0,"173":0,"174":0,"175":0,"176":0,"177":0,"178":0,"179":0,"180":0,"181":0,"182":0,"183":0,"184":0,"185":0,"186":0,"187":0,"188":0,"189":0,"190":0,"191":0,"192":0,"193":0,"194":0,"195":0,"196":0,"197":0,"198":0,"199":0,"200":0,"201":0,"202":0,"203":0,"204":0,"205":0,"206":0,"207":0},"f":{"0":0,"1":0,"2":0,"3":0,"4":0,"5":0,"6":0,"7":0,"8":0,"9":0,"10":0,"11":0,"12":0,"13":0,"14":0,"15":0,"16":0,"17":0,"18":0,"19":0,"20":0,"21":0,"22":0,"23":0,"24":0,"25":0,"26":0,"27":0,"28":0,"29":0,"30":0,"31":0,"32":0,"33":0,"34":0,"35":0,"36":0,"37":0,"38":0,"39":0,"40":0,"41":0,"42":0,"43":0,"44":0,"45":0,"46":0,"47":0,"48":0,"49":0,"50":0,"51":0},"b":{"0":[0,0],"1":[0,0],"2":[0,0],"3":[0,0],"4":[0],"5":[0,0],"6":[0,0],"7":[0,0],"8":[0,0],"9":[0,0],"10":[0,0],"11":[0,0],"12":[0,0],"13":[0],"14":[0,0],"15":[0,0],"16":[0,0],"17":[0,0],"18":[0,0],"19":[0],"20":[0,0],"21":[0,0],"22":[0,0],"23":[0,0],"24":[0,0],"25":[0],"26":[0,0],"27":[0,0],"28":[0,0],"29":[0,0],"30":[0,0],"31":[0,0],"32":[0],"33":[0],"34":[0,0]},"_coverageSchema":"1a1c01bbd47fc00a2c39e90264f33305004495a9","hash":"273adcbc04122d886e645d0a0203b5a16cc8f96a"}
,"D:\\Desktop\\FinalNestProject\\nest-platform\\backend\\src\\utils\\adminRoles.js": {"path":"D:\\Desktop\\FinalNestProject\\nest-platform\\backend\\src\\utils\\adminRoles.js","statementMap":{"0":{"start":{"line":1,"column":33},"end":{"line":5,"column":20}},"1":{"start":{"line":2,"column":2},"end":{"line":5,"column":20}},"2":{"start":{"line":4,"column":20},"end":{"line":4,"column":46}},"3":{"start":{"line":7,"column":29},"end":{"line":42,"column":1}},"4":{"start":{"line":8,"column":2},"end":{"line":10,"column":3}},"5":{"start":{"line":9,"column":4},"end":{"line":9,"column":17}},"6":{"start":{"line":12,"column":32},"end":{"line":12,"column":58}},"7":{"start":{"line":13,"column":26},"end":{"line":13,"column":58}},"8":{"start":{"line":14,"column":23},"end":{"line":14,"column":61}},"9":{"start":{"line":16,"column":4},"end":{"line":16,"column":79}},"10":{"start":{"line":18,"column":16},"end":{"line":18,"column":21}},"11":{"start":{"line":20,"column":2},"end":{"line":23,"column":3}},"12":{"start":{"line":21,"column":4},"end":{"line":21,"column":68}},"13":{"start":{"line":22,"column":4},"end":{"line":22,"column":19}},"14":{"start":{"line":25,"column":2},"end":{"line":39,"column":3}},"15":{"start":{"line":26,"column":4},"end":{"line":28,"column":6}},"16":{"start":{"line":27,"column":16},"end":{"line":27,"column":32}},"17":{"start":{"line":30,"column":4},"end":{"line":36,"column":5}},"18":{"start":{"line":31,"column":6},"end":{"line":35,"column":17}},"19":{"start":{"line":38,"column":4},"end":{"line":38,"column":19}},"20":{"start":{"line":41,"column":2},"end":{"line":41,"column":17}},"21":{"start":{"line":44,"column":33},"end":{"line":45,"column":50}},"22":{"start":{"line":45,"column":2},"end":{"line":45,"column":50}}},"fnMap":{"0":{"name":"(anonymous_0)","decl":{"start":{"line":1,"column":33},"end":{"line":1,"column":34}},"loc":{"start":{"line":2,"column":2},"end":{"line":5,"column":20}},"line":2},"1":{"name":"(anonymous_1)","decl":{"start":{"line":4,"column":9},"end":{"line":4,"column":10}},"loc":{"start":{"line":4,"column":20},"end":{"line":4,"column":46}},"line":4},"2":{"name":"(anonymous_2)","decl":{"start":{"line":7,"column":29},"end":{"line":7,"column":30}},"loc":{"start":{"line":7,"column":39},"end":{"line":42,"column":1}},"line":7},"3":{"name":"(anonymous_3)","decl":{"start":{"line":27,"column":6},"end":{"line":27,"column":7}},"loc":{"start":{"line":27,"column":16},"end":{"line":27,"column":32}},"line":27},"4":{"name":"(anonymous_4)","decl":{"start":{"line":44,"column":33},"end":{"line":44,"column":34}},"loc":{"start":{"line":45,"column":2},"end":{"line":45,"column":50}},"line":45}},"branchMap":{"0":{"loc":{"start":{"line":2,"column":3},"end":{"line":2,"column":33}},"type":"binary-expr","locations":[{"start":{"line":2,"column":3},"end":{"line":2,"column":27}},{"start":{"line":2,"column":31},"end":{"line":2,"column":33}}],"line":2},"1":{"loc":{"start":{"line":8,"column":2},"end":{"line":10,"column":3}},"type":"if","locations":[{"start":{"line":8,"column":2},"end":{"line":10,"column":3}},{"start":{},"end":{}}],"line":8},"2":{"loc":{"start":{"line":16,"column":4},"end":{"line":16,"column":79}},"type":"binary-expr","locations":[{"start":{"line":16,"column":4},"end":{"line":16,"column":28}},{"start":{"line":16,"column":32},"end":{"line":16,"column":79}}],"line":16},"3":{"loc":{"start":{"line":20,"column":2},"end":{"line":23,"column":3}},"type":"if","locations":[{"start":{"line":20,"column":2},"end":{"line":23,"column":3}},{"start":{},"end":{}}],"line":20},"4":{"loc":{"start":{"line":20,"column":6},"end":{"line":20,"column":36}},"type":"binary-expr","locations":[{"start":{"line":20,"column":6},"end":{"line":20,"column":19}},{"start":{"line":20,"column":23},"end":{"line":20,"column":36}}],"line":20},"5":{"loc":{"start":{"line":21,"column":31},"end":{"line":21,"column":56}},"type":"binary-expr","locations":[{"start":{"line":21,"column":31},"end":{"line":21,"column":50}},{"start":{"line":21,"column":54},"end":{"line":21,"column":56}}],"line":21},"6":{"loc":{"start":{"line":25,"column":2},"end":{"line":39,"column":3}},"type":"if","locations":[{"start":{"line":25,"column":2},"end":{"line":39,"column":3}},{"start":{},"end":{}}],"line":25},"7":{"loc":{"start":{"line":25,"column":6},"end":{"line":25,"column":36}},"type":"binary-expr","locations":[{"start":{"line":25,"column":6},"end":{"line":25,"column":20}},{"start":{"line":25,"column":24},"end":{"line":25,"column":36}}],"line":25},"8":{"loc":{"start":{"line":26,"column":27},"end":{"line":26,"column":52}},"type":"binary-expr","locations":[{"start":{"line":26,"column":27},"end":{"line":26,"column":46}},{"start":{"line":26,"column":50},"end":{"line":26,"column":52}}],"line":26},"9":{"loc":{"start":{"line":30,"column":4},"end":{"line":36,"column":5}},"type":"if","locations":[{"start":{"line":30,"column":4},"end":{"line":36,"column":5}},{"start":{},"end":{}}],"line":30},"10":{"loc":{"start":{"line":31,"column":24},"end":{"line":35,"column":16}},"type":"cond-expr","locations":[{"start":{"line":32,"column":10},"end":{"line":32,"column":17}},{"start":{"line":33,"column":10},"end":{"line":35,"column":16}}],"line":31},"11":{"loc":{"start":{"line":33,"column":10},"end":{"line":35,"column":16}},"type":"cond-expr","locations":[{"start":{"line":34,"column":12},"end":{"line":34,"column":20}},{"start":{"line":35,"column":12},"end":{"line":35,"column":16}}],"line":33}},"s":{"0":1,"1":3,"2":3,"3":1,"4":3,"5":0,"6":3,"7":3,"8":3,"9":3,"10":3,"11":3,"12":0,"13":0,"14":3,"15":0,"16":0,"17":0,"18":0,"19":0,"20":3,"21":1,"22":0},"f":{"0":3,"1":3,"2":3,"3":0,"4":0},"b":{"0":[3,3],"1":[0,3],"2":[3,3],"3":[0,3],"4":[3,0],"5":[0,0],"6":[0,3],"7":[3,3],"8":[0,0],"9":[0,0],"10":[0,0],"11":[0,0]},"_coverageSchema":"1a1c01bbd47fc00a2c39e90264f33305004495a9","hash":"30f3341e0109384efba561e99da838199eb15801"}
,"D:\\Desktop\\FinalNestProject\\nest-platform\\backend\\src\\utils\\deleteFromS3.js": {"path":"D:\\Desktop\\FinalNestProject\\nest-platform\\backend\\src\\utils\\deleteFromS3.js","statementMap":{"0":{"start":{"line":4,"column":28},"end":{"line":23,"column":1}},"1":{"start":{"line":5,"column":2},"end":{"line":22,"column":3}},"2":{"start":{"line":7,"column":16},"end":{"line":7,"column":32}},"3":{"start":{"line":9,"column":16},"end":{"line":11,"column":5}},"4":{"start":{"line":13,"column":20},"end":{"line":16,"column":6}},"5":{"start":{"line":18,"column":4},"end":{"line":18,"column":27}},"6":{"start":{"line":21,"column":4},"end":{"line":21,"column":43}}},"fnMap":{"0":{"name":"(anonymous_0)","decl":{"start":{"line":4,"column":28},"end":{"line":4,"column":29}},"loc":{"start":{"line":4,"column":47},"end":{"line":23,"column":1}},"line":4}},"branchMap":{},"s":{"0":1,"1":0,"2":0,"3":0,"4":0,"5":0,"6":0},"f":{"0":0},"b":{},"_coverageSchema":"1a1c01bbd47fc00a2c39e90264f33305004495a9","hash":"e9de4d529ffc79359dc8533dafd2fbb70d72983f"}
,"D:\\Desktop\\FinalNestProject\\nest-platform\\backend\\src\\utils\\generateToken.js": {"path":"D:\\Desktop\\FinalNestProject\\nest-platform\\backend\\src\\utils\\generateToken.js","statementMap":{"0":{"start":{"line":3,"column":29},"end":{"line":11,"column":1}},"1":{"start":{"line":4,"column":2},"end":{"line":10,"column":4}}},"fnMap":{"0":{"name":"(anonymous_0)","decl":{"start":{"line":3,"column":29},"end":{"line":3,"column":30}},"loc":{"start":{"line":3,"column":41},"end":{"line":11,"column":1}},"line":3}},"branchMap":{},"s":{"0":1,"1":1},"f":{"0":1},"b":{},"_coverageSchema":"1a1c01bbd47fc00a2c39e90264f33305004495a9","hash":"27ce445b64565788ef0bc882dd68bcf73ceeba8d"}
,"D:\\Desktop\\FinalNestProject\\nest-platform\\backend\\src\\utils\\mailer.js": {"path":"D:\\Desktop\\FinalNestProject\\nest-platform\\backend\\src\\utils\\mailer.js","statementMap":{"0":{"start":{"line":3,"column":14},"end":{"line":3,"column":41}},"1":{"start":{"line":3,"column":21},"end":{"line":3,"column":41}},"2":{"start":{"line":5,"column":30},"end":{"line":15,"column":1}},"3":{"start":{"line":6,"column":2},"end":{"line":14,"column":5}}},"fnMap":{"0":{"name":"(anonymous_0)","decl":{"start":{"line":3,"column":14},"end":{"line":3,"column":15}},"loc":{"start":{"line":3,"column":21},"end":{"line":3,"column":41}},"line":3},"1":{"name":"(anonymous_1)","decl":{"start":{"line":5,"column":30},"end":{"line":5,"column":31}},"loc":{"start":{"line":5,"column":36},"end":{"line":15,"column":1}},"line":5}},"branchMap":{},"s":{"0":1,"1":2,"2":1,"3":1},"f":{"0":2,"1":1},"b":{},"_coverageSchema":"1a1c01bbd47fc00a2c39e90264f33305004495a9","hash":"7bdb6671ecf6bce8ba9f9f2c81d42d3c15f18126"}
,"D:\\Desktop\\FinalNestProject\\nest-platform\\backend\\src\\utils\\paginate.js": {"path":"D:\\Desktop\\FinalNestProject\\nest-platform\\backend\\src\\utils\\paginate.js","statementMap":{"0":{"start":{"line":1,"column":24},"end":{"line":15,"column":1}},"1":{"start":{"line":2,"column":15},"end":{"line":2,"column":57}},"2":{"start":{"line":3,"column":16},"end":{"line":3,"column":60}},"3":{"start":{"line":5,"column":15},"end":{"line":5,"column":33}},"4":{"start":{"line":7,"column":25},"end":{"line":7,"column":54}},"5":{"start":{"line":9,"column":2},"end":{"line":14,"column":4}}},"fnMap":{"0":{"name":"(anonymous_0)","decl":{"start":{"line":1,"column":24},"end":{"line":1,"column":25}},"loc":{"start":{"line":1,"column":48},"end":{"line":15,"column":1}},"line":1}},"branchMap":{"0":{"loc":{"start":{"line":2,"column":27},"end":{"line":2,"column":56}},"type":"binary-expr","locations":[{"start":{"line":2,"column":27},"end":{"line":2,"column":51}},{"start":{"line":2,"column":55},"end":{"line":2,"column":56}}],"line":2},"1":{"loc":{"start":{"line":3,"column":28},"end":{"line":3,"column":59}},"type":"binary-expr","locations":[{"start":{"line":3,"column":28},"end":{"line":3,"column":53}},{"start":{"line":3,"column":57},"end":{"line":3,"column":59}}],"line":3}},"s":{"0":1,"1":0,"2":0,"3":0,"4":0,"5":0},"f":{"0":0},"b":{"0":[0,0],"1":[0,0]},"_coverageSchema":"1a1c01bbd47fc00a2c39e90264f33305004495a9","hash":"ced6c7edff6d999a1e2dfedbf1680d8e7aaab2f5"}
,"D:\\Desktop\\FinalNestProject\\nest-platform\\backend\\src\\utils\\s3.js": {"path":"D:\\Desktop\\FinalNestProject\\nest-platform\\backend\\src\\utils\\s3.js","statementMap":{"0":{"start":{"line":3,"column":0},"end":{"line":3,"column":15}},"1":{"start":{"line":5,"column":18},"end":{"line":11,"column":2}}},"fnMap":{},"branchMap":{},"s":{"0":1,"1":1},"f":{},"b":{},"_coverageSchema":"1a1c01bbd47fc00a2c39e90264f33305004495a9","hash":"a4012a097e1353327eff657450c59a66a5a3383a"}
,"D:\\Desktop\\FinalNestProject\\nest-platform\\backend\\src\\utils\\uploadToS3.js": {"path":"D:\\Desktop\\FinalNestProject\\nest-platform\\backend\\src\\utils\\uploadToS3.js","statementMap":{"0":{"start":{"line":4,"column":26},"end":{"line":17,"column":1}},"1":{"start":{"line":5,"column":14},"end":{"line":5,"column":58}},"2":{"start":{"line":7,"column":18},"end":{"line":12,"column":4}},"3":{"start":{"line":14,"column":2},"end":{"line":14,"column":25}},"4":{"start":{"line":16,"column":2},"end":{"line":16,"column":94}}},"fnMap":{"0":{"name":"(anonymous_0)","decl":{"start":{"line":4,"column":26},"end":{"line":4,"column":27}},"loc":{"start":{"line":4,"column":42},"end":{"line":17,"column":1}},"line":4}},"branchMap":{},"s":{"0":1,"1":0,"2":0,"3":0,"4":0},"f":{"0":0},"b":{},"_coverageSchema":"1a1c01bbd47fc00a2c39e90264f33305004495a9","hash":"f1e677c615623935b8a63a0142c6c166f5ff39c1"}
,"D:\\Desktop\\FinalNestProject\\nest-platform\\backend\\tests\\setup.js": {"path":"D:\\Desktop\\FinalNestProject\\nest-platform\\backend\\tests\\setup.js","statementMap":{"0":{"start":{"line":6,"column":25},"end":{"line":15,"column":1}},"1":{"start":{"line":7,"column":2},"end":{"line":7,"column":51}},"2":{"start":{"line":7,"column":44},"end":{"line":7,"column":51}},"3":{"start":{"line":9,"column":2},"end":{"line":11,"column":5}},"4":{"start":{"line":13,"column":14},"end":{"line":13,"column":28}},"5":{"start":{"line":14,"column":2},"end":{"line":14,"column":30}},"6":{"start":{"line":17,"column":23},"end":{"line":26,"column":1}},"7":{"start":{"line":18,"column":2},"end":{"line":21,"column":3}},"8":{"start":{"line":19,"column":4},"end":{"line":19,"column":45}},"9":{"start":{"line":20,"column":4},"end":{"line":20,"column":38}},"10":{"start":{"line":23,"column":2},"end":{"line":25,"column":3}},"11":{"start":{"line":24,"column":4},"end":{"line":24,"column":23}}},"fnMap":{"0":{"name":"(anonymous_0)","decl":{"start":{"line":6,"column":25},"end":{"line":6,"column":26}},"loc":{"start":{"line":6,"column":37},"end":{"line":15,"column":1}},"line":6},"1":{"name":"(anonymous_1)","decl":{"start":{"line":17,"column":23},"end":{"line":17,"column":24}},"loc":{"start":{"line":17,"column":35},"end":{"line":26,"column":1}},"line":17}},"branchMap":{"0":{"loc":{"start":{"line":7,"column":2},"end":{"line":7,"column":51}},"type":"if","locations":[{"start":{"line":7,"column":2},"end":{"line":7,"column":51}},{"start":{},"end":{}}],"line":7},"1":{"loc":{"start":{"line":18,"column":2},"end":{"line":21,"column":3}},"type":"if","locations":[{"start":{"line":18,"column":2},"end":{"line":21,"column":3}},{"start":{},"end":{}}],"line":18},"2":{"loc":{"start":{"line":23,"column":2},"end":{"line":25,"column":3}},"type":"if","locations":[{"start":{"line":23,"column":2},"end":{"line":25,"column":3}},{"start":{},"end":{}}],"line":23}},"s":{"0":1,"1":1,"2":0,"3":1,"4":1,"5":1,"6":1,"7":1,"8":1,"9":1,"10":1,"11":1},"f":{"0":1,"1":1},"b":{"0":[0,1],"1":[1,0],"2":[1,0]},"_coverageSchema":"1a1c01bbd47fc00a2c39e90264f33305004495a9","hash":"86df6e03b396d713d05cf41900595f114e765a99"}
}
