{"E:\\Nest\\nest-platform\\backend\\src\\app.js": {"path":"E:\\Nest\\nest-platform\\backend\\src\\app.js","statementMap":{"0":{"start":{"line":5,"column":12},"end":{"line":5,"column":21}},"1":{"start":{"line":7,"column":0},"end":{"line":7,"column":24}},"2":{"start":{"line":9,"column":0},"end":{"line":9,"column":33}},"3":{"start":{"line":11,"column":0},"end":{"line":18,"column":3}},"4":{"start":{"line":12,"column":2},"end":{"line":16,"column":3}},"5":{"start":{"line":13,"column":4},"end":{"line":13,"column":54}},"6":{"start":{"line":15,"column":4},"end":{"line":15,"column":57}},"7":{"start":{"line":17,"column":2},"end":{"line":17,"column":9}},"8":{"start":{"line":20,"column":0},"end":{"line":20,"column":34}}},"fnMap":{"0":{"name":"(anonymous_0)","decl":{"start":{"line":11,"column":8},"end":{"line":11,"column":9}},"loc":{"start":{"line":11,"column":28},"end":{"line":18,"column":1}},"line":11}},"branchMap":{"0":{"loc":{"start":{"line":12,"column":2},"end":{"line":16,"column":3}},"type":"if","locations":[{"start":{"line":12,"column":2},"end":{"line":16,"column":3}},{"start":{"line":14,"column":9},"end":{"line":16,"column":3}}],"line":12}},"s":{"0":3,"1":3,"2":3,"3":3,"4":22,"5":0,"6":22,"7":22,"8":3},"f":{"0":22},"b":{"0":[0,22]},"_coverageSchema":"1a1c01bbd47fc00a2c39e90264f33305004495a9","hash":"67254aeb9658431d01f927e1e7f90cd0348448c0"}
,"E:\\Nest\\nest-platform\\backend\\src\\controllers\\authController.js": {"path":"E:\\Nest\\nest-platform\\backend\\src\\controllers\\authController.js","statementMap":{"0":{"start":{"line":9,"column":22},"end":{"line":104,"column":1}},"1":{"start":{"line":10,"column":2},"end":{"line":103,"column":3}},"2":{"start":{"line":11,"column":24},"end":{"line":11,"column":40}},"3":{"start":{"line":12,"column":36},"end":{"line":12,"column":44}},"4":{"start":{"line":14,"column":24},"end":{"line":14,"column":36}},"5":{"start":{"line":15,"column":28},"end":{"line":15,"column":48}},"6":{"start":{"line":18,"column":4},"end":{"line":22,"column":5}},"7":{"start":{"line":19,"column":6},"end":{"line":21,"column":9}},"8":{"start":{"line":25,"column":4},"end":{"line":29,"column":5}},"9":{"start":{"line":26,"column":6},"end":{"line":28,"column":9}},"10":{"start":{"line":32,"column":22},"end":{"line":32,"column":41}},"11":{"start":{"line":33,"column":4},"end":{"line":37,"column":5}},"12":{"start":{"line":34,"column":6},"end":{"line":36,"column":9}},"13":{"start":{"line":40,"column":25},"end":{"line":40,"column":69}},"14":{"start":{"line":42,"column":4},"end":{"line":46,"column":5}},"15":{"start":{"line":43,"column":6},"end":{"line":45,"column":8}},"16":{"start":{"line":49,"column":23},"end":{"line":49,"column":25}},"17":{"start":{"line":50,"column":27},"end":{"line":50,"column":66}},"18":{"start":{"line":53,"column":17},"end":{"line":61,"column":6}},"19":{"start":{"line":63,"column":4},"end":{"line":63,"column":24}},"20":{"start":{"line":65,"column":16},"end":{"line":65,"column":59}},"21":{"start":{"line":66,"column":22},"end":{"line":66,"column":49}},"22":{"start":{"line":69,"column":22},"end":{"line":69,"column":67}},"23":{"start":{"line":71,"column":4},"end":{"line":71,"column":37}},"24":{"start":{"line":72,"column":4},"end":{"line":72,"column":43}},"25":{"start":{"line":74,"column":4},"end":{"line":74,"column":22}},"26":{"start":{"line":77,"column":4},"end":{"line":90,"column":7}},"27":{"start":{"line":92,"column":4},"end":{"line":95,"column":7}},"28":{"start":{"line":99,"column":4},"end":{"line":99,"column":40}},"29":{"start":{"line":100,"column":4},"end":{"line":102,"column":7}},"30":{"start":{"line":106,"column":29},"end":{"line":190,"column":1}},"31":{"start":{"line":107,"column":2},"end":{"line":189,"column":3}},"32":{"start":{"line":108,"column":24},"end":{"line":108,"column":32}},"33":{"start":{"line":109,"column":17},"end":{"line":109,"column":25}},"34":{"start":{"line":111,"column":4},"end":{"line":115,"column":5}},"35":{"start":{"line":112,"column":6},"end":{"line":114,"column":9}},"36":{"start":{"line":117,"column":25},"end":{"line":117,"column":48}},"37":{"start":{"line":119,"column":4},"end":{"line":123,"column":5}},"38":{"start":{"line":120,"column":6},"end":{"line":122,"column":8}},"39":{"start":{"line":126,"column":23},"end":{"line":126,"column":68}},"40":{"start":{"line":127,"column":4},"end":{"line":131,"column":5}},"41":{"start":{"line":128,"column":6},"end":{"line":130,"column":8}},"42":{"start":{"line":133,"column":4},"end":{"line":137,"column":5}},"43":{"start":{"line":134,"column":6},"end":{"line":136,"column":9}},"44":{"start":{"line":139,"column":17},"end":{"line":139,"column":25}},"45":{"start":{"line":141,"column":4},"end":{"line":145,"column":5}},"46":{"start":{"line":142,"column":6},"end":{"line":144,"column":9}},"47":{"start":{"line":147,"column":4},"end":{"line":151,"column":5}},"48":{"start":{"line":148,"column":6},"end":{"line":150,"column":9}},"49":{"start":{"line":154,"column":4},"end":{"line":158,"column":5}},"50":{"start":{"line":155,"column":6},"end":{"line":157,"column":9}},"51":{"start":{"line":160,"column":4},"end":{"line":164,"column":5}},"52":{"start":{"line":161,"column":6},"end":{"line":163,"column":9}},"53":{"start":{"line":166,"column":4},"end":{"line":166,"column":34}},"54":{"start":{"line":168,"column":4},"end":{"line":170,"column":5}},"55":{"start":{"line":169,"column":6},"end":{"line":169,"column":59}},"56":{"start":{"line":173,"column":21},"end":{"line":173,"column":43}},"57":{"start":{"line":175,"column":4},"end":{"line":175,"column":32}},"58":{"start":{"line":176,"column":4},"end":{"line":176,"column":44}},"59":{"start":{"line":178,"column":4},"end":{"line":178,"column":22}},"60":{"start":{"line":180,"column":4},"end":{"line":182,"column":7}},"61":{"start":{"line":184,"column":4},"end":{"line":184,"column":23}},"62":{"start":{"line":186,"column":4},"end":{"line":188,"column":7}},"63":{"start":{"line":192,"column":30},"end":{"line":248,"column":1}},"64":{"start":{"line":193,"column":2},"end":{"line":247,"column":3}},"65":{"start":{"line":194,"column":27},"end":{"line":194,"column":35}},"66":{"start":{"line":196,"column":4},"end":{"line":200,"column":5}},"67":{"start":{"line":197,"column":6},"end":{"line":199,"column":9}},"68":{"start":{"line":202,"column":28},"end":{"line":202,"column":48}},"69":{"start":{"line":204,"column":17},"end":{"line":204,"column":63}},"70":{"start":{"line":206,"column":4},"end":{"line":210,"column":5}},"71":{"start":{"line":207,"column":6},"end":{"line":209,"column":9}},"72":{"start":{"line":213,"column":4},"end":{"line":217,"column":5}},"73":{"start":{"line":214,"column":6},"end":{"line":216,"column":9}},"74":{"start":{"line":219,"column":23},"end":{"line":219,"column":70}},"75":{"start":{"line":221,"column":4},"end":{"line":225,"column":5}},"76":{"start":{"line":222,"column":6},"end":{"line":224,"column":9}},"77":{"start":{"line":228,"column":4},"end":{"line":228,"column":37}},"78":{"start":{"line":229,"column":4},"end":{"line":229,"column":43}},"79":{"start":{"line":231,"column":4},"end":{"line":231,"column":47}},"80":{"start":{"line":233,"column":4},"end":{"line":233,"column":22}},"81":{"start":{"line":235,"column":18},"end":{"line":235,"column":41}},"82":{"start":{"line":237,"column":4},"end":{"line":240,"column":7}},"83":{"start":{"line":243,"column":4},"end":{"line":243,"column":23}},"84":{"start":{"line":244,"column":4},"end":{"line":246,"column":7}},"85":{"start":{"line":250,"column":21},"end":{"line":304,"column":1}},"86":{"start":{"line":251,"column":2},"end":{"line":303,"column":3}},"87":{"start":{"line":252,"column":32},"end":{"line":252,"column":40}},"88":{"start":{"line":255,"column":4},"end":{"line":259,"column":5}},"89":{"start":{"line":256,"column":6},"end":{"line":258,"column":9}},"90":{"start":{"line":262,"column":28},"end":{"line":262,"column":47}},"91":{"start":{"line":263,"column":17},"end":{"line":263,"column":83}},"92":{"start":{"line":265,"column":4},"end":{"line":269,"column":5}},"93":{"start":{"line":266,"column":6},"end":{"line":268,"column":9}},"94":{"start":{"line":271,"column":4},"end":{"line":275,"column":5}},"95":{"start":{"line":272,"column":6},"end":{"line":274,"column":9}},"96":{"start":{"line":278,"column":20},"end":{"line":278,"column":65}},"97":{"start":{"line":280,"column":4},"end":{"line":284,"column":5}},"98":{"start":{"line":281,"column":6},"end":{"line":283,"column":9}},"99":{"start":{"line":286,"column":4},"end":{"line":288,"column":5}},"100":{"start":{"line":287,"column":6},"end":{"line":287,"column":24}},"101":{"start":{"line":291,"column":18},"end":{"line":291,"column":41}},"102":{"start":{"line":294,"column":4},"end":{"line":297,"column":7}},"103":{"start":{"line":300,"column":4},"end":{"line":302,"column":7}},"104":{"start":{"line":306,"column":30},"end":{"line":368,"column":1}},"105":{"start":{"line":307,"column":2},"end":{"line":367,"column":3}},"106":{"start":{"line":308,"column":24},"end":{"line":308,"column":40}},"107":{"start":{"line":309,"column":20},"end":{"line":309,"column":28}},"108":{"start":{"line":312,"column":4},"end":{"line":316,"column":5}},"109":{"start":{"line":313,"column":6},"end":{"line":315,"column":8}},"110":{"start":{"line":317,"column":4},"end":{"line":321,"column":5}},"111":{"start":{"line":318,"column":6},"end":{"line":320,"column":8}},"112":{"start":{"line":322,"column":17},"end":{"line":322,"column":44}},"113":{"start":{"line":323,"column":4},"end":{"line":327,"column":5}},"114":{"start":{"line":324,"column":6},"end":{"line":326,"column":8}},"115":{"start":{"line":329,"column":16},"end":{"line":329,"column":59}},"116":{"start":{"line":330,"column":22},"end":{"line":330,"column":49}},"117":{"start":{"line":333,"column":23},"end":{"line":333,"column":25}},"118":{"start":{"line":334,"column":22},"end":{"line":334,"column":67}},"119":{"start":{"line":336,"column":4},"end":{"line":336,"column":30}},"120":{"start":{"line":337,"column":4},"end":{"line":337,"column":36}},"121":{"start":{"line":339,"column":4},"end":{"line":339,"column":22}},"122":{"start":{"line":342,"column":4},"end":{"line":355,"column":7}},"123":{"start":{"line":357,"column":4},"end":{"line":359,"column":7}},"124":{"start":{"line":362,"column":4},"end":{"line":362,"column":23}},"125":{"start":{"line":364,"column":4},"end":{"line":366,"column":6}},"126":{"start":{"line":370,"column":25},"end":{"line":417,"column":1}},"127":{"start":{"line":371,"column":2},"end":{"line":416,"column":3}},"128":{"start":{"line":372,"column":26},"end":{"line":372,"column":34}},"129":{"start":{"line":374,"column":4},"end":{"line":378,"column":5}},"130":{"start":{"line":375,"column":6},"end":{"line":377,"column":8}},"131":{"start":{"line":380,"column":28},"end":{"line":380,"column":48}},"132":{"start":{"line":382,"column":17},"end":{"line":382,"column":63}},"133":{"start":{"line":384,"column":4},"end":{"line":388,"column":5}},"134":{"start":{"line":385,"column":6},"end":{"line":387,"column":9}},"135":{"start":{"line":390,"column":4},"end":{"line":394,"column":5}},"136":{"start":{"line":391,"column":6},"end":{"line":393,"column":9}},"137":{"start":{"line":396,"column":23},"end":{"line":396,"column":63}},"138":{"start":{"line":397,"column":4},"end":{"line":401,"column":5}},"139":{"start":{"line":398,"column":6},"end":{"line":400,"column":9}},"140":{"start":{"line":403,"column":4},"end":{"line":403,"column":30}},"141":{"start":{"line":404,"column":4},"end":{"line":404,"column":36}},"142":{"start":{"line":406,"column":4},"end":{"line":406,"column":22}},"143":{"start":{"line":408,"column":4},"end":{"line":410,"column":7}},"144":{"start":{"line":413,"column":4},"end":{"line":415,"column":6}},"145":{"start":{"line":419,"column":29},"end":{"line":465,"column":1}},"146":{"start":{"line":420,"column":2},"end":{"line":464,"column":3}},"147":{"start":{"line":421,"column":40},"end":{"line":421,"column":48}},"148":{"start":{"line":423,"column":4},"end":{"line":427,"column":5}},"149":{"start":{"line":424,"column":6},"end":{"line":426,"column":8}},"150":{"start":{"line":429,"column":22},"end":{"line":429,"column":37}},"151":{"start":{"line":430,"column":4},"end":{"line":434,"column":5}},"152":{"start":{"line":431,"column":6},"end":{"line":433,"column":9}},"153":{"start":{"line":436,"column":4},"end":{"line":440,"column":5}},"154":{"start":{"line":437,"column":6},"end":{"line":439,"column":8}},"155":{"start":{"line":442,"column":17},"end":{"line":442,"column":44}},"156":{"start":{"line":443,"column":4},"end":{"line":447,"column":5}},"157":{"start":{"line":444,"column":6},"end":{"line":446,"column":8}},"158":{"start":{"line":449,"column":23},"end":{"line":449,"column":25}},"159":{"start":{"line":450,"column":23},"end":{"line":450,"column":58}},"160":{"start":{"line":452,"column":4},"end":{"line":452,"column":31}},"161":{"start":{"line":454,"column":4},"end":{"line":454,"column":22}},"162":{"start":{"line":456,"column":4},"end":{"line":458,"column":6}},"163":{"start":{"line":461,"column":4},"end":{"line":463,"column":6}},"164":{"start":{"line":467,"column":30},"end":{"line":531,"column":1}},"165":{"start":{"line":468,"column":2},"end":{"line":530,"column":3}},"166":{"start":{"line":469,"column":22},"end":{"line":469,"column":30}},"167":{"start":{"line":471,"column":4},"end":{"line":475,"column":5}},"168":{"start":{"line":472,"column":6},"end":{"line":474,"column":9}},"169":{"start":{"line":477,"column":28},"end":{"line":477,"column":47}},"170":{"start":{"line":479,"column":17},"end":{"line":479,"column":63}},"171":{"start":{"line":481,"column":4},"end":{"line":485,"column":5}},"172":{"start":{"line":482,"column":6},"end":{"line":484,"column":9}},"173":{"start":{"line":488,"column":4},"end":{"line":492,"column":5}},"174":{"start":{"line":489,"column":6},"end":{"line":491,"column":9}},"175":{"start":{"line":495,"column":16},"end":{"line":495,"column":59}},"176":{"start":{"line":497,"column":22},"end":{"line":497,"column":59}},"177":{"start":{"line":499,"column":4},"end":{"line":499,"column":37}},"178":{"start":{"line":500,"column":4},"end":{"line":500,"column":61}},"179":{"start":{"line":502,"column":4},"end":{"line":502,"column":22}},"180":{"start":{"line":505,"column":24},"end":{"line":505,"column":40}},"181":{"start":{"line":507,"column":4},"end":{"line":519,"column":7}},"182":{"start":{"line":521,"column":4},"end":{"line":523,"column":7}},"183":{"start":{"line":526,"column":4},"end":{"line":526,"column":44}},"184":{"start":{"line":527,"column":4},"end":{"line":529,"column":7}},"185":{"start":{"line":533,"column":45},"end":{"line":617,"column":1}},"186":{"start":{"line":534,"column":2},"end":{"line":616,"column":3}},"187":{"start":{"line":535,"column":32},"end":{"line":535,"column":40}},"188":{"start":{"line":538,"column":4},"end":{"line":542,"column":5}},"189":{"start":{"line":539,"column":6},"end":{"line":541,"column":9}},"190":{"start":{"line":544,"column":28},"end":{"line":544,"column":47}},"191":{"start":{"line":545,"column":31},"end":{"line":545,"column":53}},"192":{"start":{"line":547,"column":4},"end":{"line":551,"column":5}},"193":{"start":{"line":548,"column":6},"end":{"line":550,"column":9}},"194":{"start":{"line":554,"column":17},"end":{"line":554,"column":63}},"195":{"start":{"line":556,"column":4},"end":{"line":560,"column":5}},"196":{"start":{"line":557,"column":6},"end":{"line":559,"column":9}},"197":{"start":{"line":563,"column":4},"end":{"line":567,"column":5}},"198":{"start":{"line":564,"column":6},"end":{"line":566,"column":9}},"199":{"start":{"line":570,"column":25},"end":{"line":570,"column":74}},"200":{"start":{"line":572,"column":4},"end":{"line":576,"column":5}},"201":{"start":{"line":573,"column":6},"end":{"line":575,"column":9}},"202":{"start":{"line":579,"column":4},"end":{"line":579,"column":36}},"203":{"start":{"line":582,"column":16},"end":{"line":582,"column":59}},"204":{"start":{"line":583,"column":22},"end":{"line":583,"column":59}},"205":{"start":{"line":585,"column":4},"end":{"line":585,"column":37}},"206":{"start":{"line":586,"column":4},"end":{"line":586,"column":61}},"207":{"start":{"line":588,"column":4},"end":{"line":588,"column":22}},"208":{"start":{"line":591,"column":24},"end":{"line":591,"column":40}},"209":{"start":{"line":593,"column":4},"end":{"line":604,"column":7}},"210":{"start":{"line":606,"column":4},"end":{"line":609,"column":7}},"211":{"start":{"line":612,"column":4},"end":{"line":612,"column":46}},"212":{"start":{"line":613,"column":4},"end":{"line":615,"column":7}}},"fnMap":{"0":{"name":"(anonymous_0)","decl":{"start":{"line":9,"column":22},"end":{"line":9,"column":23}},"loc":{"start":{"line":9,"column":42},"end":{"line":104,"column":1}},"line":9},"1":{"name":"(anonymous_1)","decl":{"start":{"line":106,"column":29},"end":{"line":106,"column":30}},"loc":{"start":{"line":106,"column":48},"end":{"line":190,"column":1}},"line":106},"2":{"name":"(anonymous_2)","decl":{"start":{"line":169,"column":49},"end":{"line":169,"column":50}},"loc":{"start":{"line":169,"column":55},"end":{"line":169,"column":57}},"line":169},"3":{"name":"(anonymous_3)","decl":{"start":{"line":192,"column":30},"end":{"line":192,"column":31}},"loc":{"start":{"line":192,"column":50},"end":{"line":248,"column":1}},"line":192},"4":{"name":"(anonymous_4)","decl":{"start":{"line":250,"column":21},"end":{"line":250,"column":22}},"loc":{"start":{"line":250,"column":41},"end":{"line":304,"column":1}},"line":250},"5":{"name":"(anonymous_5)","decl":{"start":{"line":306,"column":30},"end":{"line":306,"column":31}},"loc":{"start":{"line":306,"column":49},"end":{"line":368,"column":1}},"line":306},"6":{"name":"(anonymous_6)","decl":{"start":{"line":370,"column":25},"end":{"line":370,"column":26}},"loc":{"start":{"line":370,"column":44},"end":{"line":417,"column":1}},"line":370},"7":{"name":"(anonymous_7)","decl":{"start":{"line":419,"column":29},"end":{"line":419,"column":30}},"loc":{"start":{"line":419,"column":47},"end":{"line":465,"column":1}},"line":419},"8":{"name":"(anonymous_8)","decl":{"start":{"line":467,"column":30},"end":{"line":467,"column":31}},"loc":{"start":{"line":467,"column":50},"end":{"line":531,"column":1}},"line":467},"9":{"name":"(anonymous_9)","decl":{"start":{"line":533,"column":45},"end":{"line":533,"column":46}},"loc":{"start":{"line":533,"column":65},"end":{"line":617,"column":1}},"line":533}},"branchMap":{"0":{"loc":{"start":{"line":18,"column":4},"end":{"line":22,"column":5}},"type":"if","locations":[{"start":{"line":18,"column":4},"end":{"line":22,"column":5}},{"start":{},"end":{}}],"line":18},"1":{"loc":{"start":{"line":18,"column":8},"end":{"line":18,"column":46}},"type":"binary-expr","locations":[{"start":{"line":18,"column":8},"end":{"line":18,"column":20}},{"start":{"line":18,"column":24},"end":{"line":18,"column":46}}],"line":18},"2":{"loc":{"start":{"line":25,"column":4},"end":{"line":29,"column":5}},"type":"if","locations":[{"start":{"line":25,"column":4},"end":{"line":29,"column":5}},{"start":{},"end":{}}],"line":25},"3":{"loc":{"start":{"line":25,"column":8},"end":{"line":25,"column":92}},"type":"binary-expr","locations":[{"start":{"line":25,"column":8},"end":{"line":25,"column":24}},{"start":{"line":25,"column":28},"end":{"line":25,"column":58}},{"start":{"line":25,"column":62},"end":{"line":25,"column":92}}],"line":25},"4":{"loc":{"start":{"line":33,"column":4},"end":{"line":37,"column":5}},"type":"if","locations":[{"start":{"line":33,"column":4},"end":{"line":37,"column":5}},{"start":{},"end":{}}],"line":33},"5":{"loc":{"start":{"line":33,"column":8},"end":{"line":33,"column":54}},"type":"binary-expr","locations":[{"start":{"line":33,"column":8},"end":{"line":33,"column":17}},{"start":{"line":33,"column":21},"end":{"line":33,"column":40}},{"start":{"line":33,"column":44},"end":{"line":33,"column":54}}],"line":33},"6":{"loc":{"start":{"line":42,"column":4},"end":{"line":46,"column":5}},"type":"if","locations":[{"start":{"line":42,"column":4},"end":{"line":46,"column":5}},{"start":{},"end":{}}],"line":42},"7":{"loc":{"start":{"line":111,"column":4},"end":{"line":115,"column":5}},"type":"if","locations":[{"start":{"line":111,"column":4},"end":{"line":115,"column":5}},{"start":{},"end":{}}],"line":111},"8":{"loc":{"start":{"line":119,"column":4},"end":{"line":123,"column":5}},"type":"if","locations":[{"start":{"line":119,"column":4},"end":{"line":123,"column":5}},{"start":{},"end":{}}],"line":119},"9":{"loc":{"start":{"line":119,"column":7},"end":{"line":119,"column":76}},"type":"binary-expr","locations":[{"start":{"line":119,"column":7},"end":{"line":119,"column":32}},{"start":{"line":119,"column":36},"end":{"line":119,"column":76}}],"line":119},"10":{"loc":{"start":{"line":127,"column":4},"end":{"line":131,"column":5}},"type":"if","locations":[{"start":{"line":127,"column":4},"end":{"line":131,"column":5}},{"start":{},"end":{}}],"line":127},"11":{"loc":{"start":{"line":133,"column":4},"end":{"line":137,"column":5}},"type":"if","locations":[{"start":{"line":133,"column":4},"end":{"line":137,"column":5}},{"start":{},"end":{}}],"line":133},"12":{"loc":{"start":{"line":141,"column":4},"end":{"line":145,"column":5}},"type":"if","locations":[{"start":{"line":141,"column":4},"end":{"line":145,"column":5}},{"start":{},"end":{}}],"line":141},"13":{"loc":{"start":{"line":147,"column":4},"end":{"line":151,"column":5}},"type":"if","locations":[{"start":{"line":147,"column":4},"end":{"line":151,"column":5}},{"start":{},"end":{}}],"line":147},"14":{"loc":{"start":{"line":154,"column":4},"end":{"line":158,"column":5}},"type":"if","locations":[{"start":{"line":154,"column":4},"end":{"line":158,"column":5}},{"start":{},"end":{}}],"line":154},"15":{"loc":{"start":{"line":160,"column":4},"end":{"line":164,"column":5}},"type":"if","locations":[{"start":{"line":160,"column":4},"end":{"line":164,"column":5}},{"start":{},"end":{}}],"line":160},"16":{"loc":{"start":{"line":168,"column":4},"end":{"line":170,"column":5}},"type":"if","locations":[{"start":{"line":168,"column":4},"end":{"line":170,"column":5}},{"start":{},"end":{}}],"line":168},"17":{"loc":{"start":{"line":196,"column":4},"end":{"line":200,"column":5}},"type":"if","locations":[{"start":{"line":196,"column":4},"end":{"line":200,"column":5}},{"start":{},"end":{}}],"line":196},"18":{"loc":{"start":{"line":196,"column":8},"end":{"line":196,"column":32}},"type":"binary-expr","locations":[{"start":{"line":196,"column":8},"end":{"line":196,"column":12}},{"start":{"line":196,"column":16},"end":{"line":196,"column":32}}],"line":196},"19":{"loc":{"start":{"line":206,"column":4},"end":{"line":210,"column":5}},"type":"if","locations":[{"start":{"line":206,"column":4},"end":{"line":210,"column":5}},{"start":{},"end":{}}],"line":206},"20":{"loc":{"start":{"line":206,"column":8},"end":{"line":206,"column":69}},"type":"binary-expr","locations":[{"start":{"line":206,"column":8},"end":{"line":206,"column":13}},{"start":{"line":206,"column":17},"end":{"line":206,"column":38}},{"start":{"line":206,"column":42},"end":{"line":206,"column":69}}],"line":206},"21":{"loc":{"start":{"line":213,"column":4},"end":{"line":217,"column":5}},"type":"if","locations":[{"start":{"line":213,"column":4},"end":{"line":217,"column":5}},{"start":{},"end":{}}],"line":213},"22":{"loc":{"start":{"line":221,"column":4},"end":{"line":225,"column":5}},"type":"if","locations":[{"start":{"line":221,"column":4},"end":{"line":225,"column":5}},{"start":{},"end":{}}],"line":221},"23":{"loc":{"start":{"line":255,"column":4},"end":{"line":259,"column":5}},"type":"if","locations":[{"start":{"line":255,"column":4},"end":{"line":259,"column":5}},{"start":{},"end":{}}],"line":255},"24":{"loc":{"start":{"line":255,"column":8},"end":{"line":255,"column":27}},"type":"binary-expr","locations":[{"start":{"line":255,"column":8},"end":{"line":255,"column":14}},{"start":{"line":255,"column":18},"end":{"line":255,"column":27}}],"line":255},"25":{"loc":{"start":{"line":265,"column":4},"end":{"line":269,"column":5}},"type":"if","locations":[{"start":{"line":265,"column":4},"end":{"line":269,"column":5}},{"start":{},"end":{}}],"line":265},"26":{"loc":{"start":{"line":271,"column":4},"end":{"line":275,"column":5}},"type":"if","locations":[{"start":{"line":271,"column":4},"end":{"line":275,"column":5}},{"start":{},"end":{}}],"line":271},"27":{"loc":{"start":{"line":280,"column":4},"end":{"line":284,"column":5}},"type":"if","locations":[{"start":{"line":280,"column":4},"end":{"line":284,"column":5}},{"start":{},"end":{}}],"line":280},"28":{"loc":{"start":{"line":286,"column":4},"end":{"line":288,"column":5}},"type":"if","locations":[{"start":{"line":286,"column":4},"end":{"line":288,"column":5}},{"start":{},"end":{}}],"line":286},"29":{"loc":{"start":{"line":312,"column":4},"end":{"line":316,"column":5}},"type":"if","locations":[{"start":{"line":312,"column":4},"end":{"line":316,"column":5}},{"start":{},"end":{}}],"line":312},"30":{"loc":{"start":{"line":317,"column":4},"end":{"line":321,"column":5}},"type":"if","locations":[{"start":{"line":317,"column":4},"end":{"line":321,"column":5}},{"start":{},"end":{}}],"line":317},"31":{"loc":{"start":{"line":317,"column":7},"end":{"line":317,"column":51}},"type":"binary-expr","locations":[{"start":{"line":317,"column":7},"end":{"line":317,"column":27}},{"start":{"line":317,"column":31},"end":{"line":317,"column":51}}],"line":317},"32":{"loc":{"start":{"line":323,"column":4},"end":{"line":327,"column":5}},"type":"if","locations":[{"start":{"line":323,"column":4},"end":{"line":327,"column":5}},{"start":{},"end":{}}],"line":323},"33":{"loc":{"start":{"line":374,"column":4},"end":{"line":378,"column":5}},"type":"if","locations":[{"start":{"line":374,"column":4},"end":{"line":378,"column":5}},{"start":{},"end":{}}],"line":374},"34":{"loc":{"start":{"line":374,"column":7},"end":{"line":374,"column":31}},"type":"binary-expr","locations":[{"start":{"line":374,"column":7},"end":{"line":374,"column":11}},{"start":{"line":374,"column":15},"end":{"line":374,"column":31}}],"line":374},"35":{"loc":{"start":{"line":384,"column":4},"end":{"line":388,"column":5}},"type":"if","locations":[{"start":{"line":384,"column":4},"end":{"line":388,"column":5}},{"start":{},"end":{}}],"line":384},"36":{"loc":{"start":{"line":384,"column":7},"end":{"line":384,"column":54}},"type":"binary-expr","locations":[{"start":{"line":384,"column":7},"end":{"line":384,"column":12}},{"start":{"line":384,"column":16},"end":{"line":384,"column":30}},{"start":{"line":384,"column":34},"end":{"line":384,"column":54}}],"line":384},"37":{"loc":{"start":{"line":390,"column":4},"end":{"line":394,"column":5}},"type":"if","locations":[{"start":{"line":390,"column":4},"end":{"line":394,"column":5}},{"start":{},"end":{}}],"line":390},"38":{"loc":{"start":{"line":397,"column":4},"end":{"line":401,"column":5}},"type":"if","locations":[{"start":{"line":397,"column":4},"end":{"line":401,"column":5}},{"start":{},"end":{}}],"line":397},"39":{"loc":{"start":{"line":423,"column":4},"end":{"line":427,"column":5}},"type":"if","locations":[{"start":{"line":423,"column":4},"end":{"line":427,"column":5}},{"start":{},"end":{}}],"line":423},"40":{"loc":{"start":{"line":423,"column":7},"end":{"line":423,"column":28}},"type":"binary-expr","locations":[{"start":{"line":423,"column":7},"end":{"line":423,"column":12}},{"start":{"line":423,"column":16},"end":{"line":423,"column":28}}],"line":423},"41":{"loc":{"start":{"line":430,"column":4},"end":{"line":434,"column":5}},"type":"if","locations":[{"start":{"line":430,"column":4},"end":{"line":434,"column":5}},{"start":{},"end":{}}],"line":430},"42":{"loc":{"start":{"line":430,"column":8},"end":{"line":430,"column":46}},"type":"binary-expr","locations":[{"start":{"line":430,"column":8},"end":{"line":430,"column":13}},{"start":{"line":430,"column":17},"end":{"line":430,"column":32}},{"start":{"line":430,"column":36},"end":{"line":430,"column":46}}],"line":430},"43":{"loc":{"start":{"line":436,"column":4},"end":{"line":440,"column":5}},"type":"if","locations":[{"start":{"line":436,"column":4},"end":{"line":440,"column":5}},{"start":{},"end":{}}],"line":436},"44":{"loc":{"start":{"line":443,"column":4},"end":{"line":447,"column":5}},"type":"if","locations":[{"start":{"line":443,"column":4},"end":{"line":447,"column":5}},{"start":{},"end":{}}],"line":443},"45":{"loc":{"start":{"line":471,"column":4},"end":{"line":475,"column":5}},"type":"if","locations":[{"start":{"line":471,"column":4},"end":{"line":475,"column":5}},{"start":{},"end":{}}],"line":471},"46":{"loc":{"start":{"line":481,"column":4},"end":{"line":485,"column":5}},"type":"if","locations":[{"start":{"line":481,"column":4},"end":{"line":485,"column":5}},{"start":{},"end":{}}],"line":481},"47":{"loc":{"start":{"line":488,"column":4},"end":{"line":492,"column":5}},"type":"if","locations":[{"start":{"line":488,"column":4},"end":{"line":492,"column":5}},{"start":{},"end":{}}],"line":488},"48":{"loc":{"start":{"line":538,"column":4},"end":{"line":542,"column":5}},"type":"if","locations":[{"start":{"line":538,"column":4},"end":{"line":542,"column":5}},{"start":{},"end":{}}],"line":538},"49":{"loc":{"start":{"line":538,"column":8},"end":{"line":538,"column":27}},"type":"binary-expr","locations":[{"start":{"line":538,"column":8},"end":{"line":538,"column":14}},{"start":{"line":538,"column":18},"end":{"line":538,"column":27}}],"line":538},"50":{"loc":{"start":{"line":547,"column":4},"end":{"line":551,"column":5}},"type":"if","locations":[{"start":{"line":547,"column":4},"end":{"line":551,"column":5}},{"start":{},"end":{}}],"line":547},"51":{"loc":{"start":{"line":556,"column":4},"end":{"line":560,"column":5}},"type":"if","locations":[{"start":{"line":556,"column":4},"end":{"line":560,"column":5}},{"start":{},"end":{}}],"line":556},"52":{"loc":{"start":{"line":563,"column":4},"end":{"line":567,"column":5}},"type":"if","locations":[{"start":{"line":563,"column":4},"end":{"line":567,"column":5}},{"start":{},"end":{}}],"line":563},"53":{"loc":{"start":{"line":572,"column":4},"end":{"line":576,"column":5}},"type":"if","locations":[{"start":{"line":572,"column":4},"end":{"line":576,"column":5}},{"start":{},"end":{}}],"line":572}},"s":{"0":3,"1":3,"2":3,"3":3,"4":3,"5":3,"6":3,"7":0,"8":3,"9":1,"10":2,"11":2,"12":0,"13":2,"14":2,"15":1,"16":1,"17":1,"18":1,"19":1,"20":1,"21":1,"22":1,"23":1,"24":1,"25":1,"26":1,"27":1,"28":0,"29":0,"30":3,"31":0,"32":0,"33":0,"34":0,"35":0,"36":0,"37":0,"38":0,"39":0,"40":0,"41":0,"42":0,"43":0,"44":0,"45":0,"46":0,"47":0,"48":0,"49":0,"50":0,"51":0,"52":0,"53":0,"54":0,"55":0,"56":0,"57":0,"58":0,"59":0,"60":0,"61":0,"62":0,"63":3,"64":2,"65":2,"66":2,"67":1,"68":1,"69":1,"70":1,"71":0,"72":1,"73":0,"74":1,"75":1,"76":0,"77":1,"78":1,"79":1,"80":1,"81":1,"82":1,"83":0,"84":0,"85":3,"86":2,"87":2,"88":2,"89":0,"90":2,"91":2,"92":2,"93":1,"94":1,"95":0,"96":1,"97":1,"98":0,"99":1,"100":0,"101":1,"102":1,"103":0,"104":3,"105":2,"106":2,"107":2,"108":2,"109":0,"110":2,"111":0,"112":2,"113":2,"114":1,"115":1,"116":1,"117":1,"118":1,"119":1,"120":1,"121":1,"122":1,"123":1,"124":0,"125":0,"126":3,"127":0,"128":0,"129":0,"130":0,"131":0,"132":0,"133":0,"134":0,"135":0,"136":0,"137":0,"138":0,"139":0,"140":0,"141":0,"142":0,"143":0,"144":0,"145":3,"146":2,"147":2,"148":2,"149":0,"150":2,"151":2,"152":0,"153":2,"154":1,"155":1,"156":1,"157":0,"158":1,"159":1,"160":1,"161":1,"162":1,"163":0,"164":3,"165":0,"166":0,"167":0,"168":0,"169":0,"170":0,"171":0,"172":0,"173":0,"174":0,"175":0,"176":0,"177":0,"178":0,"179":0,"180":0,"181":0,"182":0,"183":0,"184":0,"185":3,"186":0,"187":0,"188":0,"189":0,"190":0,"191":0,"192":0,"193":0,"194":0,"195":0,"196":0,"197":0,"198":0,"199":0,"200":0,"201":0,"202":0,"203":0,"204":0,"205":0,"206":0,"207":0,"208":0,"209":0,"210":0,"211":0,"212":0},"f":{"0":3,"1":0,"2":0,"3":2,"4":2,"5":2,"6":0,"7":2,"8":0,"9":0},"b":{"0":[0,3],"1":[3,3],"2":[1,2],"3":[3,3,2],"4":[0,2],"5":[2,2,2],"6":[1,1],"7":[0,0],"8":[0,0],"9":[0,0],"10":[0,0],"11":[0,0],"12":[0,0],"13":[0,0],"14":[0,0],"15":[0,0],"16":[0,0],"17":[1,1],"18":[2,2],"19":[0,1],"20":[1,1,1],"21":[0,1],"22":[0,1],"23":[0,2],"24":[2,2],"25":[1,1],"26":[0,1],"27":[0,1],"28":[0,1],"29":[0,2],"30":[0,2],"31":[2,2],"32":[1,1],"33":[0,0],"34":[0,0],"35":[0,0],"36":[0,0,0],"37":[0,0],"38":[0,0],"39":[0,2],"40":[2,2],"41":[0,2],"42":[2,2,2],"43":[1,1],"44":[0,1],"45":[0,0],"46":[0,0],"47":[0,0],"48":[0,0],"49":[0,0],"50":[0,0],"51":[0,0],"52":[0,0],"53":[0,0]},"_coverageSchema":"1a1c01bbd47fc00a2c39e90264f33305004495a9","hash":"a9db9a3394efaacd7c71d55d3c657d3537ba01c3"}
,"E:\\Nest\\nest-platform\\backend\\src\\controllers\\userController.js": {"path":"E:\\Nest\\nest-platform\\backend\\src\\controllers\\userController.js","statementMap":{"0":{"start":{"line":6,"column":27},"end":{"line":58,"column":1}},"1":{"start":{"line":7,"column":2},"end":{"line":57,"column":3}},"2":{"start":{"line":8,"column":29},"end":{"line":8,"column":37}},"3":{"start":{"line":11,"column":4},"end":{"line":15,"column":5}},"4":{"start":{"line":12,"column":6},"end":{"line":14,"column":9}},"5":{"start":{"line":18,"column":25},"end":{"line":18,"column":44}},"6":{"start":{"line":19,"column":4},"end":{"line":23,"column":5}},"7":{"start":{"line":20,"column":6},"end":{"line":22,"column":9}},"8":{"start":{"line":25,"column":17},"end":{"line":25,"column":50}},"9":{"start":{"line":27,"column":4},"end":{"line":31,"column":5}},"10":{"start":{"line":28,"column":6},"end":{"line":30,"column":9}},"11":{"start":{"line":33,"column":4},"end":{"line":35,"column":5}},"12":{"start":{"line":34,"column":6},"end":{"line":34,"column":40}},"13":{"start":{"line":38,"column":4},"end":{"line":40,"column":5}},"14":{"start":{"line":39,"column":6},"end":{"line":39,"column":45}},"15":{"start":{"line":43,"column":4},"end":{"line":43,"column":35}},"16":{"start":{"line":45,"column":4},"end":{"line":45,"column":22}},"17":{"start":{"line":47,"column":4},"end":{"line":51,"column":7}},"18":{"start":{"line":54,"column":4},"end":{"line":56,"column":7}},"19":{"start":{"line":61,"column":30},"end":{"line":83,"column":1}},"20":{"start":{"line":62,"column":2},"end":{"line":82,"column":3}},"21":{"start":{"line":63,"column":4},"end":{"line":67,"column":5}},"22":{"start":{"line":64,"column":6},"end":{"line":66,"column":8}},"23":{"start":{"line":69,"column":17},"end":{"line":71,"column":5}},"24":{"start":{"line":72,"column":4},"end":{"line":76,"column":5}},"25":{"start":{"line":73,"column":6},"end":{"line":75,"column":8}},"26":{"start":{"line":77,"column":4},"end":{"line":77,"column":30}},"27":{"start":{"line":79,"column":4},"end":{"line":81,"column":6}},"28":{"start":{"line":85,"column":29},"end":{"line":132,"column":1}},"29":{"start":{"line":86,"column":2},"end":{"line":131,"column":3}},"30":{"start":{"line":88,"column":17},"end":{"line":88,"column":50}},"31":{"start":{"line":90,"column":4},"end":{"line":94,"column":5}},"32":{"start":{"line":91,"column":6},"end":{"line":93,"column":9}},"33":{"start":{"line":99,"column":8},"end":{"line":99,"column":16}},"34":{"start":{"line":101,"column":4},"end":{"line":103,"column":5}},"35":{"start":{"line":102,"column":6},"end":{"line":102,"column":37}},"36":{"start":{"line":105,"column":4},"end":{"line":107,"column":5}},"37":{"start":{"line":106,"column":6},"end":{"line":106,"column":33}},"38":{"start":{"line":108,"column":4},"end":{"line":117,"column":5}},"39":{"start":{"line":110,"column":6},"end":{"line":112,"column":7}},"40":{"start":{"line":111,"column":8},"end":{"line":111,"column":56}},"41":{"start":{"line":115,"column":24},"end":{"line":115,"column":50}},"42":{"start":{"line":116,"column":6},"end":{"line":116,"column":30}},"43":{"start":{"line":119,"column":25},"end":{"line":119,"column":42}},"44":{"start":{"line":121,"column":4},"end":{"line":124,"column":7}},"45":{"start":{"line":127,"column":4},"end":{"line":127,"column":23}},"46":{"start":{"line":128,"column":4},"end":{"line":130,"column":7}},"47":{"start":{"line":134,"column":27},"end":{"line":176,"column":1}},"48":{"start":{"line":135,"column":2},"end":{"line":175,"column":3}},"49":{"start":{"line":137,"column":17},"end":{"line":137,"column":50}},"50":{"start":{"line":139,"column":4},"end":{"line":143,"column":5}},"51":{"start":{"line":140,"column":6},"end":{"line":142,"column":9}},"52":{"start":{"line":150,"column":8},"end":{"line":150,"column":16}},"53":{"start":{"line":152,"column":4},"end":{"line":152,"column":45}},"54":{"start":{"line":152,"column":18},"end":{"line":152,"column":45}},"55":{"start":{"line":153,"column":4},"end":{"line":153,"column":66}},"56":{"start":{"line":153,"column":25},"end":{"line":153,"column":66}},"57":{"start":{"line":154,"column":4},"end":{"line":154,"column":57}},"58":{"start":{"line":154,"column":22},"end":{"line":154,"column":57}},"59":{"start":{"line":155,"column":4},"end":{"line":155,"column":45}},"60":{"start":{"line":155,"column":18},"end":{"line":155,"column":45}},"61":{"start":{"line":157,"column":4},"end":{"line":163,"column":5}},"62":{"start":{"line":158,"column":6},"end":{"line":160,"column":7}},"63":{"start":{"line":159,"column":8},"end":{"line":159,"column":59}},"64":{"start":{"line":161,"column":22},"end":{"line":161,"column":48}},"65":{"start":{"line":162,"column":6},"end":{"line":162,"column":31}},"66":{"start":{"line":165,"column":4},"end":{"line":165,"column":22}},"67":{"start":{"line":167,"column":4},"end":{"line":170,"column":7}},"68":{"start":{"line":173,"column":4},"end":{"line":173,"column":23}},"69":{"start":{"line":174,"column":4},"end":{"line":174,"column":51}},"70":{"start":{"line":178,"column":24},"end":{"line":204,"column":1}},"71":{"start":{"line":179,"column":2},"end":{"line":203,"column":3}},"72":{"start":{"line":180,"column":17},"end":{"line":180,"column":50}},"73":{"start":{"line":182,"column":4},"end":{"line":186,"column":5}},"74":{"start":{"line":183,"column":6},"end":{"line":185,"column":9}},"75":{"start":{"line":189,"column":4},"end":{"line":189,"column":61}},"76":{"start":{"line":190,"column":4},"end":{"line":190,"column":46}},"77":{"start":{"line":191,"column":4},"end":{"line":191,"column":43}},"78":{"start":{"line":192,"column":4},"end":{"line":192,"column":40}},"79":{"start":{"line":194,"column":24},"end":{"line":194,"column":41}},"80":{"start":{"line":196,"column":4},"end":{"line":196,"column":38}},"81":{"start":{"line":199,"column":4},"end":{"line":199,"column":48}},"82":{"start":{"line":200,"column":4},"end":{"line":202,"column":7}},"83":{"start":{"line":206,"column":30},"end":{"line":232,"column":1}},"84":{"start":{"line":207,"column":2},"end":{"line":231,"column":3}},"85":{"start":{"line":208,"column":25},"end":{"line":208,"column":33}},"86":{"start":{"line":210,"column":4},"end":{"line":214,"column":5}},"87":{"start":{"line":211,"column":6},"end":{"line":213,"column":9}},"88":{"start":{"line":216,"column":17},"end":{"line":216,"column":50}},"89":{"start":{"line":218,"column":4},"end":{"line":220,"column":5}},"90":{"start":{"line":219,"column":6},"end":{"line":219,"column":65}},"91":{"start":{"line":222,"column":23},"end":{"line":222,"column":25}},"92":{"start":{"line":223,"column":4},"end":{"line":223,"column":60}},"93":{"start":{"line":225,"column":4},"end":{"line":225,"column":22}},"94":{"start":{"line":227,"column":4},"end":{"line":227,"column":78}},"95":{"start":{"line":229,"column":4},"end":{"line":229,"column":49}},"96":{"start":{"line":230,"column":4},"end":{"line":230,"column":61}},"97":{"start":{"line":234,"column":26},"end":{"line":280,"column":1}},"98":{"start":{"line":235,"column":2},"end":{"line":279,"column":3}},"99":{"start":{"line":236,"column":17},"end":{"line":236,"column":25}},"100":{"start":{"line":237,"column":21},"end":{"line":237,"column":29}},"101":{"start":{"line":240,"column":25},"end":{"line":240,"column":44}},"102":{"start":{"line":241,"column":4},"end":{"line":245,"column":5}},"103":{"start":{"line":242,"column":6},"end":{"line":244,"column":9}},"104":{"start":{"line":248,"column":4},"end":{"line":250,"column":5}},"105":{"start":{"line":249,"column":6},"end":{"line":249,"column":40}},"106":{"start":{"line":253,"column":4},"end":{"line":257,"column":5}},"107":{"start":{"line":254,"column":6},"end":{"line":256,"column":9}},"108":{"start":{"line":260,"column":4},"end":{"line":265,"column":5}},"109":{"start":{"line":261,"column":6},"end":{"line":264,"column":9}},"110":{"start":{"line":268,"column":4},"end":{"line":268,"column":27}},"111":{"start":{"line":269,"column":4},"end":{"line":269,"column":22}},"112":{"start":{"line":271,"column":4},"end":{"line":274,"column":7}},"113":{"start":{"line":277,"column":4},"end":{"line":277,"column":45}},"114":{"start":{"line":278,"column":4},"end":{"line":278,"column":61}},"115":{"start":{"line":282,"column":29},"end":{"line":322,"column":1}},"116":{"start":{"line":283,"column":2},"end":{"line":321,"column":3}},"117":{"start":{"line":284,"column":17},"end":{"line":284,"column":25}},"118":{"start":{"line":286,"column":4},"end":{"line":290,"column":5}},"119":{"start":{"line":287,"column":6},"end":{"line":289,"column":9}},"120":{"start":{"line":292,"column":4},"end":{"line":292,"column":31}},"121":{"start":{"line":293,"column":4},"end":{"line":293,"column":51}},"122":{"start":{"line":294,"column":4},"end":{"line":294,"column":21}},"123":{"start":{"line":296,"column":4},"end":{"line":296,"column":26}},"124":{"start":{"line":297,"column":4},"end":{"line":297,"column":28}},"125":{"start":{"line":298,"column":4},"end":{"line":298,"column":26}},"126":{"start":{"line":300,"column":4},"end":{"line":300,"column":41}},"127":{"start":{"line":301,"column":4},"end":{"line":301,"column":37}},"128":{"start":{"line":302,"column":4},"end":{"line":302,"column":31}},"129":{"start":{"line":303,"column":4},"end":{"line":303,"column":24}},"130":{"start":{"line":304,"column":4},"end":{"line":304,"column":28}},"131":{"start":{"line":306,"column":4},"end":{"line":306,"column":31}},"132":{"start":{"line":308,"column":4},"end":{"line":308,"column":27}},"133":{"start":{"line":309,"column":4},"end":{"line":309,"column":36}},"134":{"start":{"line":310,"column":4},"end":{"line":310,"column":26}},"135":{"start":{"line":312,"column":4},"end":{"line":312,"column":22}},"136":{"start":{"line":314,"column":4},"end":{"line":316,"column":7}},"137":{"start":{"line":319,"column":4},"end":{"line":319,"column":48}},"138":{"start":{"line":320,"column":4},"end":{"line":320,"column":61}},"139":{"start":{"line":327,"column":28},"end":{"line":355,"column":1}},"140":{"start":{"line":328,"column":2},"end":{"line":354,"column":3}},"141":{"start":{"line":329,"column":17},"end":{"line":329,"column":50}},"142":{"start":{"line":331,"column":4},"end":{"line":335,"column":5}},"143":{"start":{"line":332,"column":6},"end":{"line":334,"column":9}},"144":{"start":{"line":337,"column":4},"end":{"line":341,"column":5}},"145":{"start":{"line":338,"column":6},"end":{"line":340,"column":9}},"146":{"start":{"line":343,"column":4},"end":{"line":343,"column":50}},"147":{"start":{"line":345,"column":24},"end":{"line":345,"column":41}},"148":{"start":{"line":347,"column":4},"end":{"line":347,"column":38}},"149":{"start":{"line":350,"column":4},"end":{"line":350,"column":47}},"150":{"start":{"line":351,"column":4},"end":{"line":353,"column":7}},"151":{"start":{"line":356,"column":28},"end":{"line":363,"column":1}},"152":{"start":{"line":357,"column":2},"end":{"line":362,"column":3}},"153":{"start":{"line":358,"column":18},"end":{"line":358,"column":45}},"154":{"start":{"line":359,"column":4},"end":{"line":359,"column":48}},"155":{"start":{"line":361,"column":4},"end":{"line":361,"column":53}},"156":{"start":{"line":364,"column":30},"end":{"line":378,"column":1}},"157":{"start":{"line":365,"column":2},"end":{"line":377,"column":3}},"158":{"start":{"line":366,"column":22},"end":{"line":366,"column":31}},"159":{"start":{"line":367,"column":4},"end":{"line":367,"column":75}},"160":{"start":{"line":367,"column":16},"end":{"line":367,"column":75}},"161":{"start":{"line":369,"column":17},"end":{"line":370,"column":50}},"162":{"start":{"line":372,"column":4},"end":{"line":372,"column":89}},"163":{"start":{"line":372,"column":15},"end":{"line":372,"column":89}},"164":{"start":{"line":374,"column":4},"end":{"line":374,"column":23}},"165":{"start":{"line":376,"column":4},"end":{"line":376,"column":51}}},"fnMap":{"0":{"name":"(anonymous_0)","decl":{"start":{"line":6,"column":27},"end":{"line":6,"column":28}},"loc":{"start":{"line":6,"column":47},"end":{"line":58,"column":1}},"line":6},"1":{"name":"(anonymous_1)","decl":{"start":{"line":61,"column":30},"end":{"line":61,"column":31}},"loc":{"start":{"line":61,"column":49},"end":{"line":83,"column":1}},"line":61},"2":{"name":"(anonymous_2)","decl":{"start":{"line":85,"column":29},"end":{"line":85,"column":30}},"loc":{"start":{"line":85,"column":49},"end":{"line":132,"column":1}},"line":85},"3":{"name":"(anonymous_3)","decl":{"start":{"line":111,"column":46},"end":{"line":111,"column":47}},"loc":{"start":{"line":111,"column":52},"end":{"line":111,"column":54}},"line":111},"4":{"name":"(anonymous_4)","decl":{"start":{"line":134,"column":27},"end":{"line":134,"column":28}},"loc":{"start":{"line":134,"column":47},"end":{"line":176,"column":1}},"line":134},"5":{"name":"(anonymous_5)","decl":{"start":{"line":159,"column":49},"end":{"line":159,"column":50}},"loc":{"start":{"line":159,"column":55},"end":{"line":159,"column":57}},"line":159},"6":{"name":"(anonymous_6)","decl":{"start":{"line":178,"column":24},"end":{"line":178,"column":25}},"loc":{"start":{"line":178,"column":44},"end":{"line":204,"column":1}},"line":178},"7":{"name":"(anonymous_7)","decl":{"start":{"line":206,"column":30},"end":{"line":206,"column":31}},"loc":{"start":{"line":206,"column":50},"end":{"line":232,"column":1}},"line":206},"8":{"name":"(anonymous_8)","decl":{"start":{"line":234,"column":26},"end":{"line":234,"column":27}},"loc":{"start":{"line":234,"column":46},"end":{"line":280,"column":1}},"line":234},"9":{"name":"(anonymous_9)","decl":{"start":{"line":282,"column":29},"end":{"line":282,"column":30}},"loc":{"start":{"line":282,"column":49},"end":{"line":322,"column":1}},"line":282},"10":{"name":"(anonymous_10)","decl":{"start":{"line":327,"column":28},"end":{"line":327,"column":29}},"loc":{"start":{"line":327,"column":48},"end":{"line":355,"column":1}},"line":327},"11":{"name":"(anonymous_11)","decl":{"start":{"line":356,"column":28},"end":{"line":356,"column":29}},"loc":{"start":{"line":356,"column":48},"end":{"line":363,"column":1}},"line":356},"12":{"name":"(anonymous_12)","decl":{"start":{"line":364,"column":30},"end":{"line":364,"column":31}},"loc":{"start":{"line":364,"column":50},"end":{"line":378,"column":1}},"line":364}},"branchMap":{"0":{"loc":{"start":{"line":11,"column":4},"end":{"line":15,"column":5}},"type":"if","locations":[{"start":{"line":11,"column":4},"end":{"line":15,"column":5}},{"start":{},"end":{}}],"line":11},"1":{"loc":{"start":{"line":19,"column":4},"end":{"line":23,"column":5}},"type":"if","locations":[{"start":{"line":19,"column":4},"end":{"line":23,"column":5}},{"start":{},"end":{}}],"line":19},"2":{"loc":{"start":{"line":27,"column":4},"end":{"line":31,"column":5}},"type":"if","locations":[{"start":{"line":27,"column":4},"end":{"line":31,"column":5}},{"start":{},"end":{}}],"line":27},"3":{"loc":{"start":{"line":33,"column":4},"end":{"line":35,"column":5}},"type":"if","locations":[{"start":{"line":33,"column":4},"end":{"line":35,"column":5}},{"start":{},"end":{}}],"line":33},"4":{"loc":{"start":{"line":38,"column":4},"end":{"line":40,"column":5}},"type":"if","locations":[{"start":{"line":38,"column":4},"end":{"line":40,"column":5}},{"start":{},"end":{}}],"line":38},"5":{"loc":{"start":{"line":63,"column":4},"end":{"line":67,"column":5}},"type":"if","locations":[{"start":{"line":63,"column":4},"end":{"line":67,"column":5}},{"start":{},"end":{}}],"line":63},"6":{"loc":{"start":{"line":72,"column":4},"end":{"line":76,"column":5}},"type":"if","locations":[{"start":{"line":72,"column":4},"end":{"line":76,"column":5}},{"start":{},"end":{}}],"line":72},"7":{"loc":{"start":{"line":90,"column":4},"end":{"line":94,"column":5}},"type":"if","locations":[{"start":{"line":90,"column":4},"end":{"line":94,"column":5}},{"start":{},"end":{}}],"line":90},"8":{"loc":{"start":{"line":101,"column":4},"end":{"line":103,"column":5}},"type":"if","locations":[{"start":{"line":101,"column":4},"end":{"line":103,"column":5}},{"start":{},"end":{}}],"line":101},"9":{"loc":{"start":{"line":105,"column":4},"end":{"line":107,"column":5}},"type":"if","locations":[{"start":{"line":105,"column":4},"end":{"line":107,"column":5}},{"start":{},"end":{}}],"line":105},"10":{"loc":{"start":{"line":108,"column":4},"end":{"line":117,"column":5}},"type":"if","locations":[{"start":{"line":108,"column":4},"end":{"line":117,"column":5}},{"start":{},"end":{}}],"line":108},"11":{"loc":{"start":{"line":110,"column":6},"end":{"line":112,"column":7}},"type":"if","locations":[{"start":{"line":110,"column":6},"end":{"line":112,"column":7}},{"start":{},"end":{}}],"line":110},"12":{"loc":{"start":{"line":139,"column":4},"end":{"line":143,"column":5}},"type":"if","locations":[{"start":{"line":139,"column":4},"end":{"line":143,"column":5}},{"start":{},"end":{}}],"line":139},"13":{"loc":{"start":{"line":152,"column":4},"end":{"line":152,"column":45}},"type":"if","locations":[{"start":{"line":152,"column":4},"end":{"line":152,"column":45}},{"start":{},"end":{}}],"line":152},"14":{"loc":{"start":{"line":153,"column":4},"end":{"line":153,"column":66}},"type":"if","locations":[{"start":{"line":153,"column":4},"end":{"line":153,"column":66}},{"start":{},"end":{}}],"line":153},"15":{"loc":{"start":{"line":154,"column":4},"end":{"line":154,"column":57}},"type":"if","locations":[{"start":{"line":154,"column":4},"end":{"line":154,"column":57}},{"start":{},"end":{}}],"line":154},"16":{"loc":{"start":{"line":155,"column":4},"end":{"line":155,"column":45}},"type":"if","locations":[{"start":{"line":155,"column":4},"end":{"line":155,"column":45}},{"start":{},"end":{}}],"line":155},"17":{"loc":{"start":{"line":157,"column":4},"end":{"line":163,"column":5}},"type":"if","locations":[{"start":{"line":157,"column":4},"end":{"line":163,"column":5}},{"start":{},"end":{}}],"line":157},"18":{"loc":{"start":{"line":158,"column":6},"end":{"line":160,"column":7}},"type":"if","locations":[{"start":{"line":158,"column":6},"end":{"line":160,"column":7}},{"start":{},"end":{}}],"line":158},"19":{"loc":{"start":{"line":182,"column":4},"end":{"line":186,"column":5}},"type":"if","locations":[{"start":{"line":182,"column":4},"end":{"line":186,"column":5}},{"start":{},"end":{}}],"line":182},"20":{"loc":{"start":{"line":189,"column":22},"end":{"line":189,"column":60}},"type":"binary-expr","locations":[{"start":{"line":189,"column":22},"end":{"line":189,"column":41}},{"start":{"line":189,"column":45},"end":{"line":189,"column":60}}],"line":189},"21":{"loc":{"start":{"line":190,"column":17},"end":{"line":190,"column":45}},"type":"binary-expr","locations":[{"start":{"line":190,"column":17},"end":{"line":190,"column":31}},{"start":{"line":190,"column":35},"end":{"line":190,"column":45}}],"line":190},"22":{"loc":{"start":{"line":191,"column":16},"end":{"line":191,"column":42}},"type":"binary-expr","locations":[{"start":{"line":191,"column":16},"end":{"line":191,"column":29}},{"start":{"line":191,"column":33},"end":{"line":191,"column":42}}],"line":191},"23":{"loc":{"start":{"line":192,"column":15},"end":{"line":192,"column":39}},"type":"binary-expr","locations":[{"start":{"line":192,"column":15},"end":{"line":192,"column":27}},{"start":{"line":192,"column":31},"end":{"line":192,"column":39}}],"line":192},"24":{"loc":{"start":{"line":210,"column":4},"end":{"line":214,"column":5}},"type":"if","locations":[{"start":{"line":210,"column":4},"end":{"line":214,"column":5}},{"start":{},"end":{}}],"line":210},"25":{"loc":{"start":{"line":210,"column":8},"end":{"line":210,"column":64}},"type":"binary-expr","locations":[{"start":{"line":210,"column":8},"end":{"line":210,"column":17}},{"start":{"line":210,"column":21},"end":{"line":210,"column":40}},{"start":{"line":210,"column":44},"end":{"line":210,"column":64}}],"line":210},"26":{"loc":{"start":{"line":218,"column":4},"end":{"line":220,"column":5}},"type":"if","locations":[{"start":{"line":218,"column":4},"end":{"line":220,"column":5}},{"start":{},"end":{}}],"line":218},"27":{"loc":{"start":{"line":241,"column":4},"end":{"line":245,"column":5}},"type":"if","locations":[{"start":{"line":241,"column":4},"end":{"line":245,"column":5}},{"start":{},"end":{}}],"line":241},"28":{"loc":{"start":{"line":248,"column":4},"end":{"line":250,"column":5}},"type":"if","locations":[{"start":{"line":248,"column":4},"end":{"line":250,"column":5}},{"start":{},"end":{}}],"line":248},"29":{"loc":{"start":{"line":253,"column":4},"end":{"line":257,"column":5}},"type":"if","locations":[{"start":{"line":253,"column":4},"end":{"line":257,"column":5}},{"start":{},"end":{}}],"line":253},"30":{"loc":{"start":{"line":260,"column":4},"end":{"line":265,"column":5}},"type":"if","locations":[{"start":{"line":260,"column":4},"end":{"line":265,"column":5}},{"start":{},"end":{}}],"line":260},"31":{"loc":{"start":{"line":286,"column":4},"end":{"line":290,"column":5}},"type":"if","locations":[{"start":{"line":286,"column":4},"end":{"line":290,"column":5}},{"start":{},"end":{}}],"line":286},"32":{"loc":{"start":{"line":331,"column":4},"end":{"line":335,"column":5}},"type":"if","locations":[{"start":{"line":331,"column":4},"end":{"line":335,"column":5}},{"start":{},"end":{}}],"line":331},"33":{"loc":{"start":{"line":337,"column":4},"end":{"line":341,"column":5}},"type":"if","locations":[{"start":{"line":337,"column":4},"end":{"line":341,"column":5}},{"start":{},"end":{}}],"line":337},"34":{"loc":{"start":{"line":367,"column":4},"end":{"line":367,"column":75}},"type":"if","locations":[{"start":{"line":367,"column":4},"end":{"line":367,"column":75}},{"start":{},"end":{}}],"line":367},"35":{"loc":{"start":{"line":372,"column":4},"end":{"line":372,"column":89}},"type":"if","locations":[{"start":{"line":372,"column":4},"end":{"line":372,"column":89}},{"start":{},"end":{}}],"line":372}},"s":{"0":3,"1":2,"2":2,"3":2,"4":0,"5":2,"6":2,"7":1,"8":1,"9":1,"10":0,"11":1,"12":0,"13":1,"14":1,"15":1,"16":1,"17":1,"18":0,"19":3,"20":1,"21":1,"22":0,"23":1,"24":1,"25":0,"26":1,"27":0,"28":3,"29":1,"30":1,"31":1,"32":0,"33":1,"34":1,"35":1,"36":1,"37":1,"38":1,"39":0,"40":0,"41":0,"42":0,"43":1,"44":1,"45":0,"46":0,"47":3,"48":1,"49":1,"50":1,"51":0,"52":1,"53":1,"54":1,"55":1,"56":0,"57":1,"58":0,"59":1,"60":0,"61":1,"62":0,"63":0,"64":0,"65":0,"66":1,"67":1,"68":0,"69":0,"70":3,"71":0,"72":0,"73":0,"74":0,"75":0,"76":0,"77":0,"78":0,"79":0,"80":0,"81":0,"82":0,"83":3,"84":2,"85":2,"86":2,"87":1,"88":1,"89":1,"90":0,"91":1,"92":1,"93":1,"94":1,"95":0,"96":0,"97":3,"98":3,"99":3,"100":3,"101":3,"102":3,"103":1,"104":2,"105":0,"106":2,"107":0,"108":2,"109":0,"110":2,"111":2,"112":2,"113":0,"114":0,"115":3,"116":1,"117":1,"118":1,"119":0,"120":1,"121":1,"122":1,"123":1,"124":1,"125":1,"126":1,"127":1,"128":1,"129":1,"130":1,"131":1,"132":1,"133":1,"134":1,"135":1,"136":1,"137":0,"138":0,"139":3,"140":0,"141":0,"142":0,"143":0,"144":0,"145":0,"146":0,"147":0,"148":0,"149":0,"150":0,"151":3,"152":1,"153":1,"154":1,"155":0,"156":3,"157":2,"158":2,"159":2,"160":1,"161":1,"162":1,"163":0,"164":1,"165":0},"f":{"0":2,"1":1,"2":1,"3":0,"4":1,"5":0,"6":0,"7":2,"8":3,"9":1,"10":0,"11":1,"12":2},"b":{"0":[0,2],"1":[1,1],"2":[0,1],"3":[0,1],"4":[1,0],"5":[0,1],"6":[0,1],"7":[0,1],"8":[1,0],"9":[1,0],"10":[0,1],"11":[0,0],"12":[0,1],"13":[1,0],"14":[0,1],"15":[0,1],"16":[0,1],"17":[0,1],"18":[0,0],"19":[0,0],"20":[0,0],"21":[0,0],"22":[0,0],"23":[0,0],"24":[1,1],"25":[2,2,1],"26":[0,1],"27":[1,2],"28":[0,2],"29":[0,2],"30":[0,2],"31":[0,1],"32":[0,0],"33":[0,0],"34":[1,1],"35":[0,1]},"_coverageSchema":"1a1c01bbd47fc00a2c39e90264f33305004495a9","hash":"4b60859a9807ed7802544ca977e45db385e0b3e8"}
,"E:\\Nest\\nest-platform\\backend\\src\\middleware\\authMiddleware.js": {"path":"E:\\Nest\\nest-platform\\backend\\src\\middleware\\authMiddleware.js","statementMap":{"0":{"start":{"line":5,"column":23},"end":{"line":42,"column":1}},"1":{"start":{"line":6,"column":2},"end":{"line":41,"column":3}},"2":{"start":{"line":9,"column":4},"end":{"line":11,"column":5}},"3":{"start":{"line":10,"column":6},"end":{"line":10,"column":54}},"4":{"start":{"line":14,"column":4},"end":{"line":18,"column":5}},"5":{"start":{"line":15,"column":6},"end":{"line":17,"column":9}},"6":{"start":{"line":21,"column":20},"end":{"line":21,"column":61}},"7":{"start":{"line":24,"column":4},"end":{"line":24,"column":67}},"8":{"start":{"line":26,"column":4},"end":{"line":30,"column":5}},"9":{"start":{"line":27,"column":6},"end":{"line":29,"column":9}},"10":{"start":{"line":32,"column":4},"end":{"line":34,"column":5}},"11":{"start":{"line":33,"column":6},"end":{"line":33,"column":28}},"12":{"start":{"line":36,"column":4},"end":{"line":36,"column":11}},"13":{"start":{"line":38,"column":4},"end":{"line":40,"column":7}}},"fnMap":{"0":{"name":"(anonymous_0)","decl":{"start":{"line":5,"column":23},"end":{"line":5,"column":24}},"loc":{"start":{"line":5,"column":48},"end":{"line":42,"column":1}},"line":5}},"branchMap":{"0":{"loc":{"start":{"line":9,"column":4},"end":{"line":11,"column":5}},"type":"if","locations":[{"start":{"line":9,"column":4},"end":{"line":11,"column":5}},{"start":{},"end":{}}],"line":9},"1":{"loc":{"start":{"line":9,"column":7},"end":{"line":9,"column":82}},"type":"binary-expr","locations":[{"start":{"line":9,"column":7},"end":{"line":9,"column":32}},{"start":{"line":9,"column":36},"end":{"line":9,"column":82}}],"line":9},"2":{"loc":{"start":{"line":14,"column":4},"end":{"line":18,"column":5}},"type":"if","locations":[{"start":{"line":14,"column":4},"end":{"line":18,"column":5}},{"start":{},"end":{}}],"line":14},"3":{"loc":{"start":{"line":26,"column":4},"end":{"line":30,"column":5}},"type":"if","locations":[{"start":{"line":26,"column":4},"end":{"line":30,"column":5}},{"start":{},"end":{}}],"line":26},"4":{"loc":{"start":{"line":32,"column":4},"end":{"line":34,"column":5}},"type":"if","locations":[{"start":{"line":32,"column":4},"end":{"line":34,"column":5}},{"start":{},"end":{}}],"line":32}},"s":{"0":1,"1":0,"2":0,"3":0,"4":0,"5":0,"6":0,"7":0,"8":0,"9":0,"10":0,"11":0,"12":0,"13":0},"f":{"0":0},"b":{"0":[0,0],"1":[0,0],"2":[0,0],"3":[0,0],"4":[0,0]},"_coverageSchema":"1a1c01bbd47fc00a2c39e90264f33305004495a9","hash":"d82828d0c878b9a3e075f52fcc1cd2b6a9730ddb"}
,"E:\\Nest\\nest-platform\\backend\\src\\middleware\\sellerMiddleware.js": {"path":"E:\\Nest\\nest-platform\\backend\\src\\middleware\\sellerMiddleware.js","statementMap":{"0":{"start":{"line":1,"column":27},"end":{"line":11,"column":1}},"1":{"start":{"line":2,"column":2},"end":{"line":9,"column":3}},"2":{"start":{"line":6,"column":4},"end":{"line":8,"column":7}},"3":{"start":{"line":10,"column":2},"end":{"line":10,"column":9}}},"fnMap":{"0":{"name":"(anonymous_0)","decl":{"start":{"line":1,"column":27},"end":{"line":1,"column":28}},"loc":{"start":{"line":1,"column":47},"end":{"line":11,"column":1}},"line":1}},"branchMap":{"0":{"loc":{"start":{"line":2,"column":2},"end":{"line":9,"column":3}},"type":"if","locations":[{"start":{"line":2,"column":2},"end":{"line":9,"column":3}},{"start":{},"end":{}}],"line":2},"1":{"loc":{"start":{"line":3,"column":4},"end":{"line":4,"column":38}},"type":"binary-expr","locations":[{"start":{"line":3,"column":4},"end":{"line":3,"column":36}},{"start":{"line":4,"column":4},"end":{"line":4,"column":38}}],"line":3}},"s":{"0":1,"1":0,"2":0,"3":0},"f":{"0":0},"b":{"0":[0,0],"1":[0,0]},"_coverageSchema":"1a1c01bbd47fc00a2c39e90264f33305004495a9","hash":"b5d091d26437fc7b33b304113d7b358762a84d09"}
,"E:\\Nest\\nest-platform\\backend\\src\\middleware\\uploadMiddleware.js": {"path":"E:\\Nest\\nest-platform\\backend\\src\\middleware\\uploadMiddleware.js","statementMap":{"0":{"start":{"line":4,"column":19},"end":{"line":12,"column":1}},"1":{"start":{"line":5,"column":23},"end":{"line":5,"column":63}},"2":{"start":{"line":7,"column":2},"end":{"line":11,"column":3}},"3":{"start":{"line":8,"column":4},"end":{"line":8,"column":19}},"4":{"start":{"line":10,"column":4},"end":{"line":10,"column":63}},"5":{"start":{"line":15,"column":15},"end":{"line":21,"column":2}}},"fnMap":{"0":{"name":"(anonymous_0)","decl":{"start":{"line":4,"column":19},"end":{"line":4,"column":20}},"loc":{"start":{"line":4,"column":37},"end":{"line":12,"column":1}},"line":4}},"branchMap":{"0":{"loc":{"start":{"line":7,"column":2},"end":{"line":11,"column":3}},"type":"if","locations":[{"start":{"line":7,"column":2},"end":{"line":11,"column":3}},{"start":{"line":9,"column":9},"end":{"line":11,"column":3}}],"line":7}},"s":{"0":3,"1":1,"2":1,"3":1,"4":0,"5":3},"f":{"0":1},"b":{"0":[1,0]},"_coverageSchema":"1a1c01bbd47fc00a2c39e90264f33305004495a9","hash":"a7a685ab909cf2a42fae387c87d788ece285205f"}
,"E:\\Nest\\nest-platform\\backend\\src\\models\\User.js": {"path":"E:\\Nest\\nest-platform\\backend\\src\\models\\User.js","statementMap":{"0":{"start":{"line":4,"column":19},"end":{"line":160,"column":1}},"1":{"start":{"line":163,"column":13},"end":{"line":163,"column":51}}},"fnMap":{},"branchMap":{},"s":{"0":1,"1":1},"f":{},"b":{},"_coverageSchema":"1a1c01bbd47fc00a2c39e90264f33305004495a9","hash":"452f0424aa99e583381e4f2fec9b4234e83650ed"}
,"E:\\Nest\\nest-platform\\backend\\src\\routes\\authRoutes.js": {"path":"E:\\Nest\\nest-platform\\backend\\src\\routes\\authRoutes.js","statementMap":{"0":{"start":{"line":6,"column":15},"end":{"line":6,"column":31}},"1":{"start":{"line":8,"column":0},"end":{"line":8,"column":31}},"2":{"start":{"line":9,"column":0},"end":{"line":9,"column":80}},"3":{"start":{"line":10,"column":0},"end":{"line":10,"column":29}},"4":{"start":{"line":11,"column":0},"end":{"line":11,"column":48}},"5":{"start":{"line":12,"column":0},"end":{"line":12,"column":38}},"6":{"start":{"line":13,"column":0},"end":{"line":13,"column":49}},"7":{"start":{"line":14,"column":0},"end":{"line":14,"column":49}},"8":{"start":{"line":15,"column":0},"end":{"line":15,"column":80}},"9":{"start":{"line":16,"column":0},"end":{"line":16,"column":47}}},"fnMap":{},"branchMap":{},"s":{"0":3,"1":3,"2":3,"3":3,"4":3,"5":3,"6":3,"7":3,"8":3,"9":3},"f":{},"b":{},"_coverageSchema":"1a1c01bbd47fc00a2c39e90264f33305004495a9","hash":"fc4730a149a1c47483724e18af2ac4a7bea3568e"}
,"E:\\Nest\\nest-platform\\backend\\src\\routes\\userRoutes.js": {"path":"E:\\Nest\\nest-platform\\backend\\src\\routes\\userRoutes.js","statementMap":{"0":{"start":{"line":10,"column":15},"end":{"line":10,"column":31}},"1":{"start":{"line":12,"column":0},"end":{"line":12,"column":51}},"2":{"start":{"line":15,"column":0},"end":{"line":15,"column":43}},"3":{"start":{"line":16,"column":0},"end":{"line":16,"column":55}},"4":{"start":{"line":17,"column":0},"end":{"line":17,"column":48}},"5":{"start":{"line":18,"column":0},"end":{"line":18,"column":49}},"6":{"start":{"line":19,"column":0},"end":{"line":19,"column":35}},"7":{"start":{"line":20,"column":0},"end":{"line":20,"column":38}},"8":{"start":{"line":22,"column":0},"end":{"line":22,"column":90}},"9":{"start":{"line":23,"column":0},"end":{"line":23,"column":78}},"10":{"start":{"line":25,"column":0},"end":{"line":55,"column":3}},"11":{"start":{"line":26,"column":2},"end":{"line":54,"column":5}},"12":{"start":{"line":28,"column":4},"end":{"line":32,"column":5}},"13":{"start":{"line":29,"column":6},"end":{"line":31,"column":9}},"14":{"start":{"line":34,"column":4},"end":{"line":53,"column":5}},"15":{"start":{"line":35,"column":19},"end":{"line":35,"column":52}},"16":{"start":{"line":37,"column":6},"end":{"line":39,"column":7}},"17":{"start":{"line":38,"column":8},"end":{"line":38,"column":67}},"18":{"start":{"line":41,"column":6},"end":{"line":43,"column":7}},"19":{"start":{"line":42,"column":8},"end":{"line":42,"column":69}},"20":{"start":{"line":45,"column":6},"end":{"line":45,"column":52}},"21":{"start":{"line":46,"column":26},"end":{"line":46,"column":43}},"22":{"start":{"line":48,"column":6},"end":{"line":48,"column":40}},"23":{"start":{"line":51,"column":6},"end":{"line":51,"column":49}},"24":{"start":{"line":52,"column":6},"end":{"line":52,"column":56}}},"fnMap":{"0":{"name":"(anonymous_0)","decl":{"start":{"line":25,"column":38},"end":{"line":25,"column":39}},"loc":{"start":{"line":25,"column":52},"end":{"line":55,"column":1}},"line":25},"1":{"name":"(anonymous_1)","decl":{"start":{"line":26,"column":36},"end":{"line":26,"column":37}},"loc":{"start":{"line":26,"column":51},"end":{"line":54,"column":3}},"line":26}},"branchMap":{"0":{"loc":{"start":{"line":28,"column":4},"end":{"line":32,"column":5}},"type":"if","locations":[{"start":{"line":28,"column":4},"end":{"line":32,"column":5}},{"start":{},"end":{}}],"line":28},"1":{"loc":{"start":{"line":37,"column":6},"end":{"line":39,"column":7}},"type":"if","locations":[{"start":{"line":37,"column":6},"end":{"line":39,"column":7}},{"start":{},"end":{}}],"line":37},"2":{"loc":{"start":{"line":41,"column":6},"end":{"line":43,"column":7}},"type":"if","locations":[{"start":{"line":41,"column":6},"end":{"line":43,"column":7}},{"start":{},"end":{}}],"line":41}},"s":{"0":3,"1":3,"2":3,"3":3,"4":3,"5":3,"6":3,"7":3,"8":3,"9":3,"10":3,"11":2,"12":2,"13":0,"14":2,"15":2,"16":2,"17":0,"18":2,"19":1,"20":1,"21":1,"22":1,"23":0,"24":0},"f":{"0":2,"1":2},"b":{"0":[0,2],"1":[0,2],"2":[1,1]},"_coverageSchema":"1a1c01bbd47fc00a2c39e90264f33305004495a9","hash":"55426f0e2424eb36ef1685cf09950f6ce3640d05"}
,"E:\\Nest\\nest-platform\\backend\\src\\utils\\adminRoles.js": {"path":"E:\\Nest\\nest-platform\\backend\\src\\utils\\adminRoles.js","statementMap":{"0":{"start":{"line":1,"column":33},"end":{"line":5,"column":20}},"1":{"start":{"line":2,"column":2},"end":{"line":5,"column":20}},"2":{"start":{"line":4,"column":20},"end":{"line":4,"column":46}},"3":{"start":{"line":7,"column":29},"end":{"line":42,"column":1}},"4":{"start":{"line":8,"column":2},"end":{"line":10,"column":3}},"5":{"start":{"line":9,"column":4},"end":{"line":9,"column":17}},"6":{"start":{"line":12,"column":32},"end":{"line":12,"column":58}},"7":{"start":{"line":13,"column":26},"end":{"line":13,"column":58}},"8":{"start":{"line":14,"column":23},"end":{"line":14,"column":61}},"9":{"start":{"line":16,"column":4},"end":{"line":16,"column":79}},"10":{"start":{"line":18,"column":16},"end":{"line":18,"column":21}},"11":{"start":{"line":20,"column":2},"end":{"line":23,"column":3}},"12":{"start":{"line":21,"column":4},"end":{"line":21,"column":68}},"13":{"start":{"line":22,"column":4},"end":{"line":22,"column":19}},"14":{"start":{"line":25,"column":2},"end":{"line":39,"column":3}},"15":{"start":{"line":26,"column":4},"end":{"line":28,"column":6}},"16":{"start":{"line":27,"column":16},"end":{"line":27,"column":32}},"17":{"start":{"line":30,"column":4},"end":{"line":36,"column":5}},"18":{"start":{"line":31,"column":6},"end":{"line":35,"column":17}},"19":{"start":{"line":38,"column":4},"end":{"line":38,"column":19}},"20":{"start":{"line":41,"column":2},"end":{"line":41,"column":17}},"21":{"start":{"line":44,"column":33},"end":{"line":45,"column":50}},"22":{"start":{"line":45,"column":2},"end":{"line":45,"column":50}}},"fnMap":{"0":{"name":"(anonymous_0)","decl":{"start":{"line":1,"column":33},"end":{"line":1,"column":34}},"loc":{"start":{"line":2,"column":2},"end":{"line":5,"column":20}},"line":2},"1":{"name":"(anonymous_1)","decl":{"start":{"line":4,"column":9},"end":{"line":4,"column":10}},"loc":{"start":{"line":4,"column":20},"end":{"line":4,"column":46}},"line":4},"2":{"name":"(anonymous_2)","decl":{"start":{"line":7,"column":29},"end":{"line":7,"column":30}},"loc":{"start":{"line":7,"column":39},"end":{"line":42,"column":1}},"line":7},"3":{"name":"(anonymous_3)","decl":{"start":{"line":27,"column":6},"end":{"line":27,"column":7}},"loc":{"start":{"line":27,"column":16},"end":{"line":27,"column":32}},"line":27},"4":{"name":"(anonymous_4)","decl":{"start":{"line":44,"column":33},"end":{"line":44,"column":34}},"loc":{"start":{"line":45,"column":2},"end":{"line":45,"column":50}},"line":45}},"branchMap":{"0":{"loc":{"start":{"line":2,"column":3},"end":{"line":2,"column":33}},"type":"binary-expr","locations":[{"start":{"line":2,"column":3},"end":{"line":2,"column":27}},{"start":{"line":2,"column":31},"end":{"line":2,"column":33}}],"line":2},"1":{"loc":{"start":{"line":8,"column":2},"end":{"line":10,"column":3}},"type":"if","locations":[{"start":{"line":8,"column":2},"end":{"line":10,"column":3}},{"start":{},"end":{}}],"line":8},"2":{"loc":{"start":{"line":16,"column":4},"end":{"line":16,"column":79}},"type":"binary-expr","locations":[{"start":{"line":16,"column":4},"end":{"line":16,"column":28}},{"start":{"line":16,"column":32},"end":{"line":16,"column":79}}],"line":16},"3":{"loc":{"start":{"line":20,"column":2},"end":{"line":23,"column":3}},"type":"if","locations":[{"start":{"line":20,"column":2},"end":{"line":23,"column":3}},{"start":{},"end":{}}],"line":20},"4":{"loc":{"start":{"line":20,"column":6},"end":{"line":20,"column":36}},"type":"binary-expr","locations":[{"start":{"line":20,"column":6},"end":{"line":20,"column":19}},{"start":{"line":20,"column":23},"end":{"line":20,"column":36}}],"line":20},"5":{"loc":{"start":{"line":21,"column":31},"end":{"line":21,"column":56}},"type":"binary-expr","locations":[{"start":{"line":21,"column":31},"end":{"line":21,"column":50}},{"start":{"line":21,"column":54},"end":{"line":21,"column":56}}],"line":21},"6":{"loc":{"start":{"line":25,"column":2},"end":{"line":39,"column":3}},"type":"if","locations":[{"start":{"line":25,"column":2},"end":{"line":39,"column":3}},{"start":{},"end":{}}],"line":25},"7":{"loc":{"start":{"line":25,"column":6},"end":{"line":25,"column":36}},"type":"binary-expr","locations":[{"start":{"line":25,"column":6},"end":{"line":25,"column":20}},{"start":{"line":25,"column":24},"end":{"line":25,"column":36}}],"line":25},"8":{"loc":{"start":{"line":26,"column":27},"end":{"line":26,"column":52}},"type":"binary-expr","locations":[{"start":{"line":26,"column":27},"end":{"line":26,"column":46}},{"start":{"line":26,"column":50},"end":{"line":26,"column":52}}],"line":26},"9":{"loc":{"start":{"line":30,"column":4},"end":{"line":36,"column":5}},"type":"if","locations":[{"start":{"line":30,"column":4},"end":{"line":36,"column":5}},{"start":{},"end":{}}],"line":30},"10":{"loc":{"start":{"line":31,"column":24},"end":{"line":35,"column":16}},"type":"cond-expr","locations":[{"start":{"line":32,"column":10},"end":{"line":32,"column":17}},{"start":{"line":33,"column":10},"end":{"line":35,"column":16}}],"line":31},"11":{"loc":{"start":{"line":33,"column":10},"end":{"line":35,"column":16}},"type":"cond-expr","locations":[{"start":{"line":34,"column":12},"end":{"line":34,"column":20}},{"start":{"line":35,"column":12},"end":{"line":35,"column":16}}],"line":33}},"s":{"0":3,"1":2,"2":4,"3":3,"4":2,"5":0,"6":2,"7":2,"8":2,"9":2,"10":2,"11":2,"12":0,"13":0,"14":2,"15":0,"16":0,"17":0,"18":0,"19":0,"20":2,"21":3,"22":0},"f":{"0":2,"1":4,"2":2,"3":0,"4":0},"b":{"0":[2,0],"1":[0,2],"2":[2,0],"3":[0,2],"4":[2,0],"5":[0,0],"6":[0,2],"7":[2,2],"8":[0,0],"9":[0,0],"10":[0,0],"11":[0,0]},"_coverageSchema":"1a1c01bbd47fc00a2c39e90264f33305004495a9","hash":"0ee3ae24e0bbd5db08bf4ba3da03965ac4f1ac64"}
,"E:\\Nest\\nest-platform\\backend\\src\\utils\\deleteFromS3.js": {"path":"E:\\Nest\\nest-platform\\backend\\src\\utils\\deleteFromS3.js","statementMap":{"0":{"start":{"line":4,"column":28},"end":{"line":23,"column":1}},"1":{"start":{"line":5,"column":2},"end":{"line":22,"column":3}},"2":{"start":{"line":7,"column":16},"end":{"line":7,"column":32}},"3":{"start":{"line":9,"column":16},"end":{"line":11,"column":5}},"4":{"start":{"line":13,"column":20},"end":{"line":16,"column":6}},"5":{"start":{"line":18,"column":4},"end":{"line":18,"column":27}},"6":{"start":{"line":21,"column":4},"end":{"line":21,"column":43}}},"fnMap":{"0":{"name":"(anonymous_0)","decl":{"start":{"line":4,"column":28},"end":{"line":4,"column":29}},"loc":{"start":{"line":4,"column":47},"end":{"line":23,"column":1}},"line":4}},"branchMap":{},"s":{"0":2,"1":0,"2":0,"3":0,"4":0,"5":0,"6":0},"f":{"0":0},"b":{},"_coverageSchema":"1a1c01bbd47fc00a2c39e90264f33305004495a9","hash":"cf53aaf44e294dec908f3d8847fc2f219f40cb8b"}
,"E:\\Nest\\nest-platform\\backend\\src\\utils\\generateToken.js": {"path":"E:\\Nest\\nest-platform\\backend\\src\\utils\\generateToken.js","statementMap":{"0":{"start":{"line":3,"column":29},"end":{"line":11,"column":1}},"1":{"start":{"line":4,"column":2},"end":{"line":10,"column":4}}},"fnMap":{"0":{"name":"(anonymous_0)","decl":{"start":{"line":3,"column":29},"end":{"line":3,"column":30}},"loc":{"start":{"line":3,"column":41},"end":{"line":11,"column":1}},"line":3}},"branchMap":{},"s":{"0":2,"1":0},"f":{"0":0},"b":{},"_coverageSchema":"1a1c01bbd47fc00a2c39e90264f33305004495a9","hash":"7017172498ab17c4edf19bbffde1b73bc85d8f34"}
,"E:\\Nest\\nest-platform\\backend\\src\\utils\\mailer.js": {"path":"E:\\Nest\\nest-platform\\backend\\src\\utils\\mailer.js","statementMap":{"0":{"start":{"line":3,"column":14},"end":{"line":3,"column":41}},"1":{"start":{"line":3,"column":21},"end":{"line":3,"column":41}},"2":{"start":{"line":5,"column":30},"end":{"line":15,"column":1}},"3":{"start":{"line":6,"column":2},"end":{"line":14,"column":5}}},"fnMap":{"0":{"name":"(anonymous_0)","decl":{"start":{"line":3,"column":14},"end":{"line":3,"column":15}},"loc":{"start":{"line":3,"column":21},"end":{"line":3,"column":41}},"line":3},"1":{"name":"(anonymous_1)","decl":{"start":{"line":5,"column":30},"end":{"line":5,"column":31}},"loc":{"start":{"line":5,"column":36},"end":{"line":15,"column":1}},"line":5}},"branchMap":{},"s":{"0":2,"1":0,"2":2,"3":0},"f":{"0":0,"1":0},"b":{},"_coverageSchema":"1a1c01bbd47fc00a2c39e90264f33305004495a9","hash":"ab65296d5975db2cc7929a8b19095fa9d8b38f19"}
,"E:\\Nest\\nest-platform\\backend\\src\\utils\\s3.js": {"path":"E:\\Nest\\nest-platform\\backend\\src\\utils\\s3.js","statementMap":{"0":{"start":{"line":3,"column":0},"end":{"line":3,"column":15}},"1":{"start":{"line":5,"column":18},"end":{"line":11,"column":2}}},"fnMap":{},"branchMap":{},"s":{"0":2,"1":2},"f":{},"b":{},"_coverageSchema":"1a1c01bbd47fc00a2c39e90264f33305004495a9","hash":"ac3c4a270995cd508563ae90489872927c2a1907"}
,"E:\\Nest\\nest-platform\\backend\\src\\utils\\uploadToS3.js": {"path":"E:\\Nest\\nest-platform\\backend\\src\\utils\\uploadToS3.js","statementMap":{"0":{"start":{"line":4,"column":26},"end":{"line":17,"column":1}},"1":{"start":{"line":5,"column":14},"end":{"line":5,"column":58}},"2":{"start":{"line":7,"column":18},"end":{"line":12,"column":4}},"3":{"start":{"line":14,"column":2},"end":{"line":14,"column":25}},"4":{"start":{"line":16,"column":2},"end":{"line":16,"column":94}}},"fnMap":{"0":{"name":"(anonymous_0)","decl":{"start":{"line":4,"column":26},"end":{"line":4,"column":27}},"loc":{"start":{"line":4,"column":42},"end":{"line":17,"column":1}},"line":4}},"branchMap":{},"s":{"0":1,"1":0,"2":0,"3":0,"4":0},"f":{"0":0},"b":{},"_coverageSchema":"1a1c01bbd47fc00a2c39e90264f33305004495a9","hash":"b81e2e2868078c23d1581efa4d105b1aa5b5ea6c"}
}
