TN:
SF:src\server.js
FN:32,(anonymous_0)
FN:35,(anonymous_1)
FN:68,(anonymous_2)
FN:73,(anonymous_3)
FNF:4
FNH:1
FNDA:0,(anonymous_0)
FNDA:0,(anonymous_1)
FNDA:0,(anonymous_2)
FNDA:1,(anonymous_3)
DA:2,1
DA:30,1
DA:32,1
DA:33,0
DA:35,0
DA:36,0
DA:40,1
DA:42,1
DA:47,1
DA:48,1
DA:50,1
DA:51,1
DA:52,1
DA:53,1
DA:54,1
DA:55,1
DA:56,1
DA:57,1
DA:58,1
DA:59,1
DA:60,1
DA:61,1
DA:62,1
DA:63,1
DA:64,1
DA:65,1
DA:66,1
DA:68,1
DA:69,0
DA:73,1
DA:74,1
DA:79,1
LF:32
LH:28
BRDA:30,0,0,1
BRDA:30,0,1,0
BRF:2
BRH:1
end_of_record
TN:
SF:src\config\db.js
FN:3,(anonymous_0)
FNF:1
FNH:0
FNDA:0,(anonymous_0)
DA:3,1
DA:4,0
DA:5,0
DA:6,0
DA:8,0
DA:9,0
LF:6
LH:1
BRF:0
BRH:0
end_of_record
TN:
SF:src\config\socket.js
FN:5,(anonymous_0)
FN:17,(anonymous_1)
FN:21,(anonymous_2)
FN:25,(anonymous_3)
FN:30,(anonymous_4)
FN:35,(anonymous_5)
FN:40,(anonymous_6)
FN:49,(anonymous_7)
FNF:8
FNH:1
FNDA:1,(anonymous_0)
FNDA:0,(anonymous_1)
FNDA:0,(anonymous_2)
FNDA:0,(anonymous_3)
FNDA:0,(anonymous_4)
FNDA:0,(anonymous_5)
FNDA:0,(anonymous_6)
FNDA:0,(anonymous_7)
DA:5,1
DA:8,1
DA:17,1
DA:18,0
DA:21,0
DA:22,0
DA:25,0
DA:26,0
DA:27,0
DA:30,0
DA:31,0
DA:32,0
DA:35,0
DA:36,0
DA:37,0
DA:40,0
DA:41,0
DA:45,1
DA:49,1
DA:50,0
DA:51,0
DA:53,0
LF:22
LH:5
BRDA:31,0,0,0
BRDA:31,0,1,0
BRDA:36,1,0,0
BRDA:36,1,1,0
BRDA:50,2,0,0
BRDA:50,2,1,0
BRF:6
BRH:0
end_of_record
TN:
SF:src\controllers\adminController.js
FN:4,(anonymous_0)
FN:14,(anonymous_1)
FN:34,(anonymous_2)
FN:51,(anonymous_3)
FNF:4
FNH:0
FNDA:0,(anonymous_0)
FNDA:0,(anonymous_1)
FNDA:0,(anonymous_2)
FNDA:0,(anonymous_3)
DA:4,1
DA:5,0
DA:6,0
DA:7,0
DA:9,0
DA:14,1
DA:15,0
DA:16,0
DA:18,0
DA:20,0
DA:21,0
DA:23,0
DA:25,0
DA:28,0
DA:34,1
DA:35,0
DA:36,0
DA:38,0
DA:40,0
DA:42,0
DA:44,0
DA:47,0
DA:51,1
DA:52,0
DA:53,0
DA:55,0
DA:57,0
DA:59,0
DA:61,0
DA:64,0
LF:30
LH:4
BRDA:18,0,0,0
BRDA:18,0,1,0
BRDA:38,1,0,0
BRDA:38,1,1,0
BRDA:55,2,0,0
BRDA:55,2,1,0
BRF:6
BRH:0
end_of_record
TN:
SF:src\controllers\analyticsController.js
FN:7,(anonymous_0)
FN:20,(anonymous_1)
FN:21,(anonymous_2)
FN:28,(anonymous_3)
FN:50,(anonymous_4)
FN:73,(anonymous_5)
FN:96,(anonymous_6)
FN:119,(anonymous_7)
FN:141,(anonymous_8)
FN:169,(anonymous_9)
FN:174,(anonymous_10)
FN:200,(anonymous_11)
FN:205,(anonymous_12)
FN:227,(anonymous_13)
FN:256,(anonymous_14)
FN:265,(anonymous_15)
FNF:16
FNH:0
FNDA:0,(anonymous_0)
FNDA:0,(anonymous_1)
FNDA:0,(anonymous_2)
FNDA:0,(anonymous_3)
FNDA:0,(anonymous_4)
FNDA:0,(anonymous_5)
FNDA:0,(anonymous_6)
FNDA:0,(anonymous_7)
FNDA:0,(anonymous_8)
FNDA:0,(anonymous_9)
FNDA:0,(anonymous_10)
FNDA:0,(anonymous_11)
FNDA:0,(anonymous_12)
FNDA:0,(anonymous_13)
FNDA:0,(anonymous_14)
FNDA:0,(anonymous_15)
DA:5,1
DA:7,1
DA:8,0
DA:10,0
DA:11,0
DA:17,0
DA:20,1
DA:21,0
DA:28,1
DA:29,0
DA:30,0
DA:31,0
DA:33,0
DA:35,0
DA:40,0
DA:41,0
DA:50,1
DA:51,0
DA:52,0
DA:53,0
DA:55,0
DA:56,0
DA:58,0
DA:63,0
DA:64,0
DA:73,1
DA:74,0
DA:75,0
DA:76,0
DA:78,0
DA:79,0
DA:81,0
DA:86,0
DA:87,0
DA:96,1
DA:97,0
DA:98,0
DA:99,0
DA:101,0
DA:102,0
DA:104,0
DA:109,0
DA:110,0
DA:119,1
DA:120,0
DA:121,0
DA:122,0
DA:124,0
DA:126,0
DA:131,0
DA:132,0
DA:141,1
DA:142,0
DA:143,0
DA:144,0
DA:152,0
DA:154,0
DA:159,0
DA:160,0
DA:169,1
DA:170,0
DA:171,0
DA:172,0
DA:174,0
DA:183,0
DA:188,0
DA:189,0
DA:200,1
DA:201,0
DA:202,0
DA:203,0
DA:205,0
DA:215,0
DA:217,0
DA:218,0
DA:227,1
DA:228,0
DA:229,0
DA:230,0
DA:241,0
DA:252,0
DA:253,0
DA:254,0
DA:256,0
DA:265,0
DA:275,0
DA:289,0
DA:290,0
LF:88
LH:12
BRDA:10,0,0,0
BRDA:10,0,1,0
BRDA:31,1,0,0
BRDA:53,2,0,0
BRDA:76,3,0,0
BRDA:99,4,0,0
BRDA:124,5,0,0
BRDA:124,6,0,0
BRDA:124,7,0,0
BRDA:124,8,0,0
BRDA:147,9,0,0
BRDA:148,10,0,0
BRDA:149,11,0,0
BRDA:150,12,0,0
BRDA:151,13,0,0
BRDA:176,14,0,0
BRDA:176,14,1,0
BRDA:177,15,0,0
BRDA:177,15,1,0
BRDA:207,16,0,0
BRDA:207,16,1,0
BRDA:208,17,0,0
BRDA:208,17,1,0
BRDA:209,18,0,0
BRDA:209,18,1,0
BRDA:210,19,0,0
BRDA:210,19,1,0
BRDA:211,20,0,0
BRDA:211,20,1,0
BRDA:230,21,0,0
BRDA:258,22,0,0
BRDA:258,22,1,0
BRDA:259,23,0,0
BRDA:259,23,1,0
BRDA:267,24,0,0
BRDA:267,24,1,0
BRDA:268,25,0,0
BRDA:268,25,1,0
BRDA:269,26,0,0
BRDA:269,26,1,0
BRDA:270,27,0,0
BRDA:270,27,1,0
BRDA:271,28,0,0
BRDA:271,28,1,0
BRF:44
BRH:0
end_of_record
TN:
SF:src\controllers\applicationController.js
FN:7,(anonymous_0)
FN:11,(anonymous_1)
FN:20,(anonymous_2)
FN:31,(anonymous_3)
FN:67,(anonymous_4)
FN:87,(anonymous_5)
FN:109,(anonymous_6)
FN:124,(anonymous_7)
FN:178,(anonymous_8)
FN:196,(anonymous_9)
FN:208,(anonymous_10)
FN:238,(anonymous_11)
FN:259,(anonymous_12)
FNF:13
FNH:0
FNDA:0,(anonymous_0)
FNDA:0,(anonymous_1)
FNDA:0,(anonymous_2)
FNDA:0,(anonymous_3)
FNDA:0,(anonymous_4)
FNDA:0,(anonymous_5)
FNDA:0,(anonymous_6)
FNDA:0,(anonymous_7)
FNDA:0,(anonymous_8)
FNDA:0,(anonymous_9)
FNDA:0,(anonymous_10)
FNDA:0,(anonymous_11)
FNDA:0,(anonymous_12)
DA:7,1
DA:8,0
DA:11,1
DA:12,0
DA:13,0
DA:14,0
DA:16,0
DA:17,0
DA:19,0
DA:20,0
DA:22,0
DA:23,0
DA:25,0
DA:26,0
DA:28,0
DA:30,0
DA:31,0
DA:34,0
DA:35,0
DA:40,0
DA:49,0
DA:59,0
DA:61,0
DA:62,0
DA:63,0
DA:67,1
DA:68,0
DA:69,0
DA:70,0
DA:71,0
DA:72,0
DA:74,0
DA:75,0
DA:77,0
DA:81,0
DA:83,0
DA:87,1
DA:88,0
DA:89,0
DA:90,0
DA:91,0
DA:92,0
DA:94,0
DA:95,0
DA:97,0
DA:98,0
DA:99,0
DA:101,0
DA:102,0
DA:103,0
DA:104,0
DA:106,0
DA:108,0
DA:109,0
DA:112,0
DA:113,0
DA:117,0
DA:118,0
DA:122,0
DA:123,0
DA:124,0
DA:126,0
DA:127,0
DA:133,0
DA:135,0
DA:146,0
DA:147,0
DA:148,0
DA:151,0
DA:161,0
DA:172,0
DA:174,0
DA:178,1
DA:179,0
DA:180,0
DA:181,0
DA:182,0
DA:183,0
DA:184,0
DA:185,0
DA:187,0
DA:188,0
DA:190,0
DA:192,0
DA:196,1
DA:197,0
DA:198,0
DA:202,0
DA:204,0
DA:208,1
DA:209,0
DA:210,0
DA:211,0
DA:213,0
DA:218,0
DA:219,0
DA:225,0
DA:232,0
DA:233,0
DA:238,1
DA:239,0
DA:240,0
DA:242,0
DA:253,0
DA:259,0
DA:261,0
DA:263,0
DA:264,0
LF:108
LH:8
BRDA:14,0,0,0
BRDA:14,0,1,0
BRDA:16,1,0,0
BRDA:16,1,1,0
BRDA:20,2,0,0
BRDA:20,2,1,0
BRDA:22,3,0,0
BRDA:22,3,1,0
BRDA:25,4,0,0
BRDA:25,4,1,0
BRDA:34,5,0,0
BRDA:34,5,1,0
BRDA:45,6,0,0
BRDA:45,6,1,0
BRDA:46,7,0,0
BRDA:46,7,1,0
BRDA:61,8,0,0
BRDA:61,8,1,0
BRDA:70,9,0,0
BRDA:70,9,1,0
BRDA:71,10,0,0
BRDA:71,10,1,0
BRDA:75,11,0,0
BRDA:75,11,1,0
BRDA:75,12,0,0
BRDA:75,12,1,0
BRDA:90,13,0,0
BRDA:90,13,1,0
BRDA:91,14,0,0
BRDA:91,14,1,0
BRDA:95,15,0,0
BRDA:95,15,1,0
BRDA:98,16,0,0
BRDA:98,16,1,0
BRDA:102,17,0,0
BRDA:102,17,1,0
BRDA:106,18,0,0
BRDA:106,18,1,0
BRDA:112,19,0,0
BRDA:112,19,1,0
BRDA:117,20,0,0
BRDA:117,20,1,0
BRDA:126,21,0,0
BRDA:126,21,1,0
BRDA:181,22,0,0
BRDA:181,22,1,0
BRDA:182,23,0,0
BRDA:182,23,1,0
BRDA:184,24,0,0
BRDA:184,24,1,0
BRDA:218,25,0,0
BRDA:218,25,1,0
BRF:52
BRH:0
end_of_record
TN:
SF:src\controllers\authController.js
FN:9,(anonymous_0)
FN:106,(anonymous_1)
FN:169,(anonymous_2)
FN:192,(anonymous_3)
FN:250,(anonymous_4)
FN:313,(anonymous_5)
FN:377,(anonymous_6)
FN:426,(anonymous_7)
FN:474,(anonymous_8)
FN:540,(anonymous_9)
FNF:10
FNH:2
FNDA:1,(anonymous_0)
FNDA:0,(anonymous_1)
FNDA:0,(anonymous_2)
FNDA:0,(anonymous_3)
FNDA:1,(anonymous_4)
FNDA:0,(anonymous_5)
FNDA:0,(anonymous_6)
FNDA:0,(anonymous_7)
FNDA:0,(anonymous_8)
FNDA:0,(anonymous_9)
DA:9,1
DA:10,1
DA:11,1
DA:12,1
DA:14,1
DA:15,1
DA:18,1
DA:19,0
DA:25,1
DA:26,0
DA:32,1
DA:33,1
DA:34,0
DA:40,1
DA:42,1
DA:43,0
DA:49,1
DA:50,1
DA:53,1
DA:63,1
DA:65,1
DA:66,1
DA:69,1
DA:71,1
DA:72,1
DA:74,1
DA:77,1
DA:92,1
DA:99,0
DA:100,0
DA:106,1
DA:107,0
DA:108,0
DA:109,0
DA:111,0
DA:112,0
DA:117,0
DA:119,0
DA:120,0
DA:126,0
DA:127,0
DA:128,0
DA:133,0
DA:134,0
DA:139,0
DA:141,0
DA:142,0
DA:147,0
DA:148,0
DA:154,0
DA:155,0
DA:160,0
DA:161,0
DA:166,0
DA:168,0
DA:169,0
DA:173,0
DA:175,0
DA:176,0
DA:178,0
DA:180,0
DA:184,0
DA:186,0
DA:192,1
DA:193,0
DA:194,0
DA:196,0
DA:197,0
DA:202,0
DA:204,0
DA:206,0
DA:207,0
DA:213,0
DA:214,0
DA:219,0
DA:221,0
DA:222,0
DA:228,0
DA:229,0
DA:231,0
DA:233,0
DA:235,0
DA:237,0
DA:243,0
DA:244,0
DA:250,1
DA:251,1
DA:252,1
DA:255,1
DA:256,0
DA:262,1
DA:263,1
DA:265,1
DA:266,0
DA:271,1
DA:272,0
DA:277,1
DA:278,0
DA:285,1
DA:287,1
DA:288,0
DA:293,1
DA:294,0
DA:298,1
DA:301,1
DA:307,0
DA:313,1
DA:314,0
DA:315,0
DA:316,0
DA:319,0
DA:320,0
DA:324,0
DA:325,0
DA:329,0
DA:330,0
DA:331,0
DA:336,0
DA:337,0
DA:340,0
DA:341,0
DA:343,0
DA:344,0
DA:346,0
DA:349,0
DA:364,0
DA:369,0
DA:371,0
DA:377,1
DA:378,0
DA:379,0
DA:381,0
DA:382,0
DA:387,0
DA:389,0
DA:391,0
DA:392,0
DA:397,0
DA:398,0
DA:403,0
DA:404,0
DA:405,0
DA:410,0
DA:411,0
DA:413,0
DA:415,0
DA:420,0
DA:426,1
DA:427,0
DA:428,0
DA:430,0
DA:431,0
DA:436,0
DA:437,0
DA:438,0
DA:443,0
DA:444,0
DA:449,0
DA:450,0
DA:451,0
DA:456,0
DA:457,0
DA:459,0
DA:461,0
DA:463,0
DA:468,0
DA:474,1
DA:475,0
DA:476,0
DA:478,0
DA:479,0
DA:484,0
DA:486,0
DA:488,0
DA:489,0
DA:495,0
DA:496,0
DA:502,0
DA:504,0
DA:506,0
DA:507,0
DA:509,0
DA:512,0
DA:514,0
DA:528,0
DA:533,0
DA:534,0
DA:540,1
DA:541,0
DA:542,0
DA:545,0
DA:546,0
DA:551,0
DA:552,0
DA:554,0
DA:555,0
DA:561,0
DA:563,0
DA:564,0
DA:570,0
DA:571,0
DA:577,0
DA:579,0
DA:580,0
DA:586,0
DA:589,0
DA:590,0
DA:592,0
DA:593,0
DA:595,0
DA:598,0
DA:600,0
DA:613,0
DA:619,0
DA:620,0
LF:215
LH:45
BRDA:18,0,0,0
BRDA:18,0,1,1
BRDA:18,1,0,1
BRDA:18,1,1,1
BRDA:25,2,0,0
BRDA:25,2,1,1
BRDA:25,3,0,1
BRDA:25,3,1,1
BRDA:25,3,2,1
BRDA:33,4,0,0
BRDA:33,4,1,1
BRDA:33,5,0,1
BRDA:33,5,1,1
BRDA:33,5,2,1
BRDA:42,6,0,0
BRDA:42,6,1,1
BRDA:111,7,0,0
BRDA:111,7,1,0
BRDA:119,8,0,0
BRDA:119,8,1,0
BRDA:119,9,0,0
BRDA:119,9,1,0
BRDA:127,10,0,0
BRDA:127,10,1,0
BRDA:133,11,0,0
BRDA:133,11,1,0
BRDA:141,12,0,0
BRDA:141,12,1,0
BRDA:147,13,0,0
BRDA:147,13,1,0
BRDA:154,14,0,0
BRDA:154,14,1,0
BRDA:160,15,0,0
BRDA:160,15,1,0
BRDA:168,16,0,0
BRDA:168,16,1,0
BRDA:196,17,0,0
BRDA:196,17,1,0
BRDA:196,18,0,0
BRDA:196,18,1,0
BRDA:206,19,0,0
BRDA:206,19,1,0
BRDA:206,20,0,0
BRDA:206,20,1,0
BRDA:206,20,2,0
BRDA:213,21,0,0
BRDA:213,21,1,0
BRDA:221,22,0,0
BRDA:221,22,1,0
BRDA:255,23,0,0
BRDA:255,23,1,1
BRDA:255,24,0,1
BRDA:255,24,1,1
BRDA:265,25,0,0
BRDA:265,25,1,1
BRDA:271,26,0,0
BRDA:271,26,1,1
BRDA:277,27,0,0
BRDA:277,27,1,1
BRDA:287,28,0,0
BRDA:287,28,1,1
BRDA:293,29,0,0
BRDA:293,29,1,1
BRDA:319,30,0,0
BRDA:319,30,1,0
BRDA:324,31,0,0
BRDA:324,31,1,0
BRDA:324,32,0,0
BRDA:324,32,1,0
BRDA:330,33,0,0
BRDA:330,33,1,0
BRDA:381,34,0,0
BRDA:381,34,1,0
BRDA:381,35,0,0
BRDA:381,35,1,0
BRDA:391,36,0,0
BRDA:391,36,1,0
BRDA:391,37,0,0
BRDA:391,37,1,0
BRDA:391,37,2,0
BRDA:397,38,0,0
BRDA:397,38,1,0
BRDA:404,39,0,0
BRDA:404,39,1,0
BRDA:430,40,0,0
BRDA:430,40,1,0
BRDA:430,41,0,0
BRDA:430,41,1,0
BRDA:437,42,0,0
BRDA:437,42,1,0
BRDA:437,43,0,0
BRDA:437,43,1,0
BRDA:437,43,2,0
BRDA:443,44,0,0
BRDA:443,44,1,0
BRDA:450,45,0,0
BRDA:450,45,1,0
BRDA:478,46,0,0
BRDA:478,46,1,0
BRDA:488,47,0,0
BRDA:488,47,1,0
BRDA:495,48,0,0
BRDA:495,48,1,0
BRDA:545,49,0,0
BRDA:545,49,1,0
BRDA:545,50,0,0
BRDA:545,50,1,0
BRDA:554,51,0,0
BRDA:554,51,1,0
BRDA:563,52,0,0
BRDA:563,52,1,0
BRDA:570,53,0,0
BRDA:570,53,1,0
BRDA:579,54,0,0
BRDA:579,54,1,0
BRF:115
BRH:20
end_of_record
TN:
SF:src\controllers\cartController.js
FN:4,(anonymous_0)
FN:26,(anonymous_1)
FN:49,(anonymous_2)
FN:93,(anonymous_3)
FN:123,(anonymous_4)
FN:138,(anonymous_5)
FN:149,(anonymous_6)
FN:168,(anonymous_7)
FN:191,(anonymous_8)
FN:205,(anonymous_9)
FN:232,(anonymous_10)
FNF:11
FNH:0
FNDA:0,(anonymous_0)
FNDA:0,(anonymous_1)
FNDA:0,(anonymous_2)
FNDA:0,(anonymous_3)
FNDA:0,(anonymous_4)
FNDA:0,(anonymous_5)
FNDA:0,(anonymous_6)
FNDA:0,(anonymous_7)
FNDA:0,(anonymous_8)
FNDA:0,(anonymous_9)
FNDA:0,(anonymous_10)
DA:4,1
DA:5,0
DA:6,0
DA:8,0
DA:17,0
DA:18,0
DA:25,0
DA:26,0
DA:30,0
DA:31,0
DA:32,0
DA:35,0
DA:41,0
DA:42,0
DA:49,1
DA:51,0
DA:52,0
DA:53,0
DA:55,0
DA:56,0
DA:62,0
DA:64,0
DA:65,0
DA:71,0
DA:72,0
DA:79,0
DA:82,0
DA:83,0
DA:92,0
DA:93,0
DA:96,0
DA:98,0
DA:100,0
DA:105,0
DA:107,0
DA:114,0
DA:115,0
DA:123,1
DA:124,0
DA:125,0
DA:126,0
DA:128,0
DA:130,0
DA:131,0
DA:137,0
DA:138,0
DA:141,0
DA:142,0
DA:148,0
DA:149,0
DA:152,0
DA:154,0
DA:159,0
DA:160,0
DA:168,1
DA:169,0
DA:170,0
DA:171,0
DA:172,0
DA:174,0
DA:175,0
DA:181,0
DA:183,0
DA:184,0
DA:190,0
DA:191,0
DA:194,0
DA:195,0
DA:201,0
DA:203,0
DA:204,0
DA:205,0
DA:207,0
DA:209,0
DA:215,0
DA:216,0
DA:218,0
DA:223,0
DA:224,0
DA:232,1
DA:233,0
DA:234,0
DA:236,0
DA:238,0
DA:239,0
DA:245,0
DA:246,0
DA:248,0
DA:253,0
DA:254,0
LF:90
LH:5
BRDA:17,0,0,0
BRDA:17,0,1,0
BRDA:26,1,0,0
BRDA:26,1,1,0
BRDA:30,2,0,0
BRDA:30,2,1,0
BRDA:55,3,0,0
BRDA:55,3,1,0
BRDA:64,4,0,0
BRDA:64,4,1,0
BRDA:64,5,0,0
BRDA:64,5,1,0
BRDA:71,6,0,0
BRDA:71,6,1,0
BRDA:82,7,0,0
BRDA:82,7,1,0
BRDA:96,8,0,0
BRDA:96,8,1,0
BRDA:130,9,0,0
BRDA:130,9,1,0
BRDA:141,10,0,0
BRDA:141,10,1,0
BRDA:174,11,0,0
BRDA:174,11,1,0
BRDA:174,12,0,0
BRDA:174,12,1,0
BRDA:183,13,0,0
BRDA:183,13,1,0
BRDA:194,14,0,0
BRDA:194,14,1,0
BRDA:203,15,0,0
BRDA:203,15,1,0
BRDA:203,16,0,0
BRDA:203,16,1,0
BRDA:238,17,0,0
BRDA:238,17,1,0
BRF:36
BRH:0
end_of_record
TN:
SF:src\controllers\complaintController.js
FN:11,(anonymous_0)
FN:44,(anonymous_1)
FN:91,(anonymous_2)
FN:187,(anonymous_3)
FN:206,(anonymous_4)
FN:232,(anonymous_5)
FN:256,(anonymous_6)
FN:292,(anonymous_7)
FNF:8
FNH:0
FNDA:0,(anonymous_0)
FNDA:0,(anonymous_1)
FNDA:0,(anonymous_2)
FNDA:0,(anonymous_3)
FNDA:0,(anonymous_4)
FNDA:0,(anonymous_5)
FNDA:0,(anonymous_6)
FNDA:0,(anonymous_7)
DA:11,1
DA:12,0
DA:13,0
DA:14,0
DA:17,0
DA:18,0
DA:21,0
DA:22,0
DA:29,0
DA:35,0
DA:36,0
DA:40,0
DA:43,0
DA:47,0
DA:52,0
DA:55,0
DA:57,0
DA:66,0
DA:75,0
DA:81,0
DA:82,0
DA:86,0
DA:87,0
DA:91,1
DA:92,0
DA:93,0
DA:172,0
DA:179,0
DA:180,0
DA:187,1
DA:188,0
DA:190,0
DA:191,0
DA:194,0
DA:195,0
DA:203,0
DA:206,1
DA:207,0
DA:208,0
DA:209,0
DA:211,0
DA:212,0
DA:215,0
DA:216,0
DA:218,0
DA:220,0
DA:227,0
DA:228,0
DA:232,1
DA:233,0
DA:234,0
DA:235,0
DA:237,0
DA:238,0
DA:241,0
DA:242,0
DA:244,0
DA:251,0
DA:252,0
DA:256,1
DA:257,0
DA:258,0
DA:259,0
DA:261,0
DA:262,0
DA:265,0
DA:267,0
DA:268,0
DA:271,0
DA:272,0
DA:273,0
DA:275,0
DA:277,0
DA:287,0
DA:288,0
DA:292,1
DA:293,0
DA:294,0
DA:295,0
DA:297,0
DA:298,0
DA:301,0
DA:302,0
DA:304,0
DA:313,0
DA:314,0
LF:86
LH:7
BRDA:17,0,0,0
BRDA:17,0,1,0
BRDA:17,1,0,0
BRDA:17,1,1,0
BRDA:17,1,2,0
BRDA:17,1,3,0
BRDA:21,2,0,0
BRDA:21,2,1,0
BRDA:35,3,0,0
BRDA:35,3,1,0
BRDA:44,4,0,0
BRDA:44,4,1,0
BRDA:60,5,0,0
BRDA:60,5,1,0
BRDA:81,6,0,0
BRDA:81,6,1,0
BRDA:190,7,0,0
BRDA:190,7,1,0
BRDA:194,8,0,0
BRDA:194,8,1,0
BRDA:211,9,0,0
BRDA:211,9,1,0
BRDA:237,10,0,0
BRDA:237,10,1,0
BRDA:261,11,0,0
BRDA:261,11,1,0
BRDA:267,12,0,0
BRDA:267,12,1,0
BRDA:297,13,0,0
BRDA:297,13,1,0
BRF:30
BRH:0
end_of_record
TN:
SF:src\controllers\conversationController.js
FN:6,(anonymous_0)
FN:57,(anonymous_1)
FN:84,(anonymous_2)
FN:113,(anonymous_3)
FN:168,(anonymous_4)
FNF:5
FNH:0
FNDA:0,(anonymous_0)
FNDA:0,(anonymous_1)
FNDA:0,(anonymous_2)
FNDA:0,(anonymous_3)
FNDA:0,(anonymous_4)
DA:6,1
DA:7,0
DA:8,0
DA:9,0
DA:11,0
DA:12,0
DA:14,0
DA:15,0
DA:18,0
DA:19,0
DA:23,0
DA:30,0
DA:31,0
DA:38,0
DA:47,0
DA:53,0
DA:57,1
DA:58,0
DA:59,0
DA:61,0
DA:69,0
DA:76,0
DA:77,0
DA:84,1
DA:85,0
DA:86,0
DA:87,0
DA:89,0
DA:95,0
DA:96,0
DA:99,0
DA:105,0
DA:113,1
DA:114,0
DA:115,0
DA:117,0
DA:119,0
DA:124,0
DA:125,0
DA:127,0
DA:130,0
DA:131,0
DA:137,0
DA:143,0
DA:145,0
DA:148,0
DA:150,0
DA:159,0
DA:161,0
DA:168,1
DA:169,0
DA:170,0
DA:171,0
DA:173,0
DA:178,0
DA:179,0
DA:183,0
DA:187,0
DA:190,0
DA:195,0
LF:60
LH:5
BRDA:14,0,0,0
BRDA:14,0,1,0
BRDA:18,1,0,0
BRDA:18,1,1,0
BRDA:18,2,0,0
BRDA:18,2,1,0
BRDA:30,3,0,0
BRDA:30,3,1,0
BRDA:95,4,0,0
BRDA:95,4,1,0
BRDA:124,5,0,0
BRDA:124,5,1,0
BRDA:124,6,0,0
BRDA:124,6,1,0
BRDA:130,7,0,0
BRDA:130,7,1,0
BRDA:178,8,0,0
BRDA:178,8,1,0
BRDA:183,9,0,0
BRDA:183,9,1,0
BRDA:184,10,0,0
BRDA:184,10,1,0
BRF:22
BRH:0
end_of_record
TN:
SF:src\controllers\messageController.js
FN:7,(anonymous_0)
FN:102,(anonymous_1)
FN:141,(anonymous_2)
FNF:3
FNH:0
FNDA:0,(anonymous_0)
FNDA:0,(anonymous_1)
FNDA:0,(anonymous_2)
DA:7,1
DA:8,0
DA:9,0
DA:10,0
DA:13,0
DA:14,0
DA:18,0
DA:20,0
DA:21,0
DA:26,0
DA:29,0
DA:31,0
DA:32,0
DA:36,0
DA:41,0
DA:45,0
DA:52,0
DA:53,0
DA:56,0
DA:58,0
DA:59,0
DA:61,0
DA:64,0
DA:67,0
DA:70,0
DA:73,0
DA:75,0
DA:80,0
DA:85,0
DA:93,0
DA:95,0
DA:102,1
DA:103,0
DA:104,0
DA:105,0
DA:108,0
DA:110,0
DA:111,0
DA:114,0
DA:118,0
DA:122,0
DA:126,0
DA:132,0
DA:134,0
DA:141,1
DA:142,0
DA:143,0
DA:144,0
DA:146,0
DA:148,0
DA:149,0
DA:152,0
DA:153,0
DA:155,0
DA:158,0
DA:159,0
DA:161,0
DA:166,0
DA:171,0
LF:59
LH:3
BRDA:13,0,0,0
BRDA:13,0,1,0
BRDA:13,1,0,0
BRDA:13,1,1,0
BRDA:20,2,0,0
BRDA:20,2,1,0
BRDA:31,3,0,0
BRDA:31,3,1,0
BRDA:31,4,0,0
BRDA:31,4,1,0
BRDA:36,5,0,0
BRDA:36,5,1,0
BRDA:37,6,0,0
BRDA:37,6,1,0
BRDA:56,7,0,0
BRDA:56,7,1,0
BRDA:59,8,0,0
BRDA:59,8,1,0
BRDA:110,9,0,0
BRDA:110,9,1,0
BRDA:114,10,0,0
BRDA:114,10,1,0
BRDA:115,11,0,0
BRDA:115,11,1,0
BRDA:148,12,0,0
BRDA:148,12,1,0
BRDA:152,13,0,0
BRDA:152,13,1,0
BRF:28
BRH:0
end_of_record
TN:
SF:src\controllers\notificationController.js
FN:3,(anonymous_0)
FN:28,(anonymous_1)
FN:40,(anonymous_2)
FNF:3
FNH:0
FNDA:0,(anonymous_0)
FNDA:0,(anonymous_1)
FNDA:0,(anonymous_2)
DA:3,1
DA:4,0
DA:5,0
DA:7,0
DA:8,0
DA:10,0
DA:17,0
DA:22,0
DA:24,0
DA:28,1
DA:29,0
DA:30,0
DA:34,0
DA:36,0
DA:40,1
DA:41,0
DA:42,0
DA:46,0
DA:48,0
LF:19
LH:3
BRDA:5,0,0,0
BRDA:5,1,0,0
BRDA:8,2,0,0
BRDA:8,2,1,0
BRF:4
BRH:0
end_of_record
TN:
SF:src\controllers\orderController.js
FN:4,(anonymous_0)
FN:18,(anonymous_1)
FNF:2
FNH:0
FNDA:0,(anonymous_0)
FNDA:0,(anonymous_1)
DA:4,1
DA:5,0
DA:6,0
DA:8,0
DA:17,0
DA:20,0
DA:22,0
DA:27,0
DA:44,0
DA:50,0
DA:51,0
LF:11
LH:1
BRDA:20,0,0,0
BRDA:20,0,1,0
BRF:2
BRH:0
end_of_record
TN:
SF:src\controllers\productController.js
FN:4,(anonymous_0)
FN:67,(anonymous_1)
FNF:2
FNH:0
FNDA:0,(anonymous_0)
FNDA:0,(anonymous_1)
DA:4,1
DA:5,0
DA:6,0
DA:8,0
DA:12,0
DA:13,0
DA:16,0
DA:17,0
DA:19,0
DA:21,0
DA:23,0
DA:24,0
DA:26,0
DA:27,0
DA:29,0
DA:30,0
DA:33,0
DA:36,0
DA:37,0
DA:39,0
DA:40,0
DA:47,0
DA:55,0
DA:57,0
DA:67,1
DA:68,0
DA:69,0
DA:74,0
DA:75,0
DA:79,0
DA:82,0
LF:31
LH:2
BRDA:6,0,0,0
BRDA:6,1,0,0
BRDA:6,2,0,0
BRDA:6,3,0,0
BRDA:6,4,0,0
BRDA:12,5,0,0
BRDA:12,5,1,0
BRDA:16,6,0,0
BRDA:16,6,1,0
BRDA:21,7,0,0
BRDA:21,7,1,0
BRDA:21,7,2,0
BRDA:21,7,3,0
BRDA:21,7,4,0
BRDA:74,8,0,0
BRDA:74,8,1,0
BRDA:74,9,0,0
BRDA:74,9,1,0
BRF:18
BRH:0
end_of_record
TN:
SF:src\controllers\recommendationController.js
FN:4,(anonymous_0)
FN:33,(anonymous_1)
FN:56,(anonymous_2)
FN:60,(anonymous_3)
FN:61,(anonymous_4)
FN:69,(anonymous_5)
FN:91,(anonymous_6)
FN:106,(anonymous_7)
FNF:8
FNH:0
FNDA:0,(anonymous_0)
FNDA:0,(anonymous_1)
FNDA:0,(anonymous_2)
FNDA:0,(anonymous_3)
FNDA:0,(anonymous_4)
FNDA:0,(anonymous_5)
FNDA:0,(anonymous_6)
FNDA:0,(anonymous_7)
DA:4,1
DA:5,0
DA:6,0
DA:8,0
DA:10,0
DA:11,0
DA:15,0
DA:22,0
DA:23,0
DA:27,0
DA:33,0
DA:38,0
DA:40,0
DA:42,0
DA:52,0
DA:53,0
DA:56,0
DA:59,0
DA:61,0
DA:66,0
DA:69,0
DA:70,0
DA:78,0
DA:84,0
DA:85,0
DA:91,1
DA:92,0
DA:93,0
DA:95,0
DA:96,0
DA:100,0
DA:106,0
DA:109,0
DA:120,0
DA:126,0
DA:127,0
LF:36
LH:2
BRDA:10,0,0,0
BRDA:10,0,1,0
BRDA:10,1,0,0
BRDA:10,1,1,0
BRDA:22,2,0,0
BRDA:22,2,1,0
BRDA:52,3,0,0
BRDA:52,3,1,0
BRDA:52,4,0,0
BRDA:52,4,1,0
BRDA:71,5,0,0
BRDA:71,5,1,0
BRDA:71,6,0,0
BRDA:71,6,1,0
BRDA:71,7,0,0
BRDA:71,7,1,0
BRDA:72,8,0,0
BRDA:72,8,1,0
BRDA:72,9,0,0
BRDA:72,9,1,0
BRDA:95,10,0,0
BRDA:95,10,1,0
BRDA:95,11,0,0
BRDA:95,11,1,0
BRF:24
BRH:0
end_of_record
TN:
SF:src\controllers\reviewController.js
FN:9,(anonymous_0)
FN:33,(anonymous_1)
FN:88,(anonymous_2)
FN:123,(anonymous_3)
FN:191,(anonymous_4)
FN:215,(anonymous_5)
FN:244,(anonymous_6)
FN:271,(anonymous_7)
FN:274,(anonymous_8)
FN:304,(anonymous_9)
FN:305,(anonymous_10)
FNF:11
FNH:3
FNDA:1,(anonymous_0)
FNDA:1,(anonymous_1)
FNDA:2,(anonymous_2)
FNDA:0,(anonymous_3)
FNDA:0,(anonymous_4)
FNDA:0,(anonymous_5)
FNDA:0,(anonymous_6)
FNDA:0,(anonymous_7)
FNDA:0,(anonymous_8)
FNDA:0,(anonymous_9)
FNDA:0,(anonymous_10)
DA:7,1
DA:9,1
DA:10,1
DA:11,1
DA:16,0
DA:21,1
DA:25,1
DA:33,1
DA:34,1
DA:35,1
DA:36,1
DA:38,1
DA:39,0
DA:41,1
DA:42,0
DA:44,1
DA:45,0
DA:47,1
DA:48,1
DA:49,0
DA:51,1
DA:52,1
DA:53,0
DA:55,1
DA:57,1
DA:66,1
DA:67,1
DA:71,1
DA:72,1
DA:73,1
DA:75,1
DA:77,1
DA:79,0
DA:80,0
DA:88,1
DA:89,2
DA:90,2
DA:95,2
DA:97,0
DA:98,0
DA:123,1
DA:124,0
DA:125,0
DA:128,0
DA:150,0
DA:151,0
DA:153,0
DA:154,0
DA:159,0
DA:160,0
DA:162,0
DA:191,0
DA:198,0
DA:206,0
DA:207,0
DA:215,1
DA:216,0
DA:218,0
DA:220,0
DA:244,0
DA:245,0
DA:246,0
DA:248,0
DA:259,0
DA:261,0
DA:262,0
DA:270,1
DA:271,1
DA:272,0
DA:274,1
DA:275,0
DA:276,0
DA:278,0
DA:304,0
DA:305,0
DA:307,0
DA:312,0
DA:313,0
LF:78
LH:35
BRDA:7,0,0,1
BRDA:7,0,1,1
BRDA:17,1,0,0
BRDA:17,1,1,0
BRDA:18,2,0,0
BRDA:18,2,1,0
BRDA:38,3,0,0
BRDA:38,3,1,1
BRDA:41,4,0,0
BRDA:41,4,1,1
BRDA:41,5,0,1
BRDA:41,5,1,1
BRDA:44,6,0,0
BRDA:44,6,1,1
BRDA:44,7,0,1
BRDA:44,7,1,1
BRDA:44,7,2,1
BRDA:48,8,0,0
BRDA:48,8,1,1
BRDA:52,9,0,0
BRDA:52,9,1,1
BRDA:71,10,0,0
BRDA:71,10,1,1
BRDA:72,11,0,0
BRDA:72,11,1,1
BRDA:73,12,0,0
BRDA:73,12,1,1
BRDA:150,13,0,0
BRDA:150,14,0,0
BRDA:150,15,0,0
BRDA:150,16,0,0
BRDA:150,17,0,0
BRDA:150,17,1,0
BRDA:151,18,0,0
BRDA:151,18,1,0
BRDA:245,19,0,0
BRDA:245,19,1,0
BRDA:272,20,0,0
BRDA:272,20,1,0
BRDA:308,21,0,0
BRDA:308,21,1,0
BRDA:309,22,0,0
BRDA:309,22,1,0
BRF:43
BRH:15
end_of_record
TN:
SF:src\controllers\sellerController.js
FN:15,(anonymous_0)
FN:17,(anonymous_1)
FN:48,(anonymous_2)
FN:70,(anonymous_3)
FN:111,(anonymous_4)
FN:124,(anonymous_5)
FN:127,(anonymous_6)
FN:164,(anonymous_7)
FN:232,(anonymous_8)
FN:294,(anonymous_9)
FN:295,(anonymous_10)
FN:312,(anonymous_11)
FN:316,(anonymous_12)
FN:321,(anonymous_13)
FN:329,(anonymous_14)
FN:337,(anonymous_15)
FN:338,(anonymous_16)
FN:365,(anonymous_17)
FN:410,(anonymous_18)
FN:508,(anonymous_19)
FN:566,(anonymous_20)
FN:617,(anonymous_21)
FN:683,(anonymous_22)
FN:792,(anonymous_23)
FN:811,(anonymous_24)
FN:818,(anonymous_25)
FN:832,(anonymous_26)
FN:864,(anonymous_27)
FN:905,(anonymous_28)
FN:951,(anonymous_29)
FN:962,(anonymous_30)
FN:1000,(anonymous_31)
FN:1048,(anonymous_32)
FN:1102,(anonymous_33)
FN:1113,(anonymous_34)
FN:1152,(anonymous_35)
FN:1185,(anonymous_36)
FN:1258,(anonymous_37)
FN:1293,(anonymous_38)
FN:1350,(anonymous_39)
FN:1357,(anonymous_40)
FNF:41
FNH:0
FNDA:0,(anonymous_0)
FNDA:0,(anonymous_1)
FNDA:0,(anonymous_2)
FNDA:0,(anonymous_3)
FNDA:0,(anonymous_4)
FNDA:0,(anonymous_5)
FNDA:0,(anonymous_6)
FNDA:0,(anonymous_7)
FNDA:0,(anonymous_8)
FNDA:0,(anonymous_9)
FNDA:0,(anonymous_10)
FNDA:0,(anonymous_11)
FNDA:0,(anonymous_12)
FNDA:0,(anonymous_13)
FNDA:0,(anonymous_14)
FNDA:0,(anonymous_15)
FNDA:0,(anonymous_16)
FNDA:0,(anonymous_17)
FNDA:0,(anonymous_18)
FNDA:0,(anonymous_19)
FNDA:0,(anonymous_20)
FNDA:0,(anonymous_21)
FNDA:0,(anonymous_22)
FNDA:0,(anonymous_23)
FNDA:0,(anonymous_24)
FNDA:0,(anonymous_25)
FNDA:0,(anonymous_26)
FNDA:0,(anonymous_27)
FNDA:0,(anonymous_28)
FNDA:0,(anonymous_29)
FNDA:0,(anonymous_30)
FNDA:0,(anonymous_31)
FNDA:0,(anonymous_32)
FNDA:0,(anonymous_33)
FNDA:0,(anonymous_34)
FNDA:0,(anonymous_35)
FNDA:0,(anonymous_36)
FNDA:0,(anonymous_37)
FNDA:0,(anonymous_38)
FNDA:0,(anonymous_39)
FNDA:0,(anonymous_40)
DA:15,1
DA:17,1
DA:18,0
DA:19,0
DA:21,0
DA:23,0
DA:24,0
DA:29,0
DA:31,0
DA:32,0
DA:37,0
DA:38,0
DA:40,0
DA:41,0
DA:42,0
DA:43,0
DA:45,0
DA:47,0
DA:48,0
DA:51,0
DA:52,0
DA:55,0
DA:57,0
DA:62,0
DA:63,0
DA:70,1
DA:71,0
DA:73,0
DA:83,0
DA:86,0
DA:87,0
DA:92,0
DA:93,0
DA:98,0
DA:99,0
DA:104,0
DA:105,0
DA:106,0
DA:107,0
DA:109,0
DA:110,0
DA:111,0
DA:115,0
DA:120,0
DA:122,0
DA:123,0
DA:124,0
DA:127,0
DA:130,0
DA:131,0
DA:136,0
DA:150,0
DA:156,0
DA:157,0
DA:164,1
DA:165,0
DA:166,0
DA:168,0
DA:170,0
DA:172,0
DA:174,0
DA:175,0
DA:178,0
DA:179,0
DA:182,0
DA:183,0
DA:186,0
DA:190,0
DA:196,0
DA:197,0
DA:200,0
DA:201,0
DA:207,0
DA:211,0
DA:213,0
DA:215,0
DA:217,0
DA:225,0
DA:232,1
DA:233,0
DA:234,0
DA:235,0
DA:246,0
DA:249,0
DA:251,0
DA:252,0
DA:257,0
DA:258,0
DA:264,0
DA:265,0
DA:270,0
DA:271,0
DA:272,0
DA:276,0
DA:277,0
DA:278,0
DA:279,0
DA:280,0
DA:281,0
DA:282,0
DA:283,0
DA:285,0
DA:286,0
DA:288,0
DA:292,0
DA:293,0
DA:294,0
DA:295,0
DA:298,0
DA:303,0
DA:305,0
DA:306,0
DA:312,0
DA:315,0
DA:316,0
DA:320,0
DA:321,0
DA:325,0
DA:327,0
DA:328,0
DA:329,0
DA:332,0
DA:336,0
DA:337,0
DA:338,0
DA:341,0
DA:342,0
DA:347,0
DA:349,0
DA:351,0
DA:357,0
DA:358,0
DA:365,1
DA:366,0
DA:367,0
DA:368,0
DA:370,0
DA:372,0
DA:373,0
DA:379,0
DA:380,0
DA:385,0
DA:386,0
DA:391,0
DA:392,0
DA:394,0
DA:399,0
DA:404,0
DA:410,1
DA:411,0
DA:412,0
DA:413,0
DA:415,0
DA:416,0
DA:417,0
DA:419,0
DA:420,0
DA:421,0
DA:425,0
DA:426,0
DA:431,0
DA:432,0
DA:437,0
DA:438,0
DA:440,0
DA:441,0
DA:446,0
DA:447,0
DA:453,0
DA:455,0
DA:456,0
DA:462,0
DA:463,0
DA:469,0
DA:483,0
DA:485,0
DA:486,0
DA:489,0
DA:492,0
DA:493,0
DA:495,0
DA:501,0
DA:502,0
DA:508,1
DA:509,0
DA:510,0
DA:512,0
DA:514,0
DA:515,0
DA:519,0
DA:520,0
DA:525,0
DA:526,0
DA:532,0
DA:535,0
DA:536,0
DA:538,0
DA:539,0
DA:541,0
DA:542,0
DA:545,0
DA:549,0
DA:553,0
DA:554,0
DA:556,0
DA:560,0
DA:566,1
DA:567,0
DA:568,0
DA:570,0
DA:573,0
DA:576,0
DA:577,0
DA:580,0
DA:581,0
DA:587,0
DA:593,0
DA:595,0
DA:598,0
DA:600,0
DA:609,0
DA:611,0
DA:617,1
DA:618,0
DA:619,0
DA:620,0
DA:622,0
DA:624,0
DA:625,0
DA:631,0
DA:632,0
DA:638,0
DA:639,0
DA:644,0
DA:645,0
DA:647,0
DA:649,0
DA:650,0
DA:651,0
DA:653,0
DA:655,0
DA:670,0
DA:675,0
DA:677,0
DA:683,1
DA:684,0
DA:685,0
DA:686,0
DA:688,0
DA:689,0
DA:692,0
DA:694,0
DA:695,0
DA:698,0
DA:699,0
DA:702,0
DA:703,0
DA:707,0
DA:709,0
DA:710,0
DA:712,0
DA:713,0
DA:714,0
DA:717,0
DA:718,0
DA:720,0
DA:721,0
DA:724,0
DA:727,0
DA:729,0
DA:734,0
DA:736,0
DA:737,0
DA:741,0
DA:742,0
DA:743,0
DA:745,0
DA:746,0
DA:748,0
DA:750,0
DA:751,0
DA:758,0
DA:760,0
DA:761,0
DA:762,0
DA:765,0
DA:768,0
DA:773,0
DA:775,0
DA:776,0
DA:777,0
DA:780,0
DA:785,0
DA:787,0
DA:792,1
DA:793,0
DA:794,0
DA:810,0
DA:811,0
DA:815,0
DA:818,0
DA:826,0
DA:832,1
DA:833,0
DA:834,0
DA:836,0
DA:864,0
DA:870,0
DA:893,0
DA:899,0
DA:905,1
DA:906,0
DA:907,0
DA:908,0
DA:911,0
DA:912,0
DA:915,0
DA:916,0
DA:918,0
DA:946,0
DA:951,0
DA:952,0
DA:955,0
DA:957,0
DA:958,0
DA:962,1
DA:963,0
DA:964,0
DA:966,0
DA:983,0
DA:988,0
DA:989,0
DA:990,0
DA:993,0
DA:995,0
DA:996,0
DA:1000,1
DA:1001,0
DA:1002,0
DA:1004,0
DA:1031,0
DA:1036,0
DA:1037,0
DA:1038,0
DA:1041,0
DA:1043,0
DA:1044,0
DA:1048,1
DA:1049,0
DA:1050,0
DA:1052,0
DA:1055,0
DA:1058,0
DA:1061,0
DA:1062,0
DA:1063,0
DA:1066,0
DA:1067,0
DA:1070,0
DA:1072,0
DA:1097,0
DA:1102,0
DA:1103,0
DA:1106,0
DA:1108,0
DA:1109,0
DA:1113,1
DA:1114,0
DA:1115,0
DA:1117,0
DA:1118,0
DA:1120,0
DA:1121,0
DA:1122,0
DA:1124,0
DA:1150,0
DA:1152,0
DA:1153,0
DA:1156,0
DA:1158,0
DA:1159,0
DA:1160,0
DA:1162,0
DA:1169,0
DA:1178,0
DA:1180,0
DA:1181,0
DA:1185,1
DA:1186,0
DA:1187,0
DA:1189,0
DA:1190,0
DA:1191,0
DA:1194,0
DA:1195,0
DA:1196,0
DA:1198,0
DA:1249,0
DA:1251,0
DA:1253,0
DA:1254,0
DA:1258,1
DA:1259,0
DA:1260,0
DA:1263,0
DA:1264,0
DA:1266,0
DA:1271,0
DA:1272,0
DA:1276,0
DA:1282,0
DA:1286,0
DA:1288,0
DA:1289,0
DA:1293,1
DA:1294,0
DA:1295,0
DA:1297,0
DA:1343,0
DA:1345,0
DA:1346,0
DA:1350,1
DA:1351,0
DA:1352,0
DA:1355,0
DA:1357,0
DA:1360,0
DA:1375,0
DA:1381,0
LF:429
LH:22
BRDA:15,0,0,0
BRDA:15,0,1,0
BRDA:23,1,0,0
BRDA:23,1,1,0
BRDA:23,2,0,0
BRDA:23,2,1,0
BRDA:23,2,2,0
BRDA:31,3,0,0
BRDA:31,3,1,0
BRDA:45,4,0,0
BRDA:45,4,1,0
BRDA:47,5,0,0
BRDA:47,5,1,0
BRDA:86,6,0,0
BRDA:86,6,1,0
BRDA:86,7,0,0
BRDA:86,7,1,0
BRDA:86,7,2,0
BRDA:86,7,3,0
BRDA:92,8,0,0
BRDA:92,8,1,0
BRDA:98,9,0,0
BRDA:98,9,1,0
BRDA:98,10,0,0
BRDA:98,10,1,0
BRDA:105,11,0,0
BRDA:105,11,1,0
BRDA:109,12,0,0
BRDA:109,12,1,0
BRDA:111,13,0,0
BRDA:111,13,1,0
BRDA:122,14,0,0
BRDA:122,14,1,0
BRDA:122,15,0,0
BRDA:122,15,1,0
BRDA:130,16,0,0
BRDA:130,16,1,0
BRDA:143,17,0,0
BRDA:143,17,1,0
BRDA:144,18,0,0
BRDA:144,18,1,0
BRDA:146,19,0,0
BRDA:146,19,1,0
BRDA:172,20,0,0
BRDA:172,20,1,0
BRDA:172,20,2,0
BRDA:172,20,3,0
BRDA:196,21,0,0
BRDA:196,21,1,0
BRDA:196,22,0,0
BRDA:196,22,1,0
BRDA:200,23,0,0
BRDA:200,23,1,0
BRDA:251,24,0,0
BRDA:251,24,1,0
BRDA:257,25,0,0
BRDA:257,25,1,0
BRDA:264,26,0,0
BRDA:264,26,1,0
BRDA:270,27,0,0
BRDA:270,27,1,0
BRDA:270,28,0,0
BRDA:270,28,1,0
BRDA:276,29,0,0
BRDA:276,29,1,0
BRDA:277,30,0,0
BRDA:277,30,1,0
BRDA:278,31,0,0
BRDA:278,31,1,0
BRDA:279,32,0,0
BRDA:279,32,1,0
BRDA:279,33,0,0
BRDA:279,33,1,0
BRDA:281,34,0,0
BRDA:281,34,1,0
BRDA:281,35,0,0
BRDA:281,35,1,0
BRDA:283,36,0,0
BRDA:283,36,1,0
BRDA:285,37,0,0
BRDA:285,37,1,0
BRDA:288,38,0,0
BRDA:288,38,1,0
BRDA:292,39,0,0
BRDA:292,39,1,0
BRDA:305,40,0,0
BRDA:305,40,1,0
BRDA:306,41,0,0
BRDA:306,41,1,0
BRDA:327,42,0,0
BRDA:327,42,1,0
BRDA:327,43,0,0
BRDA:327,43,1,0
BRDA:341,44,0,0
BRDA:341,44,1,0
BRDA:372,45,0,0
BRDA:372,45,1,0
BRDA:379,46,0,0
BRDA:379,46,1,0
BRDA:385,47,0,0
BRDA:385,47,1,0
BRDA:420,48,0,0
BRDA:420,48,1,0
BRDA:425,49,0,0
BRDA:425,49,1,0
BRDA:431,50,0,0
BRDA:431,50,1,0
BRDA:440,51,0,0
BRDA:440,51,1,0
BRDA:446,52,0,0
BRDA:446,52,1,0
BRDA:455,53,0,0
BRDA:455,53,1,0
BRDA:462,54,0,0
BRDA:462,54,1,0
BRDA:485,55,0,0
BRDA:485,55,1,0
BRDA:514,56,0,0
BRDA:514,56,1,0
BRDA:519,57,0,0
BRDA:519,57,1,0
BRDA:525,58,0,0
BRDA:525,58,1,0
BRDA:535,59,0,0
BRDA:535,59,1,0
BRDA:538,60,0,0
BRDA:538,60,1,0
BRDA:541,61,0,0
BRDA:541,61,1,0
BRDA:541,62,0,0
BRDA:541,62,1,0
BRDA:576,63,0,0
BRDA:576,63,1,0
BRDA:576,64,0,0
BRDA:576,64,1,0
BRDA:580,65,0,0
BRDA:580,65,1,0
BRDA:624,66,0,0
BRDA:624,66,1,0
BRDA:631,67,0,0
BRDA:631,67,1,0
BRDA:638,68,0,0
BRDA:638,68,1,0
BRDA:638,69,0,0
BRDA:638,69,1,0
BRDA:688,70,0,0
BRDA:688,70,1,0
BRDA:694,71,0,0
BRDA:694,71,1,0
BRDA:698,72,0,0
BRDA:698,72,1,0
BRDA:702,73,0,0
BRDA:702,73,1,0
BRDA:702,74,0,0
BRDA:702,74,1,0
BRDA:707,75,0,0
BRDA:707,75,1,0
BRDA:712,76,0,0
BRDA:712,76,1,0
BRDA:717,77,0,0
BRDA:717,77,1,0
BRDA:720,78,0,0
BRDA:720,78,1,0
BRDA:736,79,0,0
BRDA:736,79,1,0
BRDA:741,80,0,0
BRDA:741,80,1,0
BRDA:750,81,0,0
BRDA:750,81,1,0
BRDA:760,82,0,0
BRDA:760,82,1,0
BRDA:761,83,0,0
BRDA:761,83,1,0
BRDA:775,84,0,0
BRDA:775,84,1,0
BRDA:894,85,0,0
BRDA:894,85,1,0
BRDA:988,86,0,0
BRDA:988,86,1,0
BRDA:1036,87,0,0
BRDA:1036,87,1,0
BRDA:1058,88,0,0
BRDA:1058,88,1,0
BRDA:1174,89,0,0
BRDA:1174,89,1,0
BRDA:1191,90,0,0
BRDA:1191,90,1,0
BRDA:1249,91,0,0
BRDA:1249,91,1,0
BRDA:1271,92,0,0
BRDA:1271,92,1,0
BRDA:1376,93,0,0
BRDA:1376,93,1,0
BRDA:1377,94,0,0
BRDA:1377,94,1,0
BRF:195
BRH:0
end_of_record
TN:
SF:src\controllers\userController.js
FN:6,(anonymous_0)
FN:61,(anonymous_1)
FN:85,(anonymous_2)
FN:111,(anonymous_3)
FN:134,(anonymous_4)
FN:159,(anonymous_5)
FN:178,(anonymous_6)
FN:206,(anonymous_7)
FN:234,(anonymous_8)
FN:282,(anonymous_9)
FN:327,(anonymous_10)
FN:356,(anonymous_11)
FN:364,(anonymous_12)
FNF:13
FNH:0
FNDA:0,(anonymous_0)
FNDA:0,(anonymous_1)
FNDA:0,(anonymous_2)
FNDA:0,(anonymous_3)
FNDA:0,(anonymous_4)
FNDA:0,(anonymous_5)
FNDA:0,(anonymous_6)
FNDA:0,(anonymous_7)
FNDA:0,(anonymous_8)
FNDA:0,(anonymous_9)
FNDA:0,(anonymous_10)
FNDA:0,(anonymous_11)
FNDA:0,(anonymous_12)
DA:6,1
DA:7,0
DA:8,0
DA:11,0
DA:12,0
DA:18,0
DA:19,0
DA:20,0
DA:25,0
DA:27,0
DA:28,0
DA:33,0
DA:34,0
DA:38,0
DA:39,0
DA:43,0
DA:45,0
DA:47,0
DA:54,0
DA:61,1
DA:62,0
DA:63,0
DA:64,0
DA:69,0
DA:72,0
DA:73,0
DA:77,0
DA:79,0
DA:85,1
DA:86,0
DA:88,0
DA:90,0
DA:91,0
DA:99,0
DA:101,0
DA:102,0
DA:105,0
DA:106,0
DA:108,0
DA:110,0
DA:111,0
DA:115,0
DA:116,0
DA:119,0
DA:121,0
DA:127,0
DA:128,0
DA:134,1
DA:135,0
DA:137,0
DA:139,0
DA:140,0
DA:150,0
DA:152,0
DA:153,0
DA:154,0
DA:155,0
DA:157,0
DA:158,0
DA:159,0
DA:161,0
DA:162,0
DA:165,0
DA:167,0
DA:173,0
DA:174,0
DA:178,1
DA:179,0
DA:180,0
DA:182,0
DA:183,0
DA:189,0
DA:190,0
DA:191,0
DA:192,0
DA:194,0
DA:196,0
DA:199,0
DA:200,0
DA:206,1
DA:207,0
DA:208,0
DA:210,0
DA:211,0
DA:216,0
DA:218,0
DA:219,0
DA:222,0
DA:223,0
DA:225,0
DA:227,0
DA:229,0
DA:230,0
DA:234,1
DA:235,0
DA:236,0
DA:237,0
DA:240,0
DA:241,0
DA:242,0
DA:248,0
DA:249,0
DA:253,0
DA:254,0
DA:260,0
DA:261,0
DA:268,0
DA:269,0
DA:271,0
DA:277,0
DA:278,0
DA:282,1
DA:283,0
DA:284,0
DA:286,0
DA:287,0
DA:292,0
DA:293,0
DA:294,0
DA:296,0
DA:297,0
DA:298,0
DA:300,0
DA:301,0
DA:302,0
DA:303,0
DA:304,0
DA:306,0
DA:308,0
DA:309,0
DA:310,0
DA:312,0
DA:314,0
DA:319,0
DA:320,0
DA:327,1
DA:328,0
DA:329,0
DA:331,0
DA:332,0
DA:337,0
DA:338,0
DA:343,0
DA:345,0
DA:347,0
DA:350,0
DA:351,0
DA:356,1
DA:357,0
DA:358,0
DA:359,0
DA:361,0
DA:364,1
DA:365,0
DA:366,0
DA:367,0
DA:369,0
DA:372,0
DA:374,0
DA:376,0
LF:160
LH:11
BRDA:11,0,0,0
BRDA:11,0,1,0
BRDA:19,1,0,0
BRDA:19,1,1,0
BRDA:27,2,0,0
BRDA:27,2,1,0
BRDA:33,3,0,0
BRDA:33,3,1,0
BRDA:38,4,0,0
BRDA:38,4,1,0
BRDA:63,5,0,0
BRDA:63,5,1,0
BRDA:72,6,0,0
BRDA:72,6,1,0
BRDA:90,7,0,0
BRDA:90,7,1,0
BRDA:101,8,0,0
BRDA:101,8,1,0
BRDA:105,9,0,0
BRDA:105,9,1,0
BRDA:108,10,0,0
BRDA:108,10,1,0
BRDA:110,11,0,0
BRDA:110,11,1,0
BRDA:139,12,0,0
BRDA:139,12,1,0
BRDA:152,13,0,0
BRDA:152,13,1,0
BRDA:153,14,0,0
BRDA:153,14,1,0
BRDA:154,15,0,0
BRDA:154,15,1,0
BRDA:155,16,0,0
BRDA:155,16,1,0
BRDA:157,17,0,0
BRDA:157,17,1,0
BRDA:158,18,0,0
BRDA:158,18,1,0
BRDA:182,19,0,0
BRDA:182,19,1,0
BRDA:189,20,0,0
BRDA:189,20,1,0
BRDA:190,21,0,0
BRDA:190,21,1,0
BRDA:191,22,0,0
BRDA:191,22,1,0
BRDA:192,23,0,0
BRDA:192,23,1,0
BRDA:210,24,0,0
BRDA:210,24,1,0
BRDA:210,25,0,0
BRDA:210,25,1,0
BRDA:210,25,2,0
BRDA:218,26,0,0
BRDA:218,26,1,0
BRDA:241,27,0,0
BRDA:241,27,1,0
BRDA:248,28,0,0
BRDA:248,28,1,0
BRDA:253,29,0,0
BRDA:253,29,1,0
BRDA:260,30,0,0
BRDA:260,30,1,0
BRDA:286,31,0,0
BRDA:286,31,1,0
BRDA:331,32,0,0
BRDA:331,32,1,0
BRDA:337,33,0,0
BRDA:337,33,1,0
BRDA:367,34,0,0
BRDA:367,34,1,0
BRDA:372,35,0,0
BRDA:372,35,1,0
BRF:73
BRH:0
end_of_record
TN:
SF:src\controllers\ventureController.js
FN:10,(anonymous_0)
FN:18,(anonymous_1)
FN:123,(anonymous_2)
FN:140,(anonymous_3)
FN:156,(anonymous_4)
FN:167,(anonymous_5)
FN:230,(anonymous_6)
FN:242,(anonymous_7)
FN:247,(anonymous_8)
FN:267,(anonymous_9)
FN:288,(anonymous_10)
FN:297,(anonymous_11)
FN:319,(anonymous_12)
FN:326,(anonymous_13)
FN:347,(anonymous_14)
FN:357,(anonymous_15)
FN:365,(anonymous_16)
FN:379,(anonymous_17)
FN:395,(anonymous_18)
FN:412,(anonymous_19)
FN:433,(anonymous_20)
FN:453,(anonymous_21)
FN:463,(anonymous_22)
FN:485,(anonymous_23)
FN:515,(anonymous_24)
FN:530,(anonymous_25)
FN:545,(anonymous_26)
FN:572,(anonymous_27)
FN:584,(anonymous_28)
FN:601,(anonymous_29)
FN:619,(anonymous_30)
FNF:31
FNH:0
FNDA:0,(anonymous_0)
FNDA:0,(anonymous_1)
FNDA:0,(anonymous_2)
FNDA:0,(anonymous_3)
FNDA:0,(anonymous_4)
FNDA:0,(anonymous_5)
FNDA:0,(anonymous_6)
FNDA:0,(anonymous_7)
FNDA:0,(anonymous_8)
FNDA:0,(anonymous_9)
FNDA:0,(anonymous_10)
FNDA:0,(anonymous_11)
FNDA:0,(anonymous_12)
FNDA:0,(anonymous_13)
FNDA:0,(anonymous_14)
FNDA:0,(anonymous_15)
FNDA:0,(anonymous_16)
FNDA:0,(anonymous_17)
FNDA:0,(anonymous_18)
FNDA:0,(anonymous_19)
FNDA:0,(anonymous_20)
FNDA:0,(anonymous_21)
FNDA:0,(anonymous_22)
FNDA:0,(anonymous_23)
FNDA:0,(anonymous_24)
FNDA:0,(anonymous_25)
FNDA:0,(anonymous_26)
FNDA:0,(anonymous_27)
FNDA:0,(anonymous_28)
FNDA:0,(anonymous_29)
FNDA:0,(anonymous_30)
DA:10,1
DA:11,0
DA:18,1
DA:19,0
DA:28,0
DA:30,0
DA:32,0
DA:33,0
DA:34,0
DA:35,0
DA:37,0
DA:44,0
DA:51,0
DA:52,0
DA:105,0
DA:108,0
DA:110,0
DA:112,0
DA:119,0
DA:123,1
DA:124,0
DA:125,0
DA:134,0
DA:136,0
DA:140,1
DA:141,0
DA:142,0
DA:152,0
DA:154,0
DA:156,0
DA:159,0
DA:161,0
DA:163,0
DA:167,1
DA:168,0
DA:172,0
DA:174,0
DA:175,0
DA:176,0
DA:183,0
DA:185,0
DA:186,0
DA:188,0
DA:189,0
DA:199,0
DA:223,0
DA:225,0
DA:226,0
DA:230,1
DA:231,0
DA:232,0
DA:233,0
DA:234,0
DA:235,0
DA:237,0
DA:242,0
DA:243,0
DA:246,0
DA:247,0
DA:248,0
DA:257,0
DA:260,0
DA:261,0
DA:263,0
DA:267,1
DA:268,0
DA:269,0
DA:270,0
DA:271,0
DA:272,0
DA:274,0
DA:275,0
DA:276,0
DA:278,0
DA:280,0
DA:288,1
DA:289,0
DA:290,0
DA:291,0
DA:292,0
DA:293,0
DA:295,0
DA:297,0
DA:298,0
DA:299,0
DA:301,0
DA:302,0
DA:304,0
DA:313,0
DA:315,0
DA:319,1
DA:320,0
DA:321,0
DA:322,0
DA:323,0
DA:325,0
DA:326,0
DA:328,0
DA:330,0
DA:331,0
DA:332,0
DA:333,0
DA:335,0
DA:344,0
DA:346,0
DA:347,0
DA:349,0
DA:350,0
DA:353,0
DA:357,1
DA:358,0
DA:359,0
DA:360,0
DA:361,0
DA:362,0
DA:364,0
DA:365,0
DA:367,0
DA:369,0
DA:371,0
DA:379,1
DA:380,0
DA:381,0
DA:382,0
DA:383,0
DA:384,0
DA:386,0
DA:387,0
DA:389,0
DA:391,0
DA:395,1
DA:396,0
DA:397,0
DA:398,0
DA:399,0
DA:400,0
DA:402,0
DA:403,0
DA:405,0
DA:406,0
DA:407,0
DA:408,0
DA:409,0
DA:411,0
DA:412,0
DA:413,0
DA:422,0
DA:426,0
DA:427,0
DA:429,0
DA:433,1
DA:434,0
DA:435,0
DA:436,0
DA:437,0
DA:438,0
DA:440,0
DA:441,0
DA:443,0
DA:445,0
DA:453,1
DA:454,0
DA:455,0
DA:456,0
DA:457,0
DA:458,0
DA:460,0
DA:461,0
DA:463,0
DA:464,0
DA:473,0
DA:475,0
DA:477,0
DA:485,1
DA:486,0
DA:487,0
DA:488,0
DA:490,0
DA:496,0
DA:497,0
DA:500,0
DA:503,0
DA:505,0
DA:507,0
DA:515,1
DA:516,0
DA:517,0
DA:518,0
DA:520,0
DA:521,0
DA:523,0
DA:524,0
DA:526,0
DA:530,1
DA:531,0
DA:532,0
DA:533,0
DA:535,0
DA:536,0
DA:538,0
DA:539,0
DA:541,0
DA:545,1
DA:546,0
DA:547,0
DA:548,0
DA:550,0
DA:551,0
DA:552,0
DA:553,0
DA:562,0
DA:565,0
DA:566,0
DA:568,0
DA:572,1
DA:573,0
DA:574,0
DA:575,0
DA:577,0
DA:578,0
DA:581,0
DA:582,0
DA:583,0
DA:584,0
DA:587,0
DA:588,0
DA:591,0
DA:595,0
DA:597,0
DA:601,1
DA:602,0
DA:603,0
DA:604,0
DA:606,0
DA:607,0
DA:610,0
DA:612,0
DA:613,0
DA:616,0
DA:617,0
DA:618,0
DA:619,0
DA:622,0
DA:623,0
DA:626,0
DA:632,0
DA:633,0
DA:634,0
DA:636,0
DA:638,0
LF:250
LH:20
BRDA:21,0,0,0
BRDA:22,1,0,0
BRDA:27,2,0,0
BRDA:32,3,0,0
BRDA:32,3,1,0
BRDA:33,4,0,0
BRDA:33,4,1,0
BRDA:33,5,0,0
BRDA:33,5,1,0
BRDA:34,6,0,0
BRDA:34,6,1,0
BRDA:34,7,0,0
BRDA:34,7,1,0
BRDA:35,8,0,0
BRDA:35,8,1,0
BRDA:51,9,0,0
BRDA:51,9,1,0
BRDA:105,10,0,0
BRDA:105,10,1,0
BRDA:152,11,0,0
BRDA:152,11,1,0
BRDA:156,12,0,0
BRDA:156,12,1,0
BRDA:159,13,0,0
BRDA:159,13,1,0
BRDA:185,14,0,0
BRDA:185,14,1,0
BRDA:188,15,0,0
BRDA:188,15,1,0
BRDA:204,16,0,0
BRDA:204,16,1,0
BRDA:210,17,0,0
BRDA:210,17,1,0
BRDA:233,18,0,0
BRDA:233,18,1,0
BRDA:234,19,0,0
BRDA:234,19,1,0
BRDA:243,20,0,0
BRDA:243,20,1,0
BRDA:246,21,0,0
BRDA:246,21,1,0
BRDA:246,22,0,0
BRDA:246,22,1,0
BRDA:270,23,0,0
BRDA:270,23,1,0
BRDA:271,24,0,0
BRDA:271,24,1,0
BRDA:291,25,0,0
BRDA:291,25,1,0
BRDA:292,26,0,0
BRDA:292,26,1,0
BRDA:298,27,0,0
BRDA:298,27,1,0
BRDA:323,28,0,0
BRDA:323,28,1,0
BRDA:328,29,0,0
BRDA:328,29,1,0
BRDA:330,30,0,0
BRDA:330,30,1,0
BRDA:360,31,0,0
BRDA:360,31,1,0
BRDA:361,32,0,0
BRDA:361,32,1,0
BRDA:382,33,0,0
BRDA:382,33,1,0
BRDA:383,34,0,0
BRDA:383,34,1,0
BRDA:398,35,0,0
BRDA:398,35,1,0
BRDA:399,36,0,0
BRDA:399,36,1,0
BRDA:403,37,0,0
BRDA:403,37,1,0
BRDA:405,38,0,0
BRDA:405,38,1,0
BRDA:406,39,0,0
BRDA:406,39,1,0
BRDA:407,40,0,0
BRDA:407,40,1,0
BRDA:409,41,0,0
BRDA:409,41,1,0
BRDA:411,42,0,0
BRDA:411,42,1,0
BRDA:436,43,0,0
BRDA:436,43,1,0
BRDA:437,44,0,0
BRDA:437,44,1,0
BRDA:456,45,0,0
BRDA:456,45,1,0
BRDA:457,46,0,0
BRDA:457,46,1,0
BRDA:488,47,0,0
BRDA:488,47,1,0
BRDA:518,48,0,0
BRDA:518,48,1,0
BRDA:521,49,0,0
BRDA:521,49,1,0
BRDA:533,50,0,0
BRDA:533,50,1,0
BRDA:536,51,0,0
BRDA:536,51,1,0
BRDA:548,52,0,0
BRDA:548,52,1,0
BRDA:551,53,0,0
BRDA:551,53,1,0
BRDA:577,54,0,0
BRDA:577,54,1,0
BRDA:584,55,0,0
BRDA:584,55,1,0
BRDA:587,56,0,0
BRDA:587,56,1,0
BRDA:587,57,0,0
BRDA:587,57,1,0
BRDA:606,58,0,0
BRDA:606,58,1,0
BRDA:606,59,0,0
BRDA:606,59,1,0
BRDA:612,60,0,0
BRDA:612,60,1,0
BRDA:619,61,0,0
BRDA:619,61,1,0
BRDA:622,62,0,0
BRDA:622,62,1,0
BRDA:622,63,0,0
BRDA:622,63,1,0
BRF:125
BRH:0
end_of_record
TN:
SF:src\controllers\wishlistController.js
FN:4,(anonymous_0)
FN:22,(anonymous_1)
FN:33,(anonymous_2)
FN:38,(anonymous_3)
FNF:4
FNH:0
FNDA:0,(anonymous_0)
FNDA:0,(anonymous_1)
FNDA:0,(anonymous_2)
FNDA:0,(anonymous_3)
DA:4,1
DA:5,0
DA:7,0
DA:8,0
DA:10,0
DA:11,0
DA:14,0
DA:16,0
DA:17,0
DA:22,1
DA:23,0
DA:24,0
DA:25,0
DA:26,0
DA:28,0
DA:29,0
DA:32,0
DA:33,0
DA:36,0
DA:37,0
DA:38,0
DA:41,0
DA:44,0
DA:46,0
DA:49,0
DA:50,0
LF:26
LH:2
BRDA:10,0,0,0
BRDA:10,0,1,0
BRDA:28,1,0,0
BRDA:28,1,1,0
BRDA:36,2,0,0
BRDA:36,2,1,0
BRF:6
BRH:0
end_of_record
TN:
SF:src\middleware\adminMiddleware.js
FN:1,(anonymous_0)
FNF:1
FNH:0
FNDA:0,(anonymous_0)
DA:1,1
DA:2,0
DA:3,0
DA:8,0
LF:4
LH:1
BRDA:2,0,0,0
BRDA:2,0,1,0
BRF:2
BRH:0
end_of_record
TN:
SF:src\middleware\authMiddleware.js
FN:5,(anonymous_0)
FNF:1
FNH:1
FNDA:1,(anonymous_0)
DA:5,1
DA:6,1
DA:9,1
DA:10,1
DA:14,1
DA:15,0
DA:21,1
DA:24,1
DA:26,1
DA:27,0
DA:32,1
DA:33,0
DA:39,1
DA:40,0
DA:43,1
DA:45,0
LF:16
LH:11
BRDA:9,0,0,1
BRDA:9,0,1,0
BRDA:9,1,0,1
BRDA:9,1,1,1
BRDA:14,2,0,0
BRDA:14,2,1,1
BRDA:26,3,0,0
BRDA:26,3,1,1
BRDA:32,4,0,0
BRDA:32,4,1,1
BRDA:39,5,0,0
BRDA:39,5,1,1
BRF:12
BRH:7
end_of_record
TN:
SF:src\middleware\sellerMiddleware.js
FN:1,(anonymous_0)
FNF:1
FNH:0
FNDA:0,(anonymous_0)
DA:1,1
DA:2,0
DA:6,0
DA:10,0
LF:4
LH:1
BRDA:2,0,0,0
BRDA:2,0,1,0
BRDA:3,1,0,0
BRDA:3,1,1,0
BRF:4
BRH:0
end_of_record
TN:
SF:src\middleware\uploadEvidenceMiddleware.js
FN:6,(anonymous_0)
FNF:1
FNH:0
FNDA:0,(anonymous_0)
DA:6,1
DA:7,0
DA:9,0
DA:10,0
DA:12,0
DA:16,1
LF:6
LH:2
BRDA:9,0,0,0
BRDA:9,0,1,0
BRF:2
BRH:0
end_of_record
TN:
SF:src\middleware\uploadMiddleware.js
FN:4,(anonymous_0)
FNF:1
FNH:0
FNDA:0,(anonymous_0)
DA:4,1
DA:5,0
DA:7,0
DA:8,0
DA:10,0
DA:15,1
LF:6
LH:2
BRDA:7,0,0,0
BRDA:7,0,1,0
BRF:2
BRH:0
end_of_record
TN:
SF:src\models\Application.js
FNF:0
FNH:0
DA:3,1
DA:5,1
DA:66,1
DA:67,1
DA:70,1
LF:5
LH:5
BRF:0
BRH:0
end_of_record
TN:
SF:src\models\Cart.js
FNF:0
FNH:0
DA:4,1
LF:1
LH:1
BRF:0
BRH:0
end_of_record
TN:
SF:src\models\Complaint.js
FNF:0
FNH:0
DA:3,1
DA:9,1
DA:64,1
DA:69,1
LF:4
LH:4
BRF:0
BRH:0
end_of_record
TN:
SF:src\models\Conversation.js
FNF:0
FNH:0
DA:3,1
DA:67,1
DA:76,1
LF:3
LH:3
BRF:0
BRH:0
end_of_record
TN:
SF:src\models\Message.js
FNF:0
FNH:0
DA:3,1
DA:26,1
LF:2
LH:2
BRF:0
BRH:0
end_of_record
TN:
SF:src\models\Notification.js
FNF:0
FNH:0
DA:3,1
DA:5,1
DA:74,1
LF:3
LH:3
BRF:0
BRH:0
end_of_record
TN:
SF:src\models\Order.js
FNF:0
FNH:0
DA:3,1
DA:88,1
DA:90,1
LF:3
LH:3
BRF:0
BRH:0
end_of_record
TN:
SF:src\models\Product.js
FNF:0
FNH:0
DA:3,1
DA:111,1
DA:113,1
LF:3
LH:3
BRF:0
BRH:0
end_of_record
TN:
SF:src\models\ProductView.js
FNF:0
FNH:0
DA:3,1
DA:28,1
LF:2
LH:2
BRF:0
BRH:0
end_of_record
TN:
SF:src\models\Review.js
FNF:0
FNH:0
DA:3,1
DA:45,1
LF:2
LH:2
BRF:0
BRH:0
end_of_record
TN:
SF:src\models\User.js
FNF:0
FNH:0
DA:4,1
DA:168,1
LF:2
LH:2
BRF:0
BRH:0
end_of_record
TN:
SF:src\models\Venture.js
FN:121,(anonymous_0)
FN:164,(anonymous_1)
FN:165,(anonymous_2)
FNF:3
FNH:0
FNDA:0,(anonymous_0)
FNDA:0,(anonymous_1)
FNDA:0,(anonymous_2)
DA:3,1
DA:7,1
DA:18,1
DA:27,1
DA:37,1
DA:45,1
DA:56,1
DA:121,0
DA:154,1
DA:155,1
DA:156,1
DA:157,1
DA:158,1
DA:159,1
DA:160,1
DA:164,1
DA:165,0
DA:168,1
DA:169,1
LF:19
LH:17
BRF:0
BRH:0
end_of_record
TN:
SF:src\models\VentureMessage.js
FNF:0
FNH:0
DA:3,1
DA:5,1
DA:47,1
LF:3
LH:3
BRF:0
BRH:0
end_of_record
TN:
SF:src\routes\adminRoutes.js
FNF:0
FNH:0
DA:11,1
DA:13,1
DA:15,1
DA:16,1
DA:17,1
DA:18,1
LF:6
LH:6
BRF:0
BRH:0
end_of_record
TN:
SF:src\routes\analyticsRoutes.js
FNF:0
FNH:0
DA:6,1
DA:8,1
DA:9,1
DA:10,1
DA:11,1
DA:12,1
DA:13,1
DA:14,1
DA:17,1
LF:9
LH:9
BRF:0
BRH:0
end_of_record
TN:
SF:src\routes\applicationRoutes.js
FNF:0
FNH:0
DA:5,1
DA:8,1
DA:9,1
DA:10,1
LF:4
LH:4
BRF:0
BRH:0
end_of_record
TN:
SF:src\routes\authRoutes.js
FNF:0
FNH:0
DA:6,1
DA:8,1
DA:9,1
DA:10,1
DA:11,1
DA:12,1
DA:13,1
DA:14,1
DA:15,1
DA:16,1
LF:10
LH:10
BRF:0
BRH:0
end_of_record
TN:
SF:src\routes\cartRoutes.js
FNF:0
FNH:0
DA:7,1
DA:9,1
DA:10,1
DA:11,1
DA:12,1
DA:13,1
LF:6
LH:6
BRF:0
BRH:0
end_of_record
TN:
SF:src\routes\complaintRoutes.js
FNF:0
FNH:0
DA:16,1
DA:19,1
DA:20,1
DA:21,1
DA:22,1
DA:23,1
DA:24,1
LF:7
LH:7
BRF:0
BRH:0
end_of_record
TN:
SF:src\routes\conversationRoutes.js
FNF:0
FNH:0
DA:6,1
DA:8,1
DA:9,1
DA:10,1
DA:11,1
DA:12,1
LF:6
LH:6
BRF:0
BRH:0
end_of_record
TN:
SF:src\routes\messageRoutes.js
FNF:0
FNH:0
DA:7,1
DA:10,1
DA:11,1
DA:12,1
LF:4
LH:4
BRF:0
BRH:0
end_of_record
TN:
SF:src\routes\notificationRoutes.js
FNF:0
FNH:0
DA:5,1
DA:7,1
DA:8,1
DA:9,1
LF:4
LH:4
BRF:0
BRH:0
end_of_record
TN:
SF:src\routes\orderRoutes.js
FNF:0
FNH:0
DA:5,1
DA:7,1
LF:2
LH:2
BRF:0
BRH:0
end_of_record
TN:
SF:src\routes\productRoutes.js
FNF:0
FNH:0
DA:4,1
DA:6,1
DA:7,1
DA:8,1
DA:9,1
LF:5
LH:5
BRF:0
BRH:0
end_of_record
TN:
SF:src\routes\reviewRoutes.js
FNF:0
FNH:0
DA:5,1
DA:7,1
DA:8,1
DA:9,1
DA:10,1
DA:11,1
DA:12,1
LF:7
LH:7
BRF:0
BRH:0
end_of_record
TN:
SF:src\routes\salesPredictionRoutes.js
FN:31,sendError
FN:53,(anonymous_1)
FN:83,(anonymous_2)
FN:113,(anonymous_3)
FN:139,(anonymous_4)
FN:173,(anonymous_5)
FN:197,(anonymous_6)
FN:213,(anonymous_7)
FNF:8
FNH:0
FNDA:0,sendError
FNDA:0,(anonymous_1)
FNDA:0,(anonymous_2)
FNDA:0,(anonymous_3)
FNDA:0,(anonymous_4)
FNDA:0,(anonymous_5)
FNDA:0,(anonymous_6)
FNDA:0,(anonymous_7)
DA:26,1
DA:32,0
DA:33,0
DA:53,1
DA:54,0
DA:55,0
DA:56,0
DA:57,0
DA:59,0
DA:60,0
DA:63,0
DA:64,0
DA:66,0
DA:83,1
DA:84,0
DA:86,0
DA:87,0
DA:88,0
DA:90,0
DA:113,1
DA:114,0
DA:115,0
DA:116,0
DA:117,0
DA:119,0
DA:139,1
DA:140,0
DA:141,0
DA:142,0
DA:143,0
DA:145,0
DA:173,1
DA:174,0
DA:175,0
DA:176,0
DA:177,0
DA:178,0
DA:180,0
DA:197,1
DA:198,0
DA:199,0
DA:200,0
DA:201,0
DA:203,0
DA:204,0
DA:208,0
DA:215,0
DA:216,0
DA:220,0
DA:231,0
LF:50
LH:7
BRDA:31,0,0,0
BRDA:55,1,0,0
BRDA:59,2,0,0
BRDA:59,2,1,0
BRDA:177,3,0,0
BRDA:177,3,1,0
BRDA:199,4,0,0
BRDA:203,5,0,0
BRDA:203,5,1,0
BRDA:228,6,0,0
BRDA:228,6,1,0
BRF:11
BRH:0
end_of_record
TN:
SF:src\routes\sellerRoutes.js
FNF:0
FNH:0
DA:10,1
DA:12,1
DA:13,1
DA:14,1
DA:15,1
DA:16,1
DA:17,1
DA:18,1
DA:19,1
DA:20,1
DA:21,1
DA:22,1
DA:23,1
DA:24,1
DA:26,1
DA:30,1
DA:31,1
DA:32,1
DA:33,1
DA:34,1
DA:35,1
DA:36,1
LF:22
LH:22
BRF:0
BRH:0
end_of_record
TN:
SF:src\routes\userRoutes.js
FN:25,(anonymous_0)
FN:26,(anonymous_1)
FNF:2
FNH:0
FNDA:0,(anonymous_0)
FNDA:0,(anonymous_1)
DA:10,1
DA:12,1
DA:15,1
DA:16,1
DA:17,1
DA:18,1
DA:19,1
DA:20,1
DA:22,1
DA:23,1
DA:25,1
DA:26,0
DA:28,0
DA:29,0
DA:34,0
DA:35,0
DA:37,0
DA:38,0
DA:41,0
DA:42,0
DA:45,0
DA:46,0
DA:48,0
DA:51,0
DA:52,0
LF:25
LH:11
BRDA:28,0,0,0
BRDA:28,0,1,0
BRDA:37,1,0,0
BRDA:37,1,1,0
BRDA:41,2,0,0
BRDA:41,2,1,0
BRF:6
BRH:0
end_of_record
TN:
SF:src\routes\ventureRoutes.js
FNF:0
FNH:0
DA:16,1
DA:19,1
DA:20,1
DA:21,1
DA:22,1
DA:23,1
DA:24,1
DA:27,1
DA:28,1
DA:29,1
DA:32,1
DA:33,1
DA:34,1
DA:37,1
DA:38,1
DA:41,1
DA:42,1
DA:43,1
DA:46,1
DA:47,1
DA:48,1
DA:49,1
DA:51,1
DA:52,1
LF:24
LH:24
BRF:0
BRH:0
end_of_record
TN:
SF:src\routes\wishlistRoutes.js
FNF:0
FNH:0
DA:5,1
DA:8,1
DA:11,1
LF:3
LH:3
BRF:0
BRH:0
end_of_record
TN:
SF:src\services\aiSuggestionsService.js
FN:19,buildDataSnapshot
FN:47,(anonymous_1)
FN:57,(anonymous_2)
FN:67,(anonymous_3)
FN:99,(anonymous_4)
FN:100,(anonymous_5)
FN:119,buildPrompt
FN:160,getFallbackSuggestions
FN:165,(anonymous_8)
FN:180,(anonymous_9)
FN:195,(anonymous_10)
FN:210,(anonymous_11)
FN:249,getAISuggestions
FNF:13
FNH:0
FNDA:0,buildDataSnapshot
FNDA:0,(anonymous_1)
FNDA:0,(anonymous_2)
FNDA:0,(anonymous_3)
FNDA:0,(anonymous_4)
FNDA:0,(anonymous_5)
FNDA:0,buildPrompt
FNDA:0,getFallbackSuggestions
FNDA:0,(anonymous_8)
FNDA:0,(anonymous_9)
FNDA:0,(anonymous_10)
FNDA:0,(anonymous_11)
FNDA:0,getAISuggestions
DA:11,1
DA:20,0
DA:21,0
DA:22,0
DA:23,0
DA:25,0
DA:28,0
DA:34,0
DA:40,0
DA:41,0
DA:46,0
DA:47,0
DA:48,0
DA:49,0
DA:50,0
DA:52,0
DA:53,0
DA:56,0
DA:57,0
DA:58,0
DA:59,0
DA:60,0
DA:62,0
DA:63,0
DA:67,0
DA:68,0
DA:69,0
DA:70,0
DA:72,0
DA:77,0
DA:79,0
DA:81,0
DA:99,0
DA:100,0
DA:102,0
DA:106,0
DA:120,0
DA:161,0
DA:164,0
DA:165,0
DA:167,0
DA:168,0
DA:179,0
DA:180,0
DA:182,0
DA:183,0
DA:194,0
DA:195,0
DA:197,0
DA:198,0
DA:209,0
DA:210,0
DA:212,0
DA:213,0
DA:224,0
DA:225,0
DA:235,0
DA:251,0
DA:254,0
DA:255,0
DA:256,0
DA:259,0
DA:261,0
DA:262,0
DA:263,0
DA:264,0
DA:268,0
DA:269,0
DA:272,0
DA:273,0
DA:276,0
DA:278,0
DA:279,0
LF:73
LH:1
BRDA:19,0,0,0
BRDA:25,1,0,0
BRDA:25,1,1,0
BRDA:40,2,0,0
BRDA:40,2,1,0
BRDA:49,3,0,0
BRDA:49,3,1,0
BRDA:59,4,0,0
BRDA:59,4,1,0
BRDA:69,5,0,0
BRDA:69,5,1,0
BRDA:70,6,0,0
BRDA:70,6,1,0
BRDA:72,7,0,0
BRDA:72,7,1,0
BRDA:79,8,0,0
BRDA:79,8,1,0
BRDA:102,9,0,0
BRDA:102,9,1,0
BRDA:165,10,0,0
BRDA:165,10,1,0
BRDA:167,11,0,0
BRDA:167,11,1,0
BRDA:180,12,0,0
BRDA:180,12,1,0
BRDA:182,13,0,0
BRDA:182,13,1,0
BRDA:197,14,0,0
BRDA:197,14,1,0
BRDA:197,15,0,0
BRDA:197,15,1,0
BRDA:210,16,0,0
BRDA:210,16,1,0
BRDA:212,17,0,0
BRDA:212,17,1,0
BRDA:249,18,0,0
BRDA:254,19,0,0
BRDA:254,19,1,0
BRDA:272,20,0,0
BRDA:272,20,1,0
BRDA:272,21,0,0
BRDA:272,21,1,0
BRF:42
BRH:0
end_of_record
TN:
SF:src\services\analyticsService.js
FN:9,(anonymous_0)
FN:27,(anonymous_1)
FN:35,(anonymous_2)
FN:50,(anonymous_3)
FN:52,(anonymous_4)
FN:55,(anonymous_5)
FN:61,(anonymous_6)
FN:105,(anonymous_7)
FN:136,(anonymous_8)
FN:168,(anonymous_9)
FN:221,(anonymous_10)
FN:258,(anonymous_11)
FN:296,(anonymous_12)
FN:305,(anonymous_13)
FN:335,(anonymous_14)
FNF:15
FNH:0
FNDA:0,(anonymous_0)
FNDA:0,(anonymous_1)
FNDA:0,(anonymous_2)
FNDA:0,(anonymous_3)
FNDA:0,(anonymous_4)
FNDA:0,(anonymous_5)
FNDA:0,(anonymous_6)
FNDA:0,(anonymous_7)
FNDA:0,(anonymous_8)
FNDA:0,(anonymous_9)
FNDA:0,(anonymous_10)
FNDA:0,(anonymous_11)
FNDA:0,(anonymous_12)
FNDA:0,(anonymous_13)
FNDA:0,(anonymous_14)
DA:7,1
DA:9,1
DA:10,0
DA:12,0
DA:13,0
DA:14,0
DA:15,0
DA:18,0
DA:19,0
DA:20,0
DA:21,0
DA:24,0
DA:27,1
DA:28,0
DA:29,0
DA:30,0
DA:32,0
DA:33,0
DA:35,0
DA:36,0
DA:37,0
DA:39,0
DA:50,1
DA:51,0
DA:52,0
DA:55,0
DA:61,1
DA:62,0
DA:64,0
DA:69,0
DA:75,0
DA:92,0
DA:94,0
DA:105,1
DA:106,0
DA:108,0
DA:133,0
DA:136,1
DA:137,0
DA:139,0
DA:163,0
DA:168,1
DA:176,0
DA:208,0
DA:221,1
DA:222,0
DA:247,0
DA:258,1
DA:259,0
DA:296,1
DA:297,0
DA:300,0
DA:305,0
DA:308,0
DA:332,0
DA:335,1
DA:336,0
LF:57
LH:12
BRDA:12,0,0,0
BRDA:12,0,1,0
BRDA:18,1,0,0
BRDA:18,1,1,0
BRDA:29,2,0,0
BRDA:29,2,1,0
BRDA:52,3,0,0
BRDA:52,3,1,0
BRDA:57,4,0,0
BRDA:57,4,1,0
BRDA:66,5,0,0
BRDA:66,5,1,0
BRDA:92,6,0,0
BRDA:92,6,1,0
BRDA:99,7,0,0
BRDA:99,7,1,0
BRDA:113,8,0,0
BRDA:113,8,1,0
BRDA:143,9,0,0
BRDA:143,9,1,0
BRDA:209,10,0,0
BRDA:209,10,1,0
BRDA:312,11,0,0
BRDA:312,11,1,0
BRF:24
BRH:0
end_of_record
TN:
SF:src\services\forecastService.js
FN:15,linearRegression
FN:19,(anonymous_1)
FN:20,(anonymous_2)
FN:21,(anonymous_3)
FN:22,(anonymous_4)
FN:29,(anonymous_5)
FN:30,(anonymous_6)
FN:39,stdDev
FN:41,(anonymous_8)
FN:42,(anonymous_9)
FN:50,computeConfidence
FN:60,startOfDay
FN:66,dayLabel
FN:70,weekLabel
FN:74,monthLabel
FN:90,fetchGroupedRevenue
FN:131,build7DayForecast
FN:140,(anonymous_17)
FN:153,(anonymous_18)
FN:159,(anonymous_19)
FN:163,(anonymous_20)
FN:169,(anonymous_21)
FN:174,(anonymous_22)
FN:179,(anonymous_23)
FN:204,build30DayForecast
FN:212,(anonymous_25)
FN:215,(anonymous_26)
FN:227,(anonymous_27)
FN:231,(anonymous_28)
FN:234,(anonymous_29)
FN:248,(anonymous_30)
FN:256,(anonymous_31)
FN:274,build3MonthForecast
FN:282,(anonymous_33)
FN:293,(anonymous_34)
FN:297,(anonymous_35)
FN:304,(anonymous_36)
FN:318,(anonymous_37)
FN:344,getCategoryForecast
FN:376,(anonymous_39)
FN:382,(anonymous_40)
FN:386,(anonymous_41)
FN:398,(anonymous_42)
FN:409,getInventoryRecommendations
FN:445,(anonymous_44)
FN:480,(anonymous_45)
FN:487,getSummaryMetrics
FN:506,(anonymous_47)
FN:507,(anonymous_48)
FN:520,(anonymous_49)
FN:523,(anonymous_50)
FN:545,getForecast
FNF:52
FNH:0
FNDA:0,linearRegression
FNDA:0,(anonymous_1)
FNDA:0,(anonymous_2)
FNDA:0,(anonymous_3)
FNDA:0,(anonymous_4)
FNDA:0,(anonymous_5)
FNDA:0,(anonymous_6)
FNDA:0,stdDev
FNDA:0,(anonymous_8)
FNDA:0,(anonymous_9)
FNDA:0,computeConfidence
FNDA:0,startOfDay
FNDA:0,dayLabel
FNDA:0,weekLabel
FNDA:0,monthLabel
FNDA:0,fetchGroupedRevenue
FNDA:0,build7DayForecast
FNDA:0,(anonymous_17)
FNDA:0,(anonymous_18)
FNDA:0,(anonymous_19)
FNDA:0,(anonymous_20)
FNDA:0,(anonymous_21)
FNDA:0,(anonymous_22)
FNDA:0,(anonymous_23)
FNDA:0,build30DayForecast
FNDA:0,(anonymous_25)
FNDA:0,(anonymous_26)
FNDA:0,(anonymous_27)
FNDA:0,(anonymous_28)
FNDA:0,(anonymous_29)
FNDA:0,(anonymous_30)
FNDA:0,(anonymous_31)
FNDA:0,build3MonthForecast
FNDA:0,(anonymous_33)
FNDA:0,(anonymous_34)
FNDA:0,(anonymous_35)
FNDA:0,(anonymous_36)
FNDA:0,(anonymous_37)
FNDA:0,getCategoryForecast
FNDA:0,(anonymous_39)
FNDA:0,(anonymous_40)
FNDA:0,(anonymous_41)
FNDA:0,(anonymous_42)
FNDA:0,getInventoryRecommendations
FNDA:0,(anonymous_44)
FNDA:0,(anonymous_45)
FNDA:0,getSummaryMetrics
FNDA:0,(anonymous_47)
FNDA:0,(anonymous_48)
FNDA:0,(anonymous_49)
FNDA:0,(anonymous_50)
FNDA:0,getForecast
DA:16,0
DA:17,0
DA:19,0
DA:20,0
DA:21,0
DA:22,0
DA:24,0
DA:25,0
DA:28,0
DA:29,0
DA:30,0
DA:31,0
DA:33,0
DA:40,0
DA:41,0
DA:42,0
DA:43,0
DA:51,0
DA:52,0
DA:53,0
DA:61,0
DA:62,0
DA:63,0
DA:67,0
DA:71,0
DA:75,0
DA:91,0
DA:95,0
DA:97,0
DA:99,0
DA:105,0
DA:119,0
DA:132,0
DA:133,0
DA:134,0
DA:136,0
DA:139,0
DA:140,0
DA:143,0
DA:144,0
DA:145,0
DA:146,0
DA:147,0
DA:148,0
DA:152,0
DA:153,0
DA:154,0
DA:155,0
DA:156,0
DA:159,0
DA:163,0
DA:164,0
DA:165,0
DA:168,0
DA:169,0
DA:170,0
DA:173,0
DA:174,0
DA:180,0
DA:181,0
DA:182,0
DA:183,0
DA:184,0
DA:194,0
DA:195,0
DA:196,0
DA:205,0
DA:206,0
DA:207,0
DA:209,0
DA:211,0
DA:212,0
DA:215,0
DA:222,0
DA:223,0
DA:224,0
DA:227,0
DA:228,0
DA:231,0
DA:232,0
DA:234,0
DA:235,0
DA:236,0
DA:237,0
DA:238,0
DA:247,0
DA:248,0
DA:256,0
DA:266,0
DA:275,0
DA:276,0
DA:277,0
DA:279,0
DA:280,0
DA:282,0
DA:288,0
DA:289,0
DA:292,0
DA:293,0
DA:294,0
DA:296,0
DA:297,0
DA:298,0
DA:299,0
DA:300,0
DA:303,0
DA:306,0
DA:309,0
DA:319,0
DA:320,0
DA:321,0
DA:322,0
DA:333,0
DA:345,0
DA:346,0
DA:348,0
DA:349,0
DA:351,0
DA:375,0
DA:376,0
DA:377,0
DA:378,0
DA:379,0
DA:382,0
DA:383,0
DA:384,0
DA:386,0
DA:387,0
DA:388,0
DA:391,0
DA:392,0
DA:393,0
DA:394,0
DA:398,0
DA:410,0
DA:411,0
DA:413,0
DA:414,0
DA:416,0
DA:444,0
DA:445,0
DA:446,0
DA:449,0
DA:452,0
DA:458,0
DA:459,0
DA:460,0
DA:461,0
DA:462,0
DA:463,0
DA:464,0
DA:465,0
DA:466,0
DA:468,0
DA:469,0
DA:472,0
DA:480,0
DA:488,0
DA:491,0
DA:493,0
DA:494,0
DA:496,0
DA:498,0
DA:506,0
DA:507,0
DA:509,0
DA:512,0
DA:515,0
DA:518,0
DA:519,0
DA:520,0
DA:521,0
DA:523,0
DA:528,0
DA:530,0
DA:546,0
DA:552,0
DA:553,0
LF:178
LH:0
BRDA:17,0,0,0
BRDA:17,0,1,0
BRDA:17,1,0,0
BRDA:17,1,1,0
BRDA:31,2,0,0
BRDA:31,2,1,0
BRDA:40,3,0,0
BRDA:40,3,1,0
BRDA:90,4,0,0
BRDA:95,5,0,0
BRDA:95,5,1,0
BRDA:164,6,0,0
BRDA:164,6,1,0
BRDA:176,7,0,0
BRDA:176,7,1,0
BRDA:228,8,0,0
BRDA:228,8,1,0
BRDA:230,9,0,0
BRDA:230,9,1,0
BRDA:296,10,0,0
BRDA:296,10,1,0
BRDA:298,11,0,0
BRDA:298,11,1,0
BRDA:306,12,0,0
BRDA:306,12,1,0
BRDA:344,13,0,0
BRDA:349,14,0,0
BRDA:349,14,1,0
BRDA:378,15,0,0
BRDA:378,15,1,0
BRDA:387,16,0,0
BRDA:387,16,1,0
BRDA:388,17,0,0
BRDA:388,17,1,0
BRDA:393,18,0,0
BRDA:393,18,1,0
BRDA:409,19,0,0
BRDA:414,20,0,0
BRDA:414,20,1,0
BRDA:449,21,0,0
BRDA:449,21,1,0
BRDA:458,22,0,0
BRDA:458,22,1,0
BRDA:461,23,0,0
BRDA:461,23,1,0
BRDA:464,24,0,0
BRDA:464,24,1,0
BRDA:487,25,0,0
BRDA:496,26,0,0
BRDA:496,26,1,0
BRDA:509,27,0,0
BRDA:509,27,1,0
BRDA:512,28,0,0
BRDA:512,28,1,0
BRDA:519,29,0,0
BRDA:519,29,1,0
BRDA:521,30,0,0
BRDA:521,30,1,0
BRDA:535,31,0,0
BRDA:535,31,1,0
BRDA:545,32,0,0
BRDA:545,33,0,0
BRDA:552,34,0,0
BRDA:552,34,1,0
BRF:64
BRH:0
end_of_record
TN:
SF:src\utils\adminRoles.js
FN:1,(anonymous_0)
FN:4,(anonymous_1)
FN:7,(anonymous_2)
FN:27,(anonymous_3)
FN:44,(anonymous_4)
FNF:5
FNH:3
FNDA:3,(anonymous_0)
FNDA:3,(anonymous_1)
FNDA:3,(anonymous_2)
FNDA:0,(anonymous_3)
FNDA:0,(anonymous_4)
DA:1,1
DA:2,3
DA:4,3
DA:7,1
DA:8,3
DA:9,0
DA:12,3
DA:13,3
DA:14,3
DA:16,3
DA:18,3
DA:20,3
DA:21,0
DA:22,0
DA:25,3
DA:26,0
DA:27,0
DA:30,0
DA:31,0
DA:38,0
DA:41,3
DA:44,1
DA:45,0
LF:23
LH:14
BRDA:2,0,0,3
BRDA:2,0,1,3
BRDA:8,1,0,0
BRDA:8,1,1,3
BRDA:16,2,0,3
BRDA:16,2,1,3
BRDA:20,3,0,0
BRDA:20,3,1,3
BRDA:20,4,0,3
BRDA:20,4,1,0
BRDA:21,5,0,0
BRDA:21,5,1,0
BRDA:25,6,0,0
BRDA:25,6,1,3
BRDA:25,7,0,3
BRDA:25,7,1,3
BRDA:26,8,0,0
BRDA:26,8,1,0
BRDA:30,9,0,0
BRDA:30,9,1,0
BRDA:31,10,0,0
BRDA:31,10,1,0
BRDA:33,11,0,0
BRDA:33,11,1,0
BRF:24
BRH:10
end_of_record
TN:
SF:src\utils\deleteFromS3.js
FN:4,(anonymous_0)
FNF:1
FNH:0
FNDA:0,(anonymous_0)
DA:4,1
DA:5,0
DA:7,0
DA:9,0
DA:13,0
DA:18,0
DA:21,0
LF:7
LH:1
BRF:0
BRH:0
end_of_record
TN:
SF:src\utils\generateToken.js
FN:3,(anonymous_0)
FNF:1
FNH:1
FNDA:1,(anonymous_0)
DA:3,1
DA:4,1
LF:2
LH:2
BRF:0
BRH:0
end_of_record
TN:
SF:src\utils\mailer.js
FN:3,(anonymous_0)
FN:5,(anonymous_1)
FNF:2
FNH:2
FNDA:2,(anonymous_0)
FNDA:1,(anonymous_1)
DA:3,2
DA:5,1
DA:6,1
LF:3
LH:3
BRF:0
BRH:0
end_of_record
TN:
SF:src\utils\paginate.js
FN:1,(anonymous_0)
FNF:1
FNH:0
FNDA:0,(anonymous_0)
DA:1,1
DA:2,0
DA:3,0
DA:5,0
DA:7,0
DA:9,0
LF:6
LH:1
BRDA:2,0,0,0
BRDA:2,0,1,0
BRDA:3,1,0,0
BRDA:3,1,1,0
BRF:4
BRH:0
end_of_record
TN:
SF:src\utils\s3.js
FNF:0
FNH:0
DA:3,1
DA:5,1
LF:2
LH:2
BRF:0
BRH:0
end_of_record
TN:
SF:src\utils\uploadToS3.js
FN:4,(anonymous_0)
FNF:1
FNH:0
FNDA:0,(anonymous_0)
DA:4,1
DA:5,0
DA:7,0
DA:14,0
DA:16,0
LF:5
LH:1
BRF:0
BRH:0
end_of_record
TN:
SF:tests\setup.js
FN:6,(anonymous_0)
FN:17,(anonymous_1)
FNF:2
FNH:2
FNDA:1,(anonymous_0)
FNDA:1,(anonymous_1)
DA:6,1
DA:7,1
DA:9,1
DA:13,1
DA:14,1
DA:17,1
DA:18,1
DA:19,1
DA:20,1
DA:23,1
DA:24,1
LF:11
LH:11
BRDA:7,0,0,0
BRDA:7,0,1,1
BRDA:18,1,0,1
BRDA:18,1,1,0
BRDA:23,2,0,1
BRDA:23,2,1,0
BRF:6
BRH:3
end_of_record
