TN:
SF:src\app.js
FN:11,(anonymous_0)
FNF:1
FNH:1
FNDA:22,(anonymous_0)
DA:5,3
DA:7,3
DA:9,3
DA:11,3
DA:12,22
DA:13,0
DA:15,22
DA:17,22
DA:20,3
LF:9
LH:8
BRDA:12,0,0,0
BRDA:12,0,1,22
BRF:2
BRH:1
end_of_record
TN:
SF:src\controllers\authController.js
FN:9,(anonymous_0)
FN:106,(anonymous_1)
FN:169,(anonymous_2)
FN:192,(anonymous_3)
FN:250,(anonymous_4)
FN:306,(anonymous_5)
FN:370,(anonymous_6)
FN:419,(anonymous_7)
FN:467,(anonymous_8)
FN:533,(anonymous_9)
FNF:10
FNH:5
FNDA:3,(anonymous_0)
FNDA:0,(anonymous_1)
FNDA:0,(anonymous_2)
FNDA:2,(anonymous_3)
FNDA:2,(anonymous_4)
FNDA:2,(anonymous_5)
FNDA:0,(anonymous_6)
FNDA:2,(anonymous_7)
FNDA:0,(anonymous_8)
FNDA:0,(anonymous_9)
DA:9,3
DA:10,3
DA:11,3
DA:12,3
DA:14,3
DA:15,3
DA:18,3
DA:19,0
DA:25,3
DA:26,1
DA:32,2
DA:33,2
DA:34,0
DA:40,2
DA:42,2
DA:43,1
DA:49,1
DA:50,1
DA:53,1
DA:63,1
DA:65,1
DA:66,1
DA:69,1
DA:71,1
DA:72,1
DA:74,1
DA:77,1
DA:92,1
DA:99,0
DA:100,0
DA:106,3
DA:107,0
DA:108,0
DA:109,0
DA:111,0
DA:112,0
DA:117,0
DA:119,0
DA:120,0
DA:126,0
DA:127,0
DA:128,0
DA:133,0
DA:134,0
DA:139,0
DA:141,0
DA:142,0
DA:147,0
DA:148,0
DA:154,0
DA:155,0
DA:160,0
DA:161,0
DA:166,0
DA:168,0
DA:169,0
DA:173,0
DA:175,0
DA:176,0
DA:178,0
DA:180,0
DA:184,0
DA:186,0
DA:192,3
DA:193,2
DA:194,2
DA:196,2
DA:197,1
DA:202,1
DA:204,1
DA:206,1
DA:207,0
DA:213,1
DA:214,0
DA:219,1
DA:221,1
DA:222,0
DA:228,1
DA:229,1
DA:231,1
DA:233,1
DA:235,1
DA:237,1
DA:243,0
DA:244,0
DA:250,3
DA:251,2
DA:252,2
DA:255,2
DA:256,0
DA:262,2
DA:263,2
DA:265,2
DA:266,1
DA:271,1
DA:272,0
DA:278,1
DA:280,1
DA:281,0
DA:286,1
DA:287,0
DA:291,1
DA:294,1
DA:300,0
DA:306,3
DA:307,2
DA:308,2
DA:309,2
DA:312,2
DA:313,0
DA:317,2
DA:318,0
DA:322,2
DA:323,2
DA:324,1
DA:329,1
DA:330,1
DA:333,1
DA:334,1
DA:336,1
DA:337,1
DA:339,1
DA:342,1
DA:357,1
DA:362,0
DA:364,0
DA:370,3
DA:371,0
DA:372,0
DA:374,0
DA:375,0
DA:380,0
DA:382,0
DA:384,0
DA:385,0
DA:390,0
DA:391,0
DA:396,0
DA:397,0
DA:398,0
DA:403,0
DA:404,0
DA:406,0
DA:408,0
DA:413,0
DA:419,3
DA:420,2
DA:421,2
DA:423,2
DA:424,0
DA:429,2
DA:430,2
DA:431,0
DA:436,2
DA:437,1
DA:442,1
DA:443,1
DA:444,0
DA:449,1
DA:450,1
DA:452,1
DA:454,1
DA:456,1
DA:461,0
DA:467,3
DA:468,0
DA:469,0
DA:471,0
DA:472,0
DA:477,0
DA:479,0
DA:481,0
DA:482,0
DA:488,0
DA:489,0
DA:495,0
DA:497,0
DA:499,0
DA:500,0
DA:502,0
DA:505,0
DA:507,0
DA:521,0
DA:526,0
DA:527,0
DA:533,3
DA:534,0
DA:535,0
DA:538,0
DA:539,0
DA:544,0
DA:545,0
DA:547,0
DA:548,0
DA:554,0
DA:556,0
DA:557,0
DA:563,0
DA:564,0
DA:570,0
DA:572,0
DA:573,0
DA:579,0
DA:582,0
DA:583,0
DA:585,0
DA:586,0
DA:588,0
DA:591,0
DA:593,0
DA:606,0
DA:612,0
DA:613,0
LF:213
LH:94
BRDA:18,0,0,0
BRDA:18,0,1,3
BRDA:18,1,0,3
BRDA:18,1,1,3
BRDA:25,2,0,1
BRDA:25,2,1,2
BRDA:25,3,0,3
BRDA:25,3,1,3
BRDA:25,3,2,2
BRDA:33,4,0,0
BRDA:33,4,1,2
BRDA:33,5,0,2
BRDA:33,5,1,2
BRDA:33,5,2,2
BRDA:42,6,0,1
BRDA:42,6,1,1
BRDA:111,7,0,0
BRDA:111,7,1,0
BRDA:119,8,0,0
BRDA:119,8,1,0
BRDA:119,9,0,0
BRDA:119,9,1,0
BRDA:127,10,0,0
BRDA:127,10,1,0
BRDA:133,11,0,0
BRDA:133,11,1,0
BRDA:141,12,0,0
BRDA:141,12,1,0
BRDA:147,13,0,0
BRDA:147,13,1,0
BRDA:154,14,0,0
BRDA:154,14,1,0
BRDA:160,15,0,0
BRDA:160,15,1,0
BRDA:168,16,0,0
BRDA:168,16,1,0
BRDA:196,17,0,1
BRDA:196,17,1,1
BRDA:196,18,0,2
BRDA:196,18,1,2
BRDA:206,19,0,0
BRDA:206,19,1,1
BRDA:206,20,0,1
BRDA:206,20,1,1
BRDA:206,20,2,1
BRDA:213,21,0,0
BRDA:213,21,1,1
BRDA:221,22,0,0
BRDA:221,22,1,1
BRDA:255,23,0,0
BRDA:255,23,1,2
BRDA:255,24,0,2
BRDA:255,24,1,2
BRDA:265,25,0,1
BRDA:265,25,1,1
BRDA:271,26,0,0
BRDA:271,26,1,1
BRDA:280,27,0,0
BRDA:280,27,1,1
BRDA:286,28,0,0
BRDA:286,28,1,1
BRDA:312,29,0,0
BRDA:312,29,1,2
BRDA:317,30,0,0
BRDA:317,30,1,2
BRDA:317,31,0,2
BRDA:317,31,1,2
BRDA:323,32,0,1
BRDA:323,32,1,1
BRDA:374,33,0,0
BRDA:374,33,1,0
BRDA:374,34,0,0
BRDA:374,34,1,0
BRDA:384,35,0,0
BRDA:384,35,1,0
BRDA:384,36,0,0
BRDA:384,36,1,0
BRDA:384,36,2,0
BRDA:390,37,0,0
BRDA:390,37,1,0
BRDA:397,38,0,0
BRDA:397,38,1,0
BRDA:423,39,0,0
BRDA:423,39,1,2
BRDA:423,40,0,2
BRDA:423,40,1,2
BRDA:430,41,0,0
BRDA:430,41,1,2
BRDA:430,42,0,2
BRDA:430,42,1,2
BRDA:430,42,2,2
BRDA:436,43,0,1
BRDA:436,43,1,1
BRDA:443,44,0,0
BRDA:443,44,1,1
BRDA:471,45,0,0
BRDA:471,45,1,0
BRDA:481,46,0,0
BRDA:481,46,1,0
BRDA:488,47,0,0
BRDA:488,47,1,0
BRDA:538,48,0,0
BRDA:538,48,1,0
BRDA:538,49,0,0
BRDA:538,49,1,0
BRDA:547,50,0,0
BRDA:547,50,1,0
BRDA:556,51,0,0
BRDA:556,51,1,0
BRDA:563,52,0,0
BRDA:563,52,1,0
BRDA:572,53,0,0
BRDA:572,53,1,0
BRF:113
BRH:48
end_of_record
TN:
SF:src\controllers\userController.js
FN:6,(anonymous_0)
FN:61,(anonymous_1)
FN:85,(anonymous_2)
FN:111,(anonymous_3)
FN:134,(anonymous_4)
FN:159,(anonymous_5)
FN:178,(anonymous_6)
FN:206,(anonymous_7)
FN:234,(anonymous_8)
FN:282,(anonymous_9)
FN:327,(anonymous_10)
FN:356,(anonymous_11)
FN:364,(anonymous_12)
FNF:13
FNH:9
FNDA:2,(anonymous_0)
FNDA:1,(anonymous_1)
FNDA:1,(anonymous_2)
FNDA:0,(anonymous_3)
FNDA:1,(anonymous_4)
FNDA:0,(anonymous_5)
FNDA:0,(anonymous_6)
FNDA:2,(anonymous_7)
FNDA:3,(anonymous_8)
FNDA:1,(anonymous_9)
FNDA:0,(anonymous_10)
FNDA:1,(anonymous_11)
FNDA:2,(anonymous_12)
DA:6,3
DA:7,2
DA:8,2
DA:11,2
DA:12,0
DA:18,2
DA:19,2
DA:20,1
DA:25,1
DA:27,1
DA:28,0
DA:33,1
DA:34,0
DA:38,1
DA:39,1
DA:43,1
DA:45,1
DA:47,1
DA:54,0
DA:61,3
DA:62,1
DA:63,1
DA:64,0
DA:69,1
DA:72,1
DA:73,0
DA:77,1
DA:79,0
DA:85,3
DA:86,1
DA:88,1
DA:90,1
DA:91,0
DA:99,1
DA:101,1
DA:102,1
DA:105,1
DA:106,1
DA:108,1
DA:110,0
DA:111,0
DA:115,0
DA:116,0
DA:119,1
DA:121,1
DA:127,0
DA:128,0
DA:134,3
DA:135,1
DA:137,1
DA:139,1
DA:140,0
DA:150,1
DA:152,1
DA:153,1
DA:154,1
DA:155,1
DA:157,1
DA:158,0
DA:159,0
DA:161,0
DA:162,0
DA:165,1
DA:167,1
DA:173,0
DA:174,0
DA:178,3
DA:179,0
DA:180,0
DA:182,0
DA:183,0
DA:189,0
DA:190,0
DA:191,0
DA:192,0
DA:194,0
DA:196,0
DA:199,0
DA:200,0
DA:206,3
DA:207,2
DA:208,2
DA:210,2
DA:211,1
DA:216,1
DA:218,1
DA:219,0
DA:222,1
DA:223,1
DA:225,1
DA:227,1
DA:229,0
DA:230,0
DA:234,3
DA:235,3
DA:236,3
DA:237,3
DA:240,3
DA:241,3
DA:242,1
DA:248,2
DA:249,0
DA:253,2
DA:254,0
DA:260,2
DA:261,0
DA:268,2
DA:269,2
DA:271,2
DA:277,0
DA:278,0
DA:282,3
DA:283,1
DA:284,1
DA:286,1
DA:287,0
DA:292,1
DA:293,1
DA:294,1
DA:296,1
DA:297,1
DA:298,1
DA:300,1
DA:301,1
DA:302,1
DA:303,1
DA:304,1
DA:306,1
DA:308,1
DA:309,1
DA:310,1
DA:312,1
DA:314,1
DA:319,0
DA:320,0
DA:327,3
DA:328,0
DA:329,0
DA:331,0
DA:332,0
DA:337,0
DA:338,0
DA:343,0
DA:345,0
DA:347,0
DA:350,0
DA:351,0
DA:356,3
DA:357,1
DA:358,1
DA:359,1
DA:361,0
DA:364,3
DA:365,2
DA:366,2
DA:367,2
DA:369,1
DA:372,1
DA:374,1
DA:376,0
LF:160
LH:103
BRDA:11,0,0,0
BRDA:11,0,1,2
BRDA:19,1,0,1
BRDA:19,1,1,1
BRDA:27,2,0,0
BRDA:27,2,1,1
BRDA:33,3,0,0
BRDA:33,3,1,1
BRDA:38,4,0,1
BRDA:38,4,1,0
BRDA:63,5,0,0
BRDA:63,5,1,1
BRDA:72,6,0,0
BRDA:72,6,1,1
BRDA:90,7,0,0
BRDA:90,7,1,1
BRDA:101,8,0,1
BRDA:101,8,1,0
BRDA:105,9,0,1
BRDA:105,9,1,0
BRDA:108,10,0,0
BRDA:108,10,1,1
BRDA:110,11,0,0
BRDA:110,11,1,0
BRDA:139,12,0,0
BRDA:139,12,1,1
BRDA:152,13,0,1
BRDA:152,13,1,0
BRDA:153,14,0,0
BRDA:153,14,1,1
BRDA:154,15,0,0
BRDA:154,15,1,1
BRDA:155,16,0,0
BRDA:155,16,1,1
BRDA:157,17,0,0
BRDA:157,17,1,1
BRDA:158,18,0,0
BRDA:158,18,1,0
BRDA:182,19,0,0
BRDA:182,19,1,0
BRDA:189,20,0,0
BRDA:189,20,1,0
BRDA:190,21,0,0
BRDA:190,21,1,0
BRDA:191,22,0,0
BRDA:191,22,1,0
BRDA:192,23,0,0
BRDA:192,23,1,0
BRDA:210,24,0,1
BRDA:210,24,1,1
BRDA:210,25,0,2
BRDA:210,25,1,2
BRDA:210,25,2,1
BRDA:218,26,0,0
BRDA:218,26,1,1
BRDA:241,27,0,1
BRDA:241,27,1,2
BRDA:248,28,0,0
BRDA:248,28,1,2
BRDA:253,29,0,0
BRDA:253,29,1,2
BRDA:260,30,0,0
BRDA:260,30,1,2
BRDA:286,31,0,0
BRDA:286,31,1,1
BRDA:331,32,0,0
BRDA:331,32,1,0
BRDA:337,33,0,0
BRDA:337,33,1,0
BRDA:367,34,0,1
BRDA:367,34,1,1
BRDA:372,35,0,0
BRDA:372,35,1,1
BRF:73
BRH:33
end_of_record
TN:
SF:src\middleware\authMiddleware.js
FN:5,(anonymous_0)
FNF:1
FNH:0
FNDA:0,(anonymous_0)
DA:5,1
DA:6,0
DA:9,0
DA:10,0
DA:14,0
DA:15,0
DA:21,0
DA:24,0
DA:26,0
DA:27,0
DA:32,0
DA:33,0
DA:36,0
DA:38,0
LF:14
LH:1
BRDA:9,0,0,0
BRDA:9,0,1,0
BRDA:9,1,0,0
BRDA:9,1,1,0
BRDA:14,2,0,0
BRDA:14,2,1,0
BRDA:26,3,0,0
BRDA:26,3,1,0
BRDA:32,4,0,0
BRDA:32,4,1,0
BRF:10
BRH:0
end_of_record
TN:
SF:src\middleware\sellerMiddleware.js
FN:1,(anonymous_0)
FNF:1
FNH:0
FNDA:0,(anonymous_0)
DA:1,1
DA:2,0
DA:6,0
DA:10,0
LF:4
LH:1
BRDA:2,0,0,0
BRDA:2,0,1,0
BRDA:3,1,0,0
BRDA:3,1,1,0
BRF:4
BRH:0
end_of_record
TN:
SF:src\middleware\uploadMiddleware.js
FN:4,(anonymous_0)
FNF:1
FNH:1
FNDA:1,(anonymous_0)
DA:4,3
DA:5,1
DA:7,1
DA:8,1
DA:10,0
DA:15,3
LF:6
LH:5
BRDA:7,0,0,1
BRDA:7,0,1,0
BRF:2
BRH:1
end_of_record
TN:
SF:src\models\User.js
FNF:0
FNH:0
DA:4,1
DA:163,1
LF:2
LH:2
BRF:0
BRH:0
end_of_record
TN:
SF:src\routes\authRoutes.js
FNF:0
FNH:0
DA:6,3
DA:8,3
DA:9,3
DA:10,3
DA:11,3
DA:12,3
DA:13,3
DA:14,3
DA:15,3
DA:16,3
LF:10
LH:10
BRF:0
BRH:0
end_of_record
TN:
SF:src\routes\userRoutes.js
FN:25,(anonymous_0)
FN:26,(anonymous_1)
FNF:2
FNH:2
FNDA:2,(anonymous_0)
FNDA:2,(anonymous_1)
DA:10,3
DA:12,3
DA:15,3
DA:16,3
DA:17,3
DA:18,3
DA:19,3
DA:20,3
DA:22,3
DA:23,3
DA:25,3
DA:26,2
DA:28,2
DA:29,0
DA:34,2
DA:35,2
DA:37,2
DA:38,0
DA:41,2
DA:42,1
DA:45,1
DA:46,1
DA:48,1
DA:51,0
DA:52,0
LF:25
LH:21
BRDA:28,0,0,0
BRDA:28,0,1,2
BRDA:37,1,0,0
BRDA:37,1,1,2
BRDA:41,2,0,1
BRDA:41,2,1,1
BRF:6
BRH:4
end_of_record
TN:
SF:src\utils\adminRoles.js
FN:1,(anonymous_0)
FN:4,(anonymous_1)
FN:7,(anonymous_2)
FN:27,(anonymous_3)
FN:44,(anonymous_4)
FNF:5
FNH:3
FNDA:2,(anonymous_0)
FNDA:4,(anonymous_1)
FNDA:2,(anonymous_2)
FNDA:0,(anonymous_3)
FNDA:0,(anonymous_4)
DA:1,3
DA:2,2
DA:4,4
DA:7,3
DA:8,2
DA:9,0
DA:12,2
DA:13,2
DA:14,2
DA:16,2
DA:18,2
DA:20,2
DA:21,0
DA:22,0
DA:25,2
DA:26,0
DA:27,0
DA:30,0
DA:31,0
DA:38,0
DA:41,2
DA:44,3
DA:45,0
LF:23
LH:14
BRDA:2,0,0,2
BRDA:2,0,1,0
BRDA:8,1,0,0
BRDA:8,1,1,2
BRDA:16,2,0,2
BRDA:16,2,1,0
BRDA:20,3,0,0
BRDA:20,3,1,2
BRDA:20,4,0,2
BRDA:20,4,1,0
BRDA:21,5,0,0
BRDA:21,5,1,0
BRDA:25,6,0,0
BRDA:25,6,1,2
BRDA:25,7,0,2
BRDA:25,7,1,2
BRDA:26,8,0,0
BRDA:26,8,1,0
BRDA:30,9,0,0
BRDA:30,9,1,0
BRDA:31,10,0,0
BRDA:31,10,1,0
BRDA:33,11,0,0
BRDA:33,11,1,0
BRF:24
BRH:8
end_of_record
TN:
SF:src\utils\deleteFromS3.js
FN:4,(anonymous_0)
FNF:1
FNH:0
FNDA:0,(anonymous_0)
DA:4,2
DA:5,0
DA:7,0
DA:9,0
DA:13,0
DA:18,0
DA:21,0
LF:7
LH:1
BRF:0
BRH:0
end_of_record
TN:
SF:src\utils\generateToken.js
FN:3,(anonymous_0)
FNF:1
FNH:0
FNDA:0,(anonymous_0)
DA:3,2
DA:4,0
LF:2
LH:1
BRF:0
BRH:0
end_of_record
TN:
SF:src\utils\mailer.js
FN:3,(anonymous_0)
FN:5,(anonymous_1)
FNF:2
FNH:0
FNDA:0,(anonymous_0)
FNDA:0,(anonymous_1)
DA:3,2
DA:5,2
DA:6,0
LF:3
LH:2
BRF:0
BRH:0
end_of_record
TN:
SF:src\utils\s3.js
FNF:0
FNH:0
DA:3,2
DA:5,2
LF:2
LH:2
BRF:0
BRH:0
end_of_record
TN:
SF:src\utils\uploadToS3.js
FN:4,(anonymous_0)
FNF:1
FNH:0
FNDA:0,(anonymous_0)
DA:4,1
DA:5,0
DA:7,0
DA:14,0
DA:16,0
LF:5
LH:1
BRF:0
BRH:0
end_of_record
